[2019/01/21 14:37:09.347] - Starting server (version 1.2.3) with initial configuration: {"hostname":"127.0.0.1","port":7545,"network_id":5777,"default_balance_ether":100,"total_accounts":10,"unlocked_accounts":[],"locked":false,"vmErrorsOnRPCResponse":true,"verbose":false,"gasLimit":6721975,"gasPrice":20000000000,"logDirectory":"C:\\Users\\caner\\OneDrive\\Belgeler\\GitHub\\EV-Charging-with-Smart-Contract"}
[2019/01/21 14:37:09.490] - eth_getBlockByNumber
[2019/01/21 14:37:09.492] - eth_subscribe
[2019/01/21 14:37:09.497] - eth_accounts
[2019/01/21 14:37:09.499] - eth_gasPrice
[2019/01/21 14:37:09.513] - eth_getBalance
[2019/01/21 14:37:09.514] - eth_getTransactionCount
[2019/01/21 14:37:09.515] - eth_getBalance
[2019/01/21 14:37:09.518] - eth_getTransactionCount
[2019/01/21 14:37:09.519] - eth_getBalance
[2019/01/21 14:37:09.522] - eth_getTransactionCount
[2019/01/21 14:37:09.523] - eth_getBalance
[2019/01/21 14:37:09.524] - eth_getTransactionCount
[2019/01/21 14:37:09.526] - eth_getBalance
[2019/01/21 14:37:09.527] - eth_getTransactionCount
[2019/01/21 14:37:09.529] - eth_getBalance
[2019/01/21 14:37:09.530] - eth_getTransactionCount
[2019/01/21 14:37:09.532] - eth_getBalance
[2019/01/21 14:37:09.533] - eth_getTransactionCount
[2019/01/21 14:37:09.534] - eth_getBalance
[2019/01/21 14:37:09.536] - eth_getTransactionCount
[2019/01/21 14:37:09.537] - eth_getBalance
[2019/01/21 14:37:09.539] - eth_getTransactionCount
[2019/01/21 14:37:09.541] - eth_getBalance
[2019/01/21 14:37:09.542] - eth_getTransactionCount
[2019/01/21 14:37:20.308] - net_listening
[2019/01/21 14:37:20.318] - eth_getBlockByNumber
[2019/01/21 14:37:20.322] - net_version
[2019/01/21 14:37:20.326] - eth_accounts
[2019/01/21 14:37:20.330] - net_version
[2019/01/21 14:37:21.263] - net_version
[2019/01/21 14:37:21.264] - eth_accounts
[2019/01/21 14:37:21.994] - net_version
[2019/01/21 14:37:22.005] - eth_accounts
[2019/01/21 14:37:22.007] - eth_estimateGas
[2019/01/21 14:37:22.142] - net_version
[2019/01/21 14:37:22.150] - eth_sendTransaction
[2019/01/21 14:37:22.272] - 
[2019/01/21 14:37:22.273] -   Transaction: 0xb63a8082eb7ba8d4c58600ac55da64afd2fd40387fa1c0d33caee89cc74c3b01
[2019/01/21 14:37:22.274] -   Contract created: 0xdbfe19980db15e43bf40e3a6581d6f3b7b39d488
[2019/01/21 14:37:22.275] -   Gas usage: 1002003
[2019/01/21 14:37:22.276] -   Block Number: 1
[2019/01/21 14:37:22.277] -   Block Time: Mon Jan 21 2019 14:37:22 GMT+0300 (T端rkiye Standart Saati)
[2019/01/21 14:37:22.278] - 
[2019/01/21 14:37:22.280] - net_version
[2019/01/21 14:37:22.281] - eth_getTransactionReceipt
[2019/01/21 14:37:22.282] - eth_getBalance
[2019/01/21 14:37:22.283] - eth_getTransactionCount
[2019/01/21 14:37:22.284] - eth_getBalance
[2019/01/21 14:37:22.288] - eth_getTransactionCount
[2019/01/21 14:37:22.292] - eth_getBalance
[2019/01/21 14:37:22.293] - eth_getTransactionCount
[2019/01/21 14:37:22.296] - eth_getBalance
[2019/01/21 14:37:22.297] - eth_getTransactionByHash
[2019/01/21 14:37:22.299] - eth_getTransactionCount
[2019/01/21 14:37:22.301] - eth_getBalance
[2019/01/21 14:37:22.302] - eth_getTransactionCount
[2019/01/21 14:37:22.304] - eth_getBalance
[2019/01/21 14:37:22.306] - eth_getTransactionCount
[2019/01/21 14:37:22.308] - eth_getBalance
[2019/01/21 14:37:22.309] - eth_getTransactionCount
[2019/01/21 14:37:22.312] - eth_getBalance
[2019/01/21 14:37:22.314] - eth_getTransactionCount
[2019/01/21 14:37:22.315] - eth_getBalance
[2019/01/21 14:37:22.319] - eth_getTransactionCount
[2019/01/21 14:37:22.320] - eth_getBalance
[2019/01/21 14:37:22.323] - eth_getTransactionCount
[2019/01/21 14:37:22.327] - eth_getTransactionByHash
[2019/01/21 14:37:22.331] - eth_getBalance
[2019/01/21 14:37:22.333] - eth_getBalance
[2019/01/21 14:37:22.334] - eth_getBalance
[2019/01/21 14:37:22.336] - eth_getBalance
[2019/01/21 14:37:22.370] - eth_getBalance
[2019/01/21 14:37:22.371] - eth_getBalance
[2019/01/21 14:37:22.380] - eth_getBalance
[2019/01/21 14:37:22.383] - eth_getBalance
[2019/01/21 14:37:22.385] - eth_getBalance
[2019/01/21 14:37:22.392] - eth_getBalance
[2019/01/21 14:37:22.396] - eth_getTransactionReceipt
[2019/01/21 14:37:22.959] - eth_getBlockByNumber
[2019/01/21 14:37:23.044] - net_version
[2019/01/21 14:37:23.046] - eth_accounts
[2019/01/21 14:37:23.048] - eth_getBalance
[2019/01/21 14:37:23.050] - eth_getBalance
[2019/01/21 14:37:23.052] - eth_getBalance
[2019/01/21 14:37:23.053] - eth_getBalance
[2019/01/21 14:37:23.054] - eth_getBalance
[2019/01/21 14:37:23.059] - eth_getBalance
[2019/01/21 14:37:23.061] - eth_getBalance
[2019/01/21 14:37:23.066] - eth_getBalance
[2019/01/21 14:37:23.068] - eth_getBalance
[2019/01/21 14:37:23.072] - eth_getBalance
[2019/01/21 14:37:28.449] - net_version
[2019/01/21 14:37:28.451] - eth_accounts
[2019/01/21 14:37:33.144] - net_version
[2019/01/21 14:37:33.146] - eth_accounts
[2019/01/21 14:37:33.148] - eth_getBalance
[2019/01/21 14:37:33.151] - eth_getBalance
[2019/01/21 14:37:33.154] - eth_getBalance
[2019/01/21 14:37:33.156] - eth_getBalance
[2019/01/21 14:37:33.163] - eth_getBalance
[2019/01/21 14:37:33.165] - eth_getBalance
[2019/01/21 14:37:33.168] - eth_getBalance
[2019/01/21 14:37:33.173] - eth_getBalance
[2019/01/21 14:37:33.175] - eth_getBalance
[2019/01/21 14:37:33.182] - eth_getBalance
[2019/01/21 14:37:38.146] - eth_getBlockByNumber
[2019/01/21 14:37:38.150] - net_version
[2019/01/21 14:37:38.152] - eth_accounts
[2019/01/21 14:37:43.143] - net_version
[2019/01/21 14:37:43.145] - eth_accounts
[2019/01/21 14:37:43.147] - eth_getBalance
[2019/01/21 14:37:43.149] - eth_getBalance
[2019/01/21 14:37:43.151] - eth_getBalance
[2019/01/21 14:37:43.152] - eth_getBalance
[2019/01/21 14:37:43.154] - eth_getBalance
[2019/01/21 14:37:43.161] - eth_getBalance
[2019/01/21 14:37:43.162] - eth_getBalance
[2019/01/21 14:37:43.166] - eth_getBalance
[2019/01/21 14:37:43.168] - eth_getBalance
[2019/01/21 14:37:43.174] - eth_getBalance
[2019/01/21 14:37:48.144] - net_version
[2019/01/21 14:37:48.146] - eth_accounts
[2019/01/21 14:37:53.141] - eth_getBlockByNumber
[2019/01/21 14:37:53.143] - net_version
[2019/01/21 14:37:53.148] - eth_accounts
[2019/01/21 14:37:53.149] - eth_getBalance
[2019/01/21 14:37:53.153] - eth_getBalance
[2019/01/21 14:37:53.155] - eth_getBalance
[2019/01/21 14:37:53.161] - eth_getBalance
[2019/01/21 14:37:53.163] - eth_getBalance
[2019/01/21 14:37:53.168] - eth_getBalance
[2019/01/21 14:37:53.169] - eth_getBalance
[2019/01/21 14:37:53.173] - eth_getBalance
[2019/01/21 14:37:53.179] - eth_getBalance
[2019/01/21 14:37:53.181] - eth_getBalance
[2019/01/21 14:37:58.145] - net_version
[2019/01/21 14:37:58.147] - eth_accounts
[2019/01/21 14:38:03.142] - net_version
[2019/01/21 14:38:03.145] - eth_accounts
[2019/01/21 14:38:03.147] - eth_getBalance
[2019/01/21 14:38:03.149] - eth_getBalance
[2019/01/21 14:38:03.151] - eth_getBalance
[2019/01/21 14:38:03.152] - eth_getBalance
[2019/01/21 14:38:03.154] - eth_getBalance
[2019/01/21 14:38:03.158] - eth_getBalance
[2019/01/21 14:38:03.159] - eth_getBalance
[2019/01/21 14:38:03.166] - eth_getBalance
[2019/01/21 14:38:03.168] - eth_getBalance
[2019/01/21 14:38:03.171] - eth_getBalance
[2019/01/21 14:38:08.146] - eth_getBlockByNumber
[2019/01/21 14:38:08.148] - net_version
[2019/01/21 14:38:08.151] - eth_accounts
[2019/01/21 14:38:13.143] - net_version
[2019/01/21 14:38:13.146] - eth_accounts
[2019/01/21 14:38:13.149] - eth_getBalance
[2019/01/21 14:38:13.151] - eth_getBalance
[2019/01/21 14:38:13.155] - eth_getBalance
[2019/01/21 14:38:13.156] - eth_getBalance
[2019/01/21 14:38:13.164] - eth_getBalance
[2019/01/21 14:38:13.167] - eth_getBalance
[2019/01/21 14:38:13.168] - eth_getBalance
[2019/01/21 14:38:13.171] - eth_getBalance
[2019/01/21 14:38:13.176] - eth_getBalance
[2019/01/21 14:38:13.179] - eth_getBalance
[2019/01/21 14:38:18.146] - net_version
[2019/01/21 14:38:18.148] - eth_accounts
[2019/01/21 14:38:23.143] - eth_getBlockByNumber
[2019/01/21 14:38:23.144] - net_version
[2019/01/21 14:38:23.149] - eth_accounts
[2019/01/21 14:38:23.152] - eth_getBalance
[2019/01/21 14:38:23.155] - eth_getBalance
[2019/01/21 14:38:23.158] - eth_getBalance
[2019/01/21 14:38:23.161] - eth_getBalance
[2019/01/21 14:38:23.164] - eth_getBalance
[2019/01/21 14:38:23.171] - eth_getBalance
[2019/01/21 14:38:23.173] - eth_getBalance
[2019/01/21 14:38:23.177] - eth_getBalance
[2019/01/21 14:38:23.187] - eth_getBalance
[2019/01/21 14:38:23.188] - eth_getBalance
[2019/01/21 14:38:28.048] - net_version
[2019/01/21 14:38:28.050] - eth_accounts
[2019/01/21 14:38:33.327] - net_version
[2019/01/21 14:38:33.332] - eth_accounts
[2019/01/21 14:38:33.336] - eth_getBalance
[2019/01/21 14:38:33.342] - eth_getBalance
[2019/01/21 14:38:33.347] - eth_getBalance
[2019/01/21 14:38:33.352] - eth_getBalance
[2019/01/21 14:38:33.355] - eth_getBalance
[2019/01/21 14:38:33.360] - eth_getBalance
[2019/01/21 14:38:33.365] - eth_getBalance
[2019/01/21 14:38:33.369] - eth_getBalance
[2019/01/21 14:38:33.375] - eth_getBalance
[2019/01/21 14:38:33.380] - eth_getBalance
[2019/01/21 14:38:35.210] - net_version
[2019/01/21 14:38:35.218] - eth_accounts
[2019/01/21 14:38:35.219] - eth_estimateGas
[2019/01/21 14:38:35.434] - net_version
[2019/01/21 14:38:35.441] - eth_sendTransaction
[2019/01/21 14:38:35.588] - 
[2019/01/21 14:38:35.589] -   Transaction: 0xc986ba2403473b68d783585b84c6a050e7322ab95949c2c20a1f68f2048617ab
[2019/01/21 14:38:35.590] -   Contract created: 0x4458f27b82de528687ed76783c7d4c5cce4db5ac
[2019/01/21 14:38:35.591] -   Gas usage: 1472661
[2019/01/21 14:38:35.592] -   Block Number: 2
[2019/01/21 14:38:35.593] -   Block Time: Mon Jan 21 2019 14:38:35 GMT+0300 (T端rkiye Standart Saati)
[2019/01/21 14:38:35.594] - 
[2019/01/21 14:38:35.595] - net_version
[2019/01/21 14:38:35.596] - eth_getTransactionReceipt
[2019/01/21 14:38:35.597] - eth_getBalance
[2019/01/21 14:38:35.598] - eth_getTransactionCount
[2019/01/21 14:38:35.600] - eth_getBalance
[2019/01/21 14:38:35.601] - eth_getTransactionCount
[2019/01/21 14:38:35.602] - eth_getBalance
[2019/01/21 14:38:35.605] - eth_getTransactionCount
[2019/01/21 14:38:35.606] - eth_getBalance
[2019/01/21 14:38:35.608] - eth_getTransactionCount
[2019/01/21 14:38:35.609] - eth_getBalance
[2019/01/21 14:38:35.611] - eth_getTransactionCount
[2019/01/21 14:38:35.612] - eth_getBalance
[2019/01/21 14:38:35.613] - eth_getTransactionCount
[2019/01/21 14:38:35.614] - eth_getBalance
[2019/01/21 14:38:35.615] - eth_getTransactionCount
[2019/01/21 14:38:35.619] - eth_getBalance
[2019/01/21 14:38:35.621] - eth_getTransactionByHash
[2019/01/21 14:38:35.623] - eth_getTransactionCount
[2019/01/21 14:38:35.624] - eth_getBalance
[2019/01/21 14:38:35.626] - eth_getTransactionCount
[2019/01/21 14:38:35.627] - eth_getBalance
[2019/01/21 14:38:35.628] - eth_getTransactionCount
[2019/01/21 14:38:35.728] - eth_getTransactionByHash
[2019/01/21 14:38:35.730] - eth_getBalance
[2019/01/21 14:38:35.732] - eth_getBalance
[2019/01/21 14:38:35.733] - eth_getBalance
[2019/01/21 14:38:35.734] - eth_getBalance
[2019/01/21 14:38:35.735] - eth_getBalance
[2019/01/21 14:38:35.761] - eth_getBalance
[2019/01/21 14:38:35.763] - eth_getBalance
[2019/01/21 14:38:35.767] - eth_getBalance
[2019/01/21 14:38:35.769] - eth_getBalance
[2019/01/21 14:38:35.771] - eth_getBalance
[2019/01/21 14:38:35.775] - eth_getTransactionReceipt
[2019/01/21 14:38:37.960] - eth_getBlockByNumber
[2019/01/21 14:38:38.044] - net_version
[2019/01/21 14:38:38.045] - eth_accounts
[2019/01/21 14:38:43.055] - net_version
[2019/01/21 14:38:43.057] - eth_accounts
[2019/01/21 14:38:43.061] - eth_getBalance
[2019/01/21 14:38:43.063] - eth_getBalance
[2019/01/21 14:38:43.069] - eth_getBalance
[2019/01/21 14:38:43.071] - eth_getBalance
[2019/01/21 14:38:43.075] - eth_getBalance
[2019/01/21 14:38:43.078] - eth_getBalance
[2019/01/21 14:38:43.080] - eth_getBalance
[2019/01/21 14:38:43.086] - eth_getBalance
[2019/01/21 14:38:43.087] - eth_getBalance
[2019/01/21 14:38:43.094] - eth_getBalance
[2019/01/21 14:38:48.044] - net_version
[2019/01/21 14:38:48.046] - eth_accounts
[2019/01/21 14:38:52.962] - eth_getBlockByNumber
[2019/01/21 14:38:53.045] - net_version
[2019/01/21 14:38:53.047] - eth_getBalance
[2019/01/21 14:38:53.049] - eth_getBalance
[2019/01/21 14:38:53.051] - eth_accounts
[2019/01/21 14:38:53.053] - eth_getBalance
[2019/01/21 14:38:53.054] - eth_getBalance
[2019/01/21 14:38:53.061] - eth_getBalance
[2019/01/21 14:38:53.063] - eth_getBalance
[2019/01/21 14:38:53.068] - eth_getBalance
[2019/01/21 14:38:53.070] - eth_getBalance
[2019/01/21 14:38:53.074] - eth_getBalance
[2019/01/21 14:38:53.076] - eth_getBalance
[2019/01/21 14:38:58.049] - net_version
[2019/01/21 14:38:58.050] - eth_accounts
[2019/01/21 14:39:03.046] - net_version
[2019/01/21 14:39:03.047] - eth_accounts
[2019/01/21 14:39:03.050] - eth_getBalance
[2019/01/21 14:39:03.053] - eth_getBalance
[2019/01/21 14:39:03.054] - eth_getBalance
[2019/01/21 14:39:03.058] - eth_getBalance
[2019/01/21 14:39:03.071] - eth_getBalance
[2019/01/21 14:39:03.073] - eth_getBalance
[2019/01/21 14:39:03.074] - eth_getBalance
[2019/01/21 14:39:03.078] - eth_getBalance
[2019/01/21 14:39:03.083] - eth_getBalance
[2019/01/21 14:39:03.085] - eth_getBalance
[2019/01/21 14:39:07.963] - eth_getBlockByNumber
[2019/01/21 14:39:08.044] - net_version
[2019/01/21 14:39:08.045] - eth_accounts
[2019/01/21 14:39:13.055] - net_version
[2019/01/21 14:39:13.058] - eth_accounts
[2019/01/21 14:39:13.060] - eth_getBalance
[2019/01/21 14:39:13.062] - eth_getBalance
[2019/01/21 14:39:13.063] - eth_getBalance
[2019/01/21 14:39:13.065] - eth_getBalance
[2019/01/21 14:39:13.069] - eth_getBalance
[2019/01/21 14:39:13.072] - eth_getBalance
[2019/01/21 14:39:13.074] - eth_getBalance
[2019/01/21 14:39:13.078] - eth_getBalance
[2019/01/21 14:39:13.080] - eth_getBalance
[2019/01/21 14:39:13.083] - eth_getBalance
[2019/01/21 14:39:18.044] - net_version
[2019/01/21 14:39:18.046] - eth_accounts
[2019/01/21 14:39:22.963] - eth_getBlockByNumber
[2019/01/21 14:39:23.044] - net_version
[2019/01/21 14:39:23.046] - eth_accounts
[2019/01/21 14:39:23.048] - eth_getBalance
[2019/01/21 14:39:23.051] - eth_getBalance
[2019/01/21 14:39:23.053] - eth_getBalance
[2019/01/21 14:39:23.057] - eth_getBalance
[2019/01/21 14:39:23.059] - eth_getBalance
[2019/01/21 14:39:23.063] - eth_getBalance
[2019/01/21 14:39:23.065] - eth_getBalance
[2019/01/21 14:39:23.070] - eth_getBalance
[2019/01/21 14:39:23.071] - eth_getBalance
[2019/01/21 14:39:23.076] - eth_getBalance
[2019/01/21 14:39:28.145] - net_version
[2019/01/21 14:39:28.147] - eth_accounts
[2019/01/21 14:39:33.143] - net_version
[2019/01/21 14:39:33.145] - eth_accounts
[2019/01/21 14:39:33.147] - eth_getBalance
[2019/01/21 14:39:33.148] - eth_getBalance
[2019/01/21 14:39:33.153] - eth_getBalance
[2019/01/21 14:39:33.165] - eth_getBalance
[2019/01/21 14:39:33.167] - eth_getBalance
[2019/01/21 14:39:33.168] - eth_getBalance
[2019/01/21 14:39:33.172] - eth_getBalance
[2019/01/21 14:39:33.176] - eth_getBalance
[2019/01/21 14:39:33.177] - eth_getBalance
[2019/01/21 14:39:33.181] - eth_getBalance
[2019/01/21 14:39:34.309] - eth_accounts
[2019/01/21 14:39:34.326] - eth_call
[2019/01/21 14:39:34.455] - eth_accounts
[2019/01/21 14:39:34.472] - eth_call
[2019/01/21 14:39:34.476] - eth_call
[2019/01/21 14:39:38.145] - eth_getBlockByNumber
[2019/01/21 14:39:38.147] - net_version
[2019/01/21 14:39:38.149] - eth_accounts
[2019/01/21 14:39:43.143] - net_version
[2019/01/21 14:39:43.146] - eth_accounts
[2019/01/21 14:39:43.148] - eth_getBalance
[2019/01/21 14:39:43.149] - eth_getBalance
[2019/01/21 14:39:43.150] - eth_getBalance
[2019/01/21 14:39:43.152] - eth_getBalance
[2019/01/21 14:39:43.155] - eth_getBalance
[2019/01/21 14:39:43.156] - eth_getBalance
[2019/01/21 14:39:43.160] - eth_getBalance
[2019/01/21 14:39:43.162] - eth_getBalance
[2019/01/21 14:39:43.166] - eth_getBalance
[2019/01/21 14:39:43.168] - eth_getBalance
[2019/01/21 14:39:48.146] - net_version
[2019/01/21 14:39:48.147] - eth_accounts
[2019/01/21 14:39:53.455] - eth_getBlockByNumber
[2019/01/21 14:39:53.457] - net_version
[2019/01/21 14:39:53.459] - eth_accounts
[2019/01/21 14:39:53.461] - eth_getBalance
[2019/01/21 14:39:53.464] - eth_getBalance
[2019/01/21 14:39:53.465] - eth_getBalance
[2019/01/21 14:39:53.467] - eth_getBalance
[2019/01/21 14:39:53.470] - eth_getBalance
[2019/01/21 14:39:53.472] - eth_getBalance
[2019/01/21 14:39:53.475] - eth_getBalance
[2019/01/21 14:39:53.477] - eth_getBalance
[2019/01/21 14:39:53.481] - eth_getBalance
[2019/01/21 14:39:53.482] - eth_getBalance
[2019/01/21 14:39:54.329] - eth_accounts
[2019/01/21 14:39:54.347] - eth_call
[2019/01/21 14:39:54.445] - eth_accounts
[2019/01/21 14:39:54.463] - eth_call
[2019/01/21 14:39:54.468] - eth_call
[2019/01/21 14:39:58.145] - net_version
[2019/01/21 14:39:58.146] - eth_accounts
[2019/01/21 14:40:03.045] - net_version
[2019/01/21 14:40:03.047] - eth_accounts
[2019/01/21 14:40:03.049] - eth_getBalance
[2019/01/21 14:40:03.053] - eth_getBalance
[2019/01/21 14:40:03.055] - eth_getBalance
[2019/01/21 14:40:03.060] - eth_getBalance
[2019/01/21 14:40:03.061] - eth_getBalance
[2019/01/21 14:40:03.064] - eth_getBalance
[2019/01/21 14:40:03.067] - eth_getBalance
[2019/01/21 14:40:03.073] - eth_getBalance
[2019/01/21 14:40:03.075] - eth_getBalance
[2019/01/21 14:40:03.079] - eth_getBalance
[2019/01/21 14:40:07.964] - eth_getBlockByNumber
[2019/01/21 14:40:08.044] - net_version
[2019/01/21 14:40:08.046] - eth_accounts
[2019/01/21 14:40:13.055] - net_version
[2019/01/21 14:40:13.057] - eth_accounts
[2019/01/21 14:40:13.059] - eth_getBalance
[2019/01/21 14:40:13.061] - eth_getBalance
[2019/01/21 14:40:13.063] - eth_getBalance
[2019/01/21 14:40:13.064] - eth_getBalance
[2019/01/21 14:40:13.066] - eth_getBalance
[2019/01/21 14:40:13.071] - eth_getBalance
[2019/01/21 14:40:13.072] - eth_getBalance
[2019/01/21 14:40:13.077] - eth_getBalance
[2019/01/21 14:40:13.079] - eth_getBalance
[2019/01/21 14:40:13.086] - eth_getBalance
[2019/01/21 14:40:18.045] - net_version
[2019/01/21 14:40:18.047] - eth_accounts
[2019/01/21 14:40:23.453] - eth_getBlockByNumber
[2019/01/21 14:40:23.455] - net_version
[2019/01/21 14:40:23.458] - eth_accounts
[2019/01/21 14:40:23.460] - eth_getBalance
[2019/01/21 14:40:23.461] - eth_getBalance
[2019/01/21 14:40:23.464] - eth_getBalance
[2019/01/21 14:40:23.472] - eth_getBalance
[2019/01/21 14:40:23.474] - eth_getBalance
[2019/01/21 14:40:23.475] - eth_getBalance
[2019/01/21 14:40:23.477] - eth_getBalance
[2019/01/21 14:40:23.479] - eth_getBalance
[2019/01/21 14:40:23.483] - eth_getBalance
[2019/01/21 14:40:23.485] - eth_getBalance
[2019/01/21 14:40:28.143] - net_version
[2019/01/21 14:40:28.144] - eth_accounts
[2019/01/21 14:40:33.154] - eth_getBalance
[2019/01/21 14:40:33.156] - eth_getBalance
[2019/01/21 14:40:33.162] - eth_getBalance
[2019/01/21 14:40:33.167] - eth_getBalance
[2019/01/21 14:40:33.171] - eth_getBalance
[2019/01/21 14:40:33.174] - eth_getBalance
[2019/01/21 14:40:33.178] - eth_getBalance
[2019/01/21 14:40:33.180] - eth_getBalance
[2019/01/21 14:40:33.184] - eth_getBalance
[2019/01/21 14:40:33.188] - eth_getBalance
[2019/01/21 14:40:33.190] - net_version
[2019/01/21 14:40:33.194] - eth_accounts
[2019/01/21 14:40:38.141] - eth_getBlockByNumber
[2019/01/21 14:40:38.144] - net_version
[2019/01/21 14:40:38.145] - eth_accounts
[2019/01/21 14:40:43.151] - net_version
[2019/01/21 14:40:43.154] - eth_accounts
[2019/01/21 14:40:43.156] - eth_getBalance
[2019/01/21 14:40:43.158] - eth_getBalance
[2019/01/21 14:40:43.160] - eth_getBalance
[2019/01/21 14:40:43.161] - eth_getBalance
[2019/01/21 14:40:43.162] - eth_getBalance
[2019/01/21 14:40:43.165] - eth_getBalance
[2019/01/21 14:40:43.167] - eth_getBalance
[2019/01/21 14:40:43.170] - eth_getBalance
[2019/01/21 14:40:43.175] - eth_getBalance
[2019/01/21 14:40:43.176] - eth_getBalance
[2019/01/21 14:40:48.142] - net_version
[2019/01/21 14:40:48.144] - eth_accounts
[2019/01/21 14:40:53.175] - eth_getBlockByNumber
[2019/01/21 14:40:53.180] - net_version
[2019/01/21 14:40:53.185] - eth_accounts
[2019/01/21 14:40:53.190] - eth_getBalance
[2019/01/21 14:40:53.196] - eth_getBalance
[2019/01/21 14:40:53.202] - eth_getBalance
[2019/01/21 14:40:53.209] - eth_getBalance
[2019/01/21 14:40:53.214] - eth_getBalance
[2019/01/21 14:40:53.219] - eth_getBalance
[2019/01/21 14:40:53.225] - eth_getBalance
[2019/01/21 14:40:53.230] - eth_getBalance
[2019/01/21 14:40:53.235] - eth_getBalance
[2019/01/21 14:40:53.241] - eth_getBalance
[2019/01/21 14:40:58.143] - net_version
[2019/01/21 14:40:58.144] - eth_accounts
[2019/01/21 14:41:03.153] - net_version
[2019/01/21 14:41:03.155] - eth_accounts
[2019/01/21 14:41:03.157] - eth_getBalance
[2019/01/21 14:41:03.159] - eth_getBalance
[2019/01/21 14:41:03.160] - eth_getBalance
[2019/01/21 14:41:03.162] - eth_getBalance
[2019/01/21 14:41:03.163] - eth_getBalance
[2019/01/21 14:41:03.165] - eth_getBalance
[2019/01/21 14:41:03.169] - eth_getBalance
[2019/01/21 14:41:03.171] - eth_getBalance
[2019/01/21 14:41:03.176] - eth_getBalance
[2019/01/21 14:41:03.177] - eth_getBalance
[2019/01/21 14:41:08.142] - eth_getBlockByNumber
[2019/01/21 14:41:08.144] - net_version
[2019/01/21 14:41:08.145] - eth_accounts
[2019/01/21 14:41:13.152] - net_version
[2019/01/21 14:41:13.154] - eth_accounts
[2019/01/21 14:41:13.156] - eth_getBalance
[2019/01/21 14:41:13.160] - eth_getBalance
[2019/01/21 14:41:13.163] - eth_getBalance
[2019/01/21 14:41:13.165] - eth_getBalance
[2019/01/21 14:41:13.181] - eth_getBalance
[2019/01/21 14:41:13.182] - eth_getBalance
[2019/01/21 14:41:13.183] - eth_getBalance
[2019/01/21 14:41:13.187] - eth_getBalance
[2019/01/21 14:41:13.189] - eth_getBalance
[2019/01/21 14:41:13.191] - eth_getBalance
[2019/01/21 14:41:18.143] - net_version
[2019/01/21 14:41:18.145] - eth_accounts
[2019/01/21 14:41:23.152] - eth_getBlockByNumber
[2019/01/21 14:41:23.154] - net_version
[2019/01/21 14:41:23.158] - eth_accounts
[2019/01/21 14:41:23.160] - eth_getBalance
[2019/01/21 14:41:23.162] - eth_getBalance
[2019/01/21 14:41:23.163] - eth_getBalance
[2019/01/21 14:41:23.165] - eth_getBalance
[2019/01/21 14:41:23.169] - eth_getBalance
[2019/01/21 14:41:23.170] - eth_getBalance
[2019/01/21 14:41:23.175] - eth_getBalance
[2019/01/21 14:41:23.177] - eth_getBalance
[2019/01/21 14:41:23.179] - eth_getBalance
[2019/01/21 14:41:23.184] - eth_getBalance
[2019/01/21 14:41:28.142] - net_version
[2019/01/21 14:41:28.143] - eth_accounts
[2019/01/21 14:41:30.774] - eth_accounts
[2019/01/21 14:41:30.791] - eth_call
[2019/01/21 14:41:30.950] - eth_accounts
[2019/01/21 14:41:30.967] - eth_call
[2019/01/21 14:41:30.971] - eth_call
[2019/01/21 14:41:33.154] - net_version
[2019/01/21 14:41:33.156] - eth_accounts
[2019/01/21 14:41:33.158] - eth_getBalance
[2019/01/21 14:41:33.164] - eth_getBalance
[2019/01/21 14:41:33.166] - eth_getBalance
[2019/01/21 14:41:33.170] - eth_getBalance
[2019/01/21 14:41:33.171] - eth_getBalance
[2019/01/21 14:41:33.181] - eth_getBalance
[2019/01/21 14:41:33.183] - eth_getBalance
[2019/01/21 14:41:33.184] - eth_getBalance
[2019/01/21 14:41:33.187] - eth_getBalance
[2019/01/21 14:41:33.190] - eth_getBalance
[2019/01/21 14:41:38.143] - eth_getBlockByNumber
[2019/01/21 14:41:38.144] - net_version
[2019/01/21 14:41:38.145] - eth_accounts
[2019/01/21 14:41:43.160] - net_version
[2019/01/21 14:41:43.163] - eth_accounts
[2019/01/21 14:41:43.164] - eth_getBalance
[2019/01/21 14:41:43.166] - eth_getBalance
[2019/01/21 14:41:43.167] - eth_getBalance
[2019/01/21 14:41:43.169] - eth_getBalance
[2019/01/21 14:41:43.172] - eth_getBalance
[2019/01/21 14:41:43.174] - eth_getBalance
[2019/01/21 14:41:43.178] - eth_getBalance
[2019/01/21 14:41:43.179] - eth_getBalance
[2019/01/21 14:41:43.182] - eth_getBalance
[2019/01/21 14:41:43.185] - eth_getBalance
[2019/01/21 14:41:48.143] - net_version
[2019/01/21 14:41:48.144] - eth_accounts
[2019/01/21 14:41:53.164] - eth_getBlockByNumber
[2019/01/21 14:41:53.166] - net_version
[2019/01/21 14:41:53.170] - eth_accounts
[2019/01/21 14:41:53.173] - eth_getBalance
[2019/01/21 14:41:53.174] - eth_getBalance
[2019/01/21 14:41:53.177] - eth_getBalance
[2019/01/21 14:41:53.180] - eth_getBalance
[2019/01/21 14:41:53.183] - eth_getBalance
[2019/01/21 14:41:53.186] - eth_getBalance
[2019/01/21 14:41:53.189] - eth_getBalance
[2019/01/21 14:41:53.193] - eth_getBalance
[2019/01/21 14:41:53.196] - eth_getBalance
[2019/01/21 14:41:53.199] - eth_getBalance
[2019/01/21 14:41:58.044] - net_version
[2019/01/21 14:41:58.046] - eth_accounts
[2019/01/21 14:42:03.053] - net_version
[2019/01/21 14:42:03.055] - eth_accounts
[2019/01/21 14:42:03.057] - eth_getBalance
[2019/01/21 14:42:03.058] - eth_getBalance
[2019/01/21 14:42:03.060] - eth_getBalance
[2019/01/21 14:42:03.062] - eth_getBalance
[2019/01/21 14:42:03.064] - eth_getBalance
[2019/01/21 14:42:03.066] - eth_getBalance
[2019/01/21 14:42:03.069] - eth_getBalance
[2019/01/21 14:42:03.071] - eth_getBalance
[2019/01/21 14:42:03.074] - eth_getBalance
[2019/01/21 14:42:03.076] - eth_getBalance
[2019/01/21 14:42:07.963] - eth_getBlockByNumber
[2019/01/21 14:42:08.044] - net_version
[2019/01/21 14:42:08.045] - eth_accounts
[2019/01/21 14:42:13.058] - net_version
[2019/01/21 14:42:13.064] - eth_accounts
[2019/01/21 14:42:13.067] - eth_getBalance
[2019/01/21 14:42:13.071] - eth_getBalance
[2019/01/21 14:42:13.075] - eth_getBalance
[2019/01/21 14:42:13.080] - eth_getBalance
[2019/01/21 14:42:13.085] - eth_getBalance
[2019/01/21 14:42:13.090] - eth_getBalance
[2019/01/21 14:42:13.096] - eth_getBalance
[2019/01/21 14:42:13.099] - eth_getBalance
[2019/01/21 14:42:13.104] - eth_getBalance
[2019/01/21 14:42:13.109] - eth_getBalance
[2019/01/21 14:42:18.044] - net_version
[2019/01/21 14:42:18.046] - eth_accounts
[2019/01/21 14:42:22.962] - eth_getBlockByNumber
[2019/01/21 14:42:23.043] - net_version
[2019/01/21 14:42:23.045] - eth_accounts
[2019/01/21 14:42:23.047] - eth_getBalance
[2019/01/21 14:42:23.049] - eth_getBalance
[2019/01/21 14:42:23.050] - eth_getBalance
[2019/01/21 14:42:23.052] - eth_getBalance
[2019/01/21 14:42:23.053] - eth_getBalance
[2019/01/21 14:42:23.056] - eth_getBalance
[2019/01/21 14:42:23.057] - eth_getBalance
[2019/01/21 14:42:23.061] - eth_getBalance
[2019/01/21 14:42:23.067] - eth_getBalance
[2019/01/21 14:42:23.067] - eth_getBalance
[2019/01/21 14:42:28.046] - net_version
[2019/01/21 14:42:28.047] - eth_accounts
[2019/01/21 14:42:33.045] - net_version
[2019/01/21 14:42:33.047] - eth_accounts
[2019/01/21 14:42:33.049] - eth_getBalance
[2019/01/21 14:42:33.051] - eth_getBalance
[2019/01/21 14:42:33.056] - eth_getBalance
[2019/01/21 14:42:33.059] - eth_getBalance
[2019/01/21 14:42:33.063] - eth_getBalance
[2019/01/21 14:42:33.065] - eth_getBalance
[2019/01/21 14:42:33.072] - eth_getBalance
[2019/01/21 14:42:33.074] - eth_getBalance
[2019/01/21 14:42:33.080] - eth_getBalance
[2019/01/21 14:42:33.081] - eth_getBalance
[2019/01/21 14:42:37.959] - eth_getBlockByNumber
[2019/01/21 14:42:38.042] - net_version
[2019/01/21 14:42:38.043] - eth_accounts
[2019/01/21 14:42:43.073] - net_version
[2019/01/21 14:42:43.075] - eth_accounts
[2019/01/21 14:42:43.081] - eth_getBalance
[2019/01/21 14:42:43.083] - eth_getBalance
[2019/01/21 14:42:43.085] - eth_getBalance
[2019/01/21 14:42:43.088] - eth_getBalance
[2019/01/21 14:42:43.089] - eth_getBalance
[2019/01/21 14:42:43.094] - eth_getBalance
[2019/01/21 14:42:43.099] - eth_getBalance
[2019/01/21 14:42:43.101] - eth_getBalance
[2019/01/21 14:42:43.105] - eth_getBalance
[2019/01/21 14:42:43.109] - eth_getBalance
[2019/01/21 14:42:48.044] - net_version
[2019/01/21 14:42:48.046] - eth_accounts
[2019/01/21 14:42:50.723] - eth_accounts
[2019/01/21 14:42:50.740] - eth_call
[2019/01/21 14:42:50.746] - eth_call
[2019/01/21 14:42:53.154] - eth_getBlockByNumber
[2019/01/21 14:42:53.158] - net_version
[2019/01/21 14:42:53.159] - eth_accounts
[2019/01/21 14:42:53.161] - eth_getBalance
[2019/01/21 14:42:53.164] - eth_getBalance
[2019/01/21 14:42:53.165] - eth_getBalance
[2019/01/21 14:42:53.169] - eth_getBalance
[2019/01/21 14:42:53.171] - eth_getBalance
[2019/01/21 14:42:53.177] - eth_getBalance
[2019/01/21 14:42:53.179] - eth_getBalance
[2019/01/21 14:42:53.184] - eth_getBalance
[2019/01/21 14:42:53.185] - eth_getBalance
[2019/01/21 14:42:53.188] - eth_getBalance
[2019/01/21 14:42:55.971] - eth_accounts
[2019/01/21 14:42:55.990] - eth_call
[2019/01/21 14:42:56.088] - eth_accounts
[2019/01/21 14:42:56.110] - eth_call
[2019/01/21 14:42:56.114] - eth_call
[2019/01/21 14:42:58.141] - net_version
[2019/01/21 14:42:58.142] - eth_accounts
[2019/01/21 14:43:03.152] - net_version
[2019/01/21 14:43:03.154] - eth_accounts
[2019/01/21 14:43:03.156] - eth_getBalance
[2019/01/21 14:43:03.157] - eth_getBalance
[2019/01/21 14:43:03.159] - eth_getBalance
[2019/01/21 14:43:03.161] - eth_getBalance
[2019/01/21 14:43:03.164] - eth_getBalance
[2019/01/21 14:43:03.166] - eth_getBalance
[2019/01/21 14:43:03.169] - eth_getBalance
[2019/01/21 14:43:03.171] - eth_getBalance
[2019/01/21 14:43:03.175] - eth_getBalance
[2019/01/21 14:43:03.178] - eth_getBalance
[2019/01/21 14:43:08.141] - eth_getBlockByNumber
[2019/01/21 14:43:08.143] - net_version
[2019/01/21 14:43:08.144] - eth_accounts
[2019/01/21 14:43:13.054] - net_version
[2019/01/21 14:43:13.055] - eth_accounts
[2019/01/21 14:43:13.058] - eth_getBalance
[2019/01/21 14:43:13.059] - eth_getBalance
[2019/01/21 14:43:13.061] - eth_getBalance
[2019/01/21 14:43:13.066] - eth_getBalance
[2019/01/21 14:43:13.068] - eth_getBalance
[2019/01/21 14:43:13.073] - eth_getBalance
[2019/01/21 14:43:13.075] - eth_getBalance
[2019/01/21 14:43:13.078] - eth_getBalance
[2019/01/21 14:43:13.088] - eth_getBalance
[2019/01/21 14:43:13.089] - eth_getBalance
[2019/01/21 14:43:18.047] - net_version
[2019/01/21 14:43:18.048] - eth_accounts
[2019/01/21 14:43:19.293] - eth_call
[2019/01/21 14:43:22.960] - eth_getBlockByNumber
[2019/01/21 14:43:23.044] - net_version
[2019/01/21 14:43:23.046] - eth_accounts
[2019/01/21 14:43:23.047] - eth_getBalance
[2019/01/21 14:43:23.049] - eth_getBalance
[2019/01/21 14:43:23.051] - eth_getBalance
[2019/01/21 14:43:23.055] - eth_getBalance
[2019/01/21 14:43:23.058] - eth_getBalance
[2019/01/21 14:43:23.059] - eth_getBalance
[2019/01/21 14:43:23.063] - eth_getBalance
[2019/01/21 14:43:23.065] - eth_getBalance
[2019/01/21 14:43:23.068] - eth_getBalance
[2019/01/21 14:43:23.073] - eth_getBalance
[2019/01/21 14:43:28.046] - net_version
[2019/01/21 14:43:28.047] - eth_accounts
[2019/01/21 14:43:33.043] - net_version
[2019/01/21 14:43:33.045] - eth_accounts
[2019/01/21 14:43:33.047] - eth_getBalance
[2019/01/21 14:43:33.049] - eth_getBalance
[2019/01/21 14:43:33.051] - eth_getBalance
[2019/01/21 14:43:33.053] - eth_getBalance
[2019/01/21 14:43:33.058] - eth_getBalance
[2019/01/21 14:43:33.059] - eth_getBalance
[2019/01/21 14:43:33.063] - eth_getBalance
[2019/01/21 14:43:33.065] - eth_getBalance
[2019/01/21 14:43:33.067] - eth_getBalance
[2019/01/21 14:43:33.072] - eth_getBalance
[2019/01/21 14:43:37.961] - eth_getBlockByNumber
[2019/01/21 14:43:38.042] - net_version
[2019/01/21 14:43:38.043] - eth_accounts
[2019/01/21 14:43:43.068] - net_version
[2019/01/21 14:43:43.070] - eth_accounts
[2019/01/21 14:43:43.072] - eth_getBalance
[2019/01/21 14:43:43.075] - eth_getBalance
[2019/01/21 14:43:43.079] - eth_getBalance
[2019/01/21 14:43:43.081] - eth_getBalance
[2019/01/21 14:43:43.086] - eth_getBalance
[2019/01/21 14:43:43.088] - eth_getBalance
[2019/01/21 14:43:43.091] - eth_getBalance
[2019/01/21 14:43:43.093] - eth_getBalance
[2019/01/21 14:43:43.099] - eth_getBalance
[2019/01/21 14:43:43.101] - eth_getBalance
[2019/01/21 14:43:48.044] - net_version
[2019/01/21 14:43:48.047] - eth_accounts
[2019/01/21 14:43:52.964] - eth_getBlockByNumber
[2019/01/21 14:43:53.043] - net_version
[2019/01/21 14:43:53.044] - eth_accounts
[2019/01/21 14:43:53.046] - eth_getBalance
[2019/01/21 14:43:53.048] - eth_getBalance
[2019/01/21 14:43:53.050] - eth_getBalance
[2019/01/21 14:43:53.052] - eth_getBalance
[2019/01/21 14:43:53.081] - eth_getBalance
[2019/01/21 14:43:53.086] - eth_getBalance
[2019/01/21 14:43:53.087] - eth_getBalance
[2019/01/21 14:43:53.091] - eth_getBalance
[2019/01/21 14:43:53.093] - eth_getBalance
[2019/01/21 14:43:53.096] - eth_getBalance
[2019/01/21 14:43:58.046] - net_version
[2019/01/21 14:43:58.047] - eth_accounts
[2019/01/21 14:44:03.043] - net_version
[2019/01/21 14:44:03.045] - eth_accounts
[2019/01/21 14:44:03.046] - eth_getBalance
[2019/01/21 14:44:03.049] - eth_getBalance
[2019/01/21 14:44:03.051] - eth_getBalance
[2019/01/21 14:44:03.056] - eth_getBalance
[2019/01/21 14:44:03.061] - eth_getBalance
[2019/01/21 14:44:03.062] - eth_getBalance
[2019/01/21 14:44:03.067] - eth_getBalance
[2019/01/21 14:44:03.070] - eth_getBalance
[2019/01/21 14:44:03.072] - eth_getBalance
[2019/01/21 14:44:03.077] - eth_getBalance
[2019/01/21 14:44:07.963] - eth_getBlockByNumber
[2019/01/21 14:44:08.044] - net_version
[2019/01/21 14:44:08.046] - eth_accounts
[2019/01/21 14:44:13.057] - net_version
[2019/01/21 14:44:13.059] - eth_accounts
[2019/01/21 14:44:13.061] - eth_getBalance
[2019/01/21 14:44:13.063] - eth_getBalance
[2019/01/21 14:44:13.066] - eth_getBalance
[2019/01/21 14:44:13.068] - eth_getBalance
[2019/01/21 14:44:13.071] - eth_getBalance
[2019/01/21 14:44:13.077] - eth_getBalance
[2019/01/21 14:44:13.079] - eth_getBalance
[2019/01/21 14:44:13.083] - eth_getBalance
[2019/01/21 14:44:13.085] - eth_getBalance
[2019/01/21 14:44:13.090] - eth_getBalance
[2019/01/21 14:44:18.044] - net_version
[2019/01/21 14:44:18.045] - eth_accounts
[2019/01/21 14:44:22.963] - eth_getBlockByNumber
[2019/01/21 14:44:23.043] - net_version
[2019/01/21 14:44:23.044] - eth_accounts
[2019/01/21 14:44:23.046] - eth_getBalance
[2019/01/21 14:44:23.048] - eth_getBalance
[2019/01/21 14:44:23.053] - eth_getBalance
[2019/01/21 14:44:23.055] - eth_getBalance
[2019/01/21 14:44:23.060] - eth_getBalance
[2019/01/21 14:44:23.061] - eth_getBalance
[2019/01/21 14:44:23.064] - eth_getBalance
[2019/01/21 14:44:23.071] - eth_getBalance
[2019/01/21 14:44:23.073] - eth_getBalance
[2019/01/21 14:44:23.076] - eth_getBalance
[2019/01/21 14:44:28.050] - net_version
[2019/01/21 14:44:28.051] - eth_accounts
[2019/01/21 14:44:33.150] - net_version
[2019/01/21 14:44:33.151] - eth_accounts
[2019/01/21 14:44:33.155] - eth_getBalance
[2019/01/21 14:44:33.157] - eth_getBalance
[2019/01/21 14:44:33.160] - eth_getBalance
[2019/01/21 14:44:33.163] - eth_getBalance
[2019/01/21 14:44:33.164] - eth_getBalance
[2019/01/21 14:44:33.170] - eth_getBalance
[2019/01/21 14:44:33.172] - eth_getBalance
[2019/01/21 14:44:33.175] - eth_getBalance
[2019/01/21 14:44:33.178] - eth_getBalance
[2019/01/21 14:44:33.181] - eth_getBalance
[2019/01/21 14:44:37.623] - eth_accounts
[2019/01/21 14:44:37.639] - eth_call
[2019/01/21 14:44:38.143] - eth_getBlockByNumber
[2019/01/21 14:44:38.145] - net_version
[2019/01/21 14:44:38.146] - eth_accounts
[2019/01/21 14:44:43.153] - net_version
[2019/01/21 14:44:43.155] - eth_accounts
[2019/01/21 14:44:43.157] - eth_getBalance
[2019/01/21 14:44:43.158] - eth_getBalance
[2019/01/21 14:44:43.160] - eth_getBalance
[2019/01/21 14:44:43.162] - eth_getBalance
[2019/01/21 14:44:43.163] - eth_getBalance
[2019/01/21 14:44:43.164] - eth_getBalance
[2019/01/21 14:44:43.169] - eth_getBalance
[2019/01/21 14:44:43.171] - eth_getBalance
[2019/01/21 14:44:43.174] - eth_getBalance
[2019/01/21 14:44:43.176] - eth_getBalance
[2019/01/21 14:44:48.141] - net_version
[2019/01/21 14:44:48.144] - eth_accounts
[2019/01/21 14:44:52.966] - eth_getBlockByNumber
[2019/01/21 14:44:53.044] - net_version
[2019/01/21 14:44:53.046] - eth_accounts
[2019/01/21 14:44:53.048] - eth_getBalance
[2019/01/21 14:44:53.050] - eth_getBalance
[2019/01/21 14:44:53.055] - eth_getBalance
[2019/01/21 14:44:53.056] - eth_getBalance
[2019/01/21 14:44:53.071] - eth_getBalance
[2019/01/21 14:44:53.072] - eth_getBalance
[2019/01/21 14:44:53.077] - eth_getBalance
[2019/01/21 14:44:53.078] - eth_getBalance
[2019/01/21 14:44:53.082] - eth_getBalance
[2019/01/21 14:44:53.083] - eth_getBalance
[2019/01/21 14:44:56.323] - net_version
[2019/01/21 14:44:56.330] - eth_accounts
[2019/01/21 14:44:56.331] - eth_estimateGas
[2019/01/21 14:44:56.418] - net_version
[2019/01/21 14:44:56.423] - eth_sendTransaction
[2019/01/21 14:44:56.502] - 
[2019/01/21 14:44:56.503] -   Transaction: 0x19ba5a61250f953b49de154a6902dfaea92a58917d30d3454af8e873cb3961aa
[2019/01/21 14:44:56.504] -   Contract created: 0xe427e5f200725d21e7c9ff03514a5ca1cf8c8709
[2019/01/21 14:44:56.505] -   Gas usage: 1002003
[2019/01/21 14:44:56.506] -   Block Number: 3
[2019/01/21 14:44:56.507] -   Block Time: Mon Jan 21 2019 14:44:56 GMT+0300 (T端rkiye Standart Saati)
[2019/01/21 14:44:56.508] - 
[2019/01/21 14:44:56.509] - net_version
[2019/01/21 14:44:56.510] - eth_getTransactionReceipt
[2019/01/21 14:44:56.511] - eth_getBalance
[2019/01/21 14:44:56.512] - eth_getTransactionCount
[2019/01/21 14:44:56.514] - eth_getBalance
[2019/01/21 14:44:56.515] - eth_getTransactionCount
[2019/01/21 14:44:56.516] - eth_getBalance
[2019/01/21 14:44:56.519] - eth_getTransactionCount
[2019/01/21 14:44:56.521] - eth_getBalance
[2019/01/21 14:44:56.522] - eth_getTransactionCount
[2019/01/21 14:44:56.523] - eth_getBalance
[2019/01/21 14:44:56.525] - eth_getTransactionCount
[2019/01/21 14:44:56.527] - eth_getBalance
[2019/01/21 14:44:56.528] - eth_getTransactionCount
[2019/01/21 14:44:56.529] - eth_getTransactionByHash
[2019/01/21 14:44:56.531] - eth_getBalance
[2019/01/21 14:44:56.532] - eth_getTransactionCount
[2019/01/21 14:44:56.533] - eth_getBalance
[2019/01/21 14:44:56.535] - eth_getTransactionCount
[2019/01/21 14:44:56.536] - eth_getBalance
[2019/01/21 14:44:56.537] - eth_getTransactionCount
[2019/01/21 14:44:56.540] - eth_getBalance
[2019/01/21 14:44:56.541] - eth_getTransactionCount
[2019/01/21 14:44:56.563] - eth_getTransactionByHash
[2019/01/21 14:44:56.565] - eth_getBalance
[2019/01/21 14:44:56.566] - eth_getBalance
[2019/01/21 14:44:56.568] - eth_getBalance
[2019/01/21 14:44:56.571] - eth_getBalance
[2019/01/21 14:44:56.572] - eth_getBalance
[2019/01/21 14:44:56.589] - eth_getBalance
[2019/01/21 14:44:56.592] - eth_getBalance
[2019/01/21 14:44:56.596] - eth_getBalance
[2019/01/21 14:44:56.598] - eth_getBalance
[2019/01/21 14:44:56.602] - eth_getBalance
[2019/01/21 14:44:56.604] - eth_getTransactionReceipt
[2019/01/21 14:44:58.047] - net_version
[2019/01/21 14:44:58.048] - eth_accounts
[2019/01/21 14:45:03.046] - net_version
[2019/01/21 14:45:03.048] - eth_accounts
[2019/01/21 14:45:03.056] - eth_getBalance
[2019/01/21 14:45:03.058] - eth_getBalance
[2019/01/21 14:45:03.062] - eth_getBalance
[2019/01/21 14:45:03.075] - eth_getBalance
[2019/01/21 14:45:03.091] - eth_getBalance
[2019/01/21 14:45:03.093] - eth_getBalance
[2019/01/21 14:45:03.097] - eth_getBalance
[2019/01/21 14:45:03.098] - eth_getBalance
[2019/01/21 14:45:03.102] - eth_getBalance
[2019/01/21 14:45:03.103] - eth_getBalance
[2019/01/21 14:45:07.961] - eth_getBlockByNumber
[2019/01/21 14:45:08.044] - net_version
[2019/01/21 14:45:08.046] - eth_accounts
[2019/01/21 14:45:13.053] - net_version
[2019/01/21 14:45:13.055] - eth_accounts
[2019/01/21 14:45:13.057] - eth_getBalance
[2019/01/21 14:45:13.059] - eth_getBalance
[2019/01/21 14:45:13.061] - eth_getBalance
[2019/01/21 14:45:13.062] - eth_getBalance
[2019/01/21 14:45:13.066] - eth_getBalance
[2019/01/21 14:45:13.068] - eth_getBalance
[2019/01/21 14:45:13.070] - eth_getBalance
[2019/01/21 14:45:13.076] - eth_getBalance
[2019/01/21 14:45:13.078] - eth_getBalance
[2019/01/21 14:45:13.082] - eth_getBalance
[2019/01/21 14:45:18.044] - net_version
[2019/01/21 14:45:18.047] - eth_accounts
[2019/01/21 14:45:22.964] - eth_getBlockByNumber
[2019/01/21 14:45:23.044] - net_version
[2019/01/21 14:45:23.046] - eth_accounts
[2019/01/21 14:45:23.048] - eth_getBalance
[2019/01/21 14:45:23.051] - eth_getBalance
[2019/01/21 14:45:23.055] - eth_getBalance
[2019/01/21 14:45:23.060] - eth_getBalance
[2019/01/21 14:45:23.061] - eth_getBalance
[2019/01/21 14:45:23.065] - eth_getBalance
[2019/01/21 14:45:23.066] - eth_getBalance
[2019/01/21 14:45:23.070] - eth_getBalance
[2019/01/21 14:45:23.074] - eth_getBalance
[2019/01/21 14:45:23.076] - eth_getBalance
[2019/01/21 14:45:31.115] - net_version
[2019/01/21 14:45:31.116] - eth_accounts
[2019/01/21 14:45:33.045] - net_version
[2019/01/21 14:45:33.047] - eth_accounts
[2019/01/21 14:45:33.050] - eth_getBalance
[2019/01/21 14:45:33.054] - eth_getBalance
[2019/01/21 14:45:33.058] - eth_getBalance
[2019/01/21 14:45:33.067] - eth_getBalance
[2019/01/21 14:45:33.070] - eth_getBalance
[2019/01/21 14:45:33.078] - eth_getBalance
[2019/01/21 14:45:33.080] - eth_getBalance
[2019/01/21 14:45:33.086] - eth_getBalance
[2019/01/21 14:45:33.088] - eth_getBalance
[2019/01/21 14:45:33.095] - eth_getBalance
[2019/01/21 14:45:37.964] - eth_getBlockByNumber
[2019/01/21 14:45:38.044] - net_version
[2019/01/21 14:45:38.045] - eth_accounts
[2019/01/21 14:45:43.054] - net_version
[2019/01/21 14:45:43.057] - eth_accounts
[2019/01/21 14:45:43.060] - eth_getBalance
[2019/01/21 14:45:43.062] - eth_getBalance
[2019/01/21 14:45:43.063] - eth_getBalance
[2019/01/21 14:45:43.065] - eth_getBalance
[2019/01/21 14:45:43.067] - eth_getBalance
[2019/01/21 14:45:43.072] - eth_getBalance
[2019/01/21 14:45:43.074] - eth_getBalance
[2019/01/21 14:45:43.088] - eth_getBalance
[2019/01/21 14:45:43.089] - eth_getBalance
[2019/01/21 14:45:43.091] - eth_getBalance
[2019/01/21 14:45:48.045] - net_version
[2019/01/21 14:45:48.047] - eth_accounts
[2019/01/21 14:45:52.965] - eth_getBlockByNumber
[2019/01/21 14:45:53.044] - net_version
[2019/01/21 14:45:53.046] - eth_accounts
[2019/01/21 14:45:53.047] - eth_getBalance
[2019/01/21 14:45:53.050] - eth_getBalance
[2019/01/21 14:45:53.053] - eth_getBalance
[2019/01/21 14:45:53.054] - eth_getBalance
[2019/01/21 14:45:53.059] - eth_getBalance
[2019/01/21 14:45:53.062] - eth_getBalance
[2019/01/21 14:45:53.063] - eth_getBalance
[2019/01/21 14:45:53.066] - eth_getBalance
[2019/01/21 14:45:53.070] - eth_getBalance
[2019/01/21 14:45:53.071] - eth_getBalance
[2019/01/21 14:45:58.047] - net_version
[2019/01/21 14:45:58.049] - eth_accounts
[2019/01/21 14:46:03.045] - net_version
[2019/01/21 14:46:03.047] - eth_accounts
[2019/01/21 14:46:03.048] - eth_getBalance
[2019/01/21 14:46:03.050] - eth_getBalance
[2019/01/21 14:46:03.052] - eth_getBalance
[2019/01/21 14:46:03.053] - eth_getBalance
[2019/01/21 14:46:03.056] - eth_getBalance
[2019/01/21 14:46:03.060] - eth_getBalance
[2019/01/21 14:46:03.061] - eth_getBalance
[2019/01/21 14:46:03.069] - eth_getBalance
[2019/01/21 14:46:03.071] - eth_getBalance
[2019/01/21 14:46:03.072] - eth_getBalance
[2019/01/21 14:46:07.962] - eth_getBlockByNumber
[2019/01/21 14:46:08.044] - net_version
[2019/01/21 14:46:08.046] - eth_accounts
[2019/01/21 14:46:13.056] - net_version
[2019/01/21 14:46:13.059] - eth_accounts
[2019/01/21 14:46:13.063] - eth_getBalance
[2019/01/21 14:46:13.064] - eth_getBalance
[2019/01/21 14:46:13.067] - eth_getBalance
[2019/01/21 14:46:13.071] - eth_getBalance
[2019/01/21 14:46:13.072] - eth_getBalance
[2019/01/21 14:46:13.077] - eth_getBalance
[2019/01/21 14:46:13.079] - eth_getBalance
[2019/01/21 14:46:13.082] - eth_getBalance
[2019/01/21 14:46:13.086] - eth_getBalance
[2019/01/21 14:46:13.087] - eth_getBalance
[2019/01/21 14:46:18.044] - net_version
[2019/01/21 14:46:18.047] - eth_accounts
[2019/01/21 14:46:22.964] - eth_getBlockByNumber
[2019/01/21 14:46:23.044] - net_version
[2019/01/21 14:46:23.046] - eth_accounts
[2019/01/21 14:46:23.048] - eth_getBalance
[2019/01/21 14:46:23.049] - eth_getBalance
[2019/01/21 14:46:23.051] - eth_getBalance
[2019/01/21 14:46:23.053] - eth_getBalance
[2019/01/21 14:46:23.054] - eth_getBalance
[2019/01/21 14:46:23.098] - eth_getBalance
[2019/01/21 14:46:23.099] - eth_getBalance
[2019/01/21 14:46:23.101] - eth_getBalance
[2019/01/21 14:46:23.103] - eth_getBalance
[2019/01/21 14:46:23.104] - eth_getBalance
[2019/01/21 14:46:25.672] - net_version
[2019/01/21 14:46:25.679] - eth_accounts
[2019/01/21 14:46:25.681] - eth_estimateGas
[2019/01/21 14:46:25.847] - net_version
[2019/01/21 14:46:25.853] - eth_sendTransaction
[2019/01/21 14:46:26.001] - 
[2019/01/21 14:46:26.002] -   Transaction: 0x7bbb25655d22a1e637150762fee58e9711fd9431f5f92107e7951d9fb9c5f725
[2019/01/21 14:46:26.003] -   Contract created: 0x2fcf23c70cb134438c0c65b89200d95135bf009e
[2019/01/21 14:46:26.004] -   Gas usage: 1472661
[2019/01/21 14:46:26.005] -   Block Number: 4
[2019/01/21 14:46:26.006] -   Block Time: Mon Jan 21 2019 14:46:25 GMT+0300 (T端rkiye Standart Saati)
[2019/01/21 14:46:26.008] - 
[2019/01/21 14:46:26.009] - net_version
[2019/01/21 14:46:26.010] - eth_getTransactionReceipt
[2019/01/21 14:46:26.012] - eth_getBalance
[2019/01/21 14:46:26.013] - eth_getTransactionCount
[2019/01/21 14:46:26.014] - eth_getBalance
[2019/01/21 14:46:26.015] - eth_getTransactionCount
[2019/01/21 14:46:26.016] - eth_getBalance
[2019/01/21 14:46:26.019] - eth_getTransactionCount
[2019/01/21 14:46:26.021] - eth_getBalance
[2019/01/21 14:46:26.023] - eth_getTransactionCount
[2019/01/21 14:46:26.024] - eth_getBalance
[2019/01/21 14:46:26.026] - eth_getTransactionCount
[2019/01/21 14:46:26.027] - eth_getBalance
[2019/01/21 14:46:26.028] - eth_getTransactionCount
[2019/01/21 14:46:26.029] - eth_getBalance
[2019/01/21 14:46:26.030] - eth_getTransactionCount
[2019/01/21 14:46:26.032] - eth_getTransactionByHash
[2019/01/21 14:46:26.033] - eth_getBalance
[2019/01/21 14:46:26.034] - eth_getTransactionCount
[2019/01/21 14:46:26.035] - eth_getBalance
[2019/01/21 14:46:26.036] - eth_getTransactionCount
[2019/01/21 14:46:26.039] - eth_getBalance
[2019/01/21 14:46:26.040] - eth_getTransactionCount
[2019/01/21 14:46:26.079] - eth_getTransactionByHash
[2019/01/21 14:46:26.080] - eth_getBalance
[2019/01/21 14:46:26.082] - eth_getBalance
[2019/01/21 14:46:26.083] - eth_getBalance
[2019/01/21 14:46:26.085] - eth_getBalance
[2019/01/21 14:46:26.086] - eth_getBalance
[2019/01/21 14:46:26.106] - eth_getBalance
[2019/01/21 14:46:26.108] - eth_getBalance
[2019/01/21 14:46:26.112] - eth_getBalance
[2019/01/21 14:46:26.113] - eth_getBalance
[2019/01/21 14:46:26.117] - eth_getBalance
[2019/01/21 14:46:26.119] - eth_getTransactionReceipt
[2019/01/21 14:46:28.045] - net_version
[2019/01/21 14:46:28.047] - eth_accounts
[2019/01/21 14:46:33.044] - net_version
[2019/01/21 14:46:33.046] - eth_accounts
[2019/01/21 14:46:33.049] - eth_getBalance
[2019/01/21 14:46:33.051] - eth_getBalance
[2019/01/21 14:46:33.054] - eth_getBalance
[2019/01/21 14:46:33.060] - eth_getBalance
[2019/01/21 14:46:33.062] - eth_getBalance
[2019/01/21 14:46:33.065] - eth_getBalance
[2019/01/21 14:46:33.068] - eth_getBalance
[2019/01/21 14:46:33.071] - eth_getBalance
[2019/01/21 14:46:33.082] - eth_getBalance
[2019/01/21 14:46:33.083] - eth_getBalance
[2019/01/21 14:46:37.959] - eth_getBlockByNumber
[2019/01/21 14:46:38.043] - net_version
[2019/01/21 14:46:38.044] - eth_accounts
[2019/01/21 14:46:43.053] - net_version
[2019/01/21 14:46:43.055] - eth_accounts
[2019/01/21 14:46:43.057] - eth_getBalance
[2019/01/21 14:46:43.058] - eth_getBalance
[2019/01/21 14:46:43.060] - eth_getBalance
[2019/01/21 14:46:43.062] - eth_getBalance
[2019/01/21 14:46:43.066] - eth_getBalance
[2019/01/21 14:46:43.069] - eth_getBalance
[2019/01/21 14:46:43.073] - eth_getBalance
[2019/01/21 14:46:43.074] - eth_getBalance
[2019/01/21 14:46:43.081] - eth_getBalance
[2019/01/21 14:46:43.083] - eth_getBalance
[2019/01/21 14:46:48.043] - net_version
[2019/01/21 14:46:48.044] - eth_accounts
[2019/01/21 14:46:52.962] - eth_getBlockByNumber
[2019/01/21 14:46:53.043] - net_version
[2019/01/21 14:46:53.046] - eth_getBalance
[2019/01/21 14:46:53.054] - eth_getBalance
[2019/01/21 14:46:53.055] - eth_accounts
[2019/01/21 14:46:53.058] - eth_getBalance
[2019/01/21 14:46:53.060] - eth_getBalance
[2019/01/21 14:46:53.064] - eth_getBalance
[2019/01/21 14:46:53.065] - eth_getBalance
[2019/01/21 14:46:53.069] - eth_getBalance
[2019/01/21 14:46:53.070] - eth_getBalance
[2019/01/21 14:46:53.075] - eth_getBalance
[2019/01/21 14:46:53.076] - eth_getBalance
[2019/01/21 14:46:58.047] - net_version
[2019/01/21 14:46:58.048] - eth_accounts
[2019/01/21 14:47:03.042] - net_version
[2019/01/21 14:47:03.045] - eth_accounts
[2019/01/21 14:47:03.048] - eth_getBalance
[2019/01/21 14:47:03.050] - eth_getBalance
[2019/01/21 14:47:03.052] - eth_getBalance
[2019/01/21 14:47:03.053] - eth_getBalance
[2019/01/21 14:47:03.055] - eth_getBalance
[2019/01/21 14:47:03.058] - eth_getBalance
[2019/01/21 14:47:03.061] - eth_getBalance
[2019/01/21 14:47:03.067] - eth_getBalance
[2019/01/21 14:47:03.069] - eth_getBalance
[2019/01/21 14:47:03.074] - eth_getBalance
[2019/01/21 14:47:07.964] - eth_getBlockByNumber
[2019/01/21 14:47:08.044] - net_version
[2019/01/21 14:47:08.045] - eth_accounts
[2019/01/21 14:47:13.059] - net_version
[2019/01/21 14:47:13.064] - eth_accounts
[2019/01/21 14:47:13.068] - eth_getBalance
[2019/01/21 14:47:13.074] - eth_getBalance
[2019/01/21 14:47:13.081] - eth_getBalance
[2019/01/21 14:47:13.085] - eth_getBalance
[2019/01/21 14:47:13.089] - eth_getBalance
[2019/01/21 14:47:13.095] - eth_getBalance
[2019/01/21 14:47:13.102] - eth_getBalance
[2019/01/21 14:47:13.107] - eth_getBalance
[2019/01/21 14:47:13.115] - eth_getBalance
[2019/01/21 14:47:13.121] - eth_getBalance
[2019/01/21 14:47:18.043] - net_version
[2019/01/21 14:47:18.044] - eth_accounts
[2019/01/21 14:47:23.152] - eth_getBlockByNumber
[2019/01/21 14:47:23.154] - net_version
[2019/01/21 14:47:23.157] - eth_accounts
[2019/01/21 14:47:23.158] - eth_getBalance
[2019/01/21 14:47:23.166] - eth_getBalance
[2019/01/21 14:47:23.167] - eth_getBalance
[2019/01/21 14:47:23.169] - eth_getBalance
[2019/01/21 14:47:23.170] - eth_getBalance
[2019/01/21 14:47:23.175] - eth_getBalance
[2019/01/21 14:47:23.176] - eth_getBalance
[2019/01/21 14:47:23.180] - eth_getBalance
[2019/01/21 14:47:23.181] - eth_getBalance
[2019/01/21 14:47:23.185] - eth_getBalance
[2019/01/21 14:47:25.896] - eth_accounts
[2019/01/21 14:47:25.912] - eth_call
[2019/01/21 14:47:26.018] - eth_accounts
[2019/01/21 14:47:26.035] - eth_call
[2019/01/21 14:47:26.041] - eth_call
[2019/01/21 14:47:26.113] - eth_call
[2019/01/21 14:47:28.143] - net_version
[2019/01/21 14:47:28.144] - eth_accounts
[2019/01/21 14:47:33.154] - net_version
[2019/01/21 14:47:33.156] - eth_accounts
[2019/01/21 14:47:33.157] - eth_getBalance
[2019/01/21 14:47:33.159] - eth_getBalance
[2019/01/21 14:47:33.161] - eth_getBalance
[2019/01/21 14:47:33.165] - eth_getBalance
[2019/01/21 14:47:33.167] - eth_getBalance
[2019/01/21 14:47:33.168] - eth_getBalance
[2019/01/21 14:47:33.180] - eth_getBalance
[2019/01/21 14:47:33.182] - eth_getBalance
[2019/01/21 14:47:33.183] - eth_getBalance
[2019/01/21 14:47:33.184] - eth_getBalance
[2019/01/21 14:47:37.962] - eth_getBlockByNumber
[2019/01/21 14:47:38.044] - net_version
[2019/01/21 14:47:38.045] - eth_accounts
[2019/01/21 14:47:43.151] - net_version
[2019/01/21 14:47:43.152] - eth_accounts
[2019/01/21 14:47:43.156] - eth_getBalance
[2019/01/21 14:47:43.158] - eth_getBalance
[2019/01/21 14:47:43.161] - eth_getBalance
[2019/01/21 14:47:43.164] - eth_getBalance
[2019/01/21 14:47:43.168] - eth_getBalance
[2019/01/21 14:47:43.169] - eth_getBalance
[2019/01/21 14:47:43.173] - eth_getBalance
[2019/01/21 14:47:43.175] - eth_getBalance
[2019/01/21 14:47:43.179] - eth_getBalance
[2019/01/21 14:47:43.180] - eth_getBalance
[2019/01/21 14:47:48.143] - net_version
[2019/01/21 14:47:48.144] - eth_accounts
[2019/01/21 14:47:53.152] - eth_getBlockByNumber
[2019/01/21 14:47:53.155] - net_version
[2019/01/21 14:47:53.157] - eth_accounts
[2019/01/21 14:47:53.158] - eth_getBalance
[2019/01/21 14:47:53.159] - eth_getBalance
[2019/01/21 14:47:53.162] - eth_getBalance
[2019/01/21 14:47:53.163] - eth_getBalance
[2019/01/21 14:47:53.166] - eth_getBalance
[2019/01/21 14:47:53.168] - eth_getBalance
[2019/01/21 14:47:53.172] - eth_getBalance
[2019/01/21 14:47:53.173] - eth_getBalance
[2019/01/21 14:47:53.178] - eth_getBalance
[2019/01/21 14:47:53.179] - eth_getBalance
[2019/01/21 14:47:58.144] - net_version
[2019/01/21 14:47:58.145] - eth_accounts
[2019/01/21 14:48:03.152] - net_version
[2019/01/21 14:48:03.154] - eth_accounts
[2019/01/21 14:48:03.156] - eth_getBalance
[2019/01/21 14:48:03.159] - eth_getBalance
[2019/01/21 14:48:03.161] - eth_getBalance
[2019/01/21 14:48:03.165] - eth_getBalance
[2019/01/21 14:48:03.166] - eth_getBalance
[2019/01/21 14:48:03.170] - eth_getBalance
[2019/01/21 14:48:03.172] - eth_getBalance
[2019/01/21 14:48:03.176] - eth_getBalance
[2019/01/21 14:48:03.179] - eth_getBalance
[2019/01/21 14:48:03.183] - eth_getBalance
[2019/01/21 14:48:08.143] - eth_getBlockByNumber
[2019/01/21 14:48:08.144] - net_version
[2019/01/21 14:48:08.146] - eth_accounts
[2019/01/21 14:48:13.155] - net_version
[2019/01/21 14:48:13.157] - eth_accounts
[2019/01/21 14:48:13.159] - eth_getBalance
[2019/01/21 14:48:13.161] - eth_getBalance
[2019/01/21 14:48:13.164] - eth_getBalance
[2019/01/21 14:48:13.165] - eth_getBalance
[2019/01/21 14:48:13.169] - eth_getBalance
[2019/01/21 14:48:13.172] - eth_getBalance
[2019/01/21 14:48:13.173] - eth_getBalance
[2019/01/21 14:48:13.179] - eth_getBalance
[2019/01/21 14:48:13.181] - eth_getBalance
[2019/01/21 14:48:13.185] - eth_getBalance
[2019/01/21 14:48:18.142] - net_version
[2019/01/21 14:48:18.144] - eth_accounts
[2019/01/21 14:48:23.163] - eth_getBlockByNumber
[2019/01/21 14:48:23.166] - net_version
[2019/01/21 14:48:23.168] - eth_accounts
[2019/01/21 14:48:23.173] - eth_getBalance
[2019/01/21 14:48:23.176] - eth_getBalance
[2019/01/21 14:48:23.178] - eth_getBalance
[2019/01/21 14:48:23.182] - eth_getBalance
[2019/01/21 14:48:23.186] - eth_getBalance
[2019/01/21 14:48:23.187] - eth_getBalance
[2019/01/21 14:48:23.192] - eth_getBalance
[2019/01/21 14:48:23.194] - eth_getBalance
[2019/01/21 14:48:23.197] - eth_getBalance
[2019/01/21 14:48:23.199] - eth_getBalance
[2019/01/21 14:48:28.143] - net_version
[2019/01/21 14:48:28.144] - eth_accounts
