[2019/01/17 15:53:05.882] - Starting server (version 1.2.2) with initial configuration: {"hostname":"127.0.0.1","port":7545,"network_id":5777,"default_balance_ether":100,"total_accounts":10,"unlocked_accounts":[],"locked":false,"vmErrorsOnRPCResponse":true,"verbose":false,"gasLimit":10000000,"gasPrice":2000,"logDirectory":"C:\\Users\\GHOST\\Documents\\GitHub\\EV-Charging-with-Smart-Contract"}
[2019/01/17 15:53:06.164] - eth_subscribe
[2019/01/17 15:53:06.168] - eth_accounts
[2019/01/17 15:53:06.171] - eth_gasPrice
[2019/01/17 15:53:06.178] - eth_getBlockByNumber
[2019/01/17 15:53:06.211] - eth_getBalance
[2019/01/17 15:53:06.218] - eth_getTransactionCount
[2019/01/17 15:53:06.225] - eth_getBalance
[2019/01/17 15:53:06.227] - eth_getTransactionCount
[2019/01/17 15:53:06.231] - eth_getBalance
[2019/01/17 15:53:06.237] - eth_getTransactionCount
[2019/01/17 15:53:06.241] - eth_getBalance
[2019/01/17 15:53:06.245] - eth_getTransactionCount
[2019/01/17 15:53:06.249] - eth_getBalance
[2019/01/17 15:53:06.252] - eth_getTransactionCount
[2019/01/17 15:53:06.254] - eth_getBalance
[2019/01/17 15:53:06.258] - eth_getTransactionCount
[2019/01/17 15:53:06.261] - eth_getBalance
[2019/01/17 15:53:06.270] - eth_getTransactionCount
[2019/01/17 15:53:06.272] - eth_getBalance
[2019/01/17 15:53:06.276] - eth_getTransactionCount
[2019/01/17 15:53:06.278] - eth_getBalance
[2019/01/17 15:53:06.280] - eth_getTransactionCount
[2019/01/17 15:53:06.285] - eth_getBalance
[2019/01/17 15:53:06.286] - eth_getTransactionCount
