[2019/01/16 15:33:19.085] - Starting server (version 1.2.2) with initial configuration: {"hostname":"192.168.2.2","port":7545,"network_id":5777,"default_balance_ether":100,"total_accounts":10,"unlocked_accounts":[],"locked":false,"vmErrorsOnRPCResponse":true,"verbose":false,"gasLimit":10000000,"gasPrice":2000,"logDirectory":"C:\\Users\\GHOST\\Documents\\GitHub\\EV-Charging-with-Smart-Contract"}
[2019/01/16 15:33:19.262] - eth_accounts
[2019/01/16 15:33:19.264] - eth_gasPrice
[2019/01/16 15:33:19.266] - eth_getBlockByNumber
[2019/01/16 15:33:19.269] - eth_subscribe
[2019/01/16 15:33:19.275] - eth_getBalance
[2019/01/16 15:33:19.279] - eth_getTransactionCount
[2019/01/16 15:33:19.284] - eth_getBalance
[2019/01/16 15:33:19.289] - eth_getTransactionCount
[2019/01/16 15:33:19.292] - eth_getBalance
[2019/01/16 15:33:19.297] - eth_getTransactionCount
[2019/01/16 15:33:19.301] - eth_getBalance
[2019/01/16 15:33:19.303] - eth_getTransactionCount
[2019/01/16 15:33:19.305] - eth_getBalance
[2019/01/16 15:33:19.307] - eth_getTransactionCount
[2019/01/16 15:33:19.310] - eth_getBalance
[2019/01/16 15:33:19.313] - eth_getTransactionCount
[2019/01/16 15:33:19.315] - eth_getBalance
[2019/01/16 15:33:19.318] - eth_getTransactionCount
[2019/01/16 15:33:19.320] - eth_getBalance
[2019/01/16 15:33:19.322] - eth_getTransactionCount
[2019/01/16 15:33:19.325] - eth_getBalance
[2019/01/16 15:33:19.328] - eth_getTransactionCount
[2019/01/16 15:33:19.330] - eth_getBalance
[2019/01/16 15:33:19.333] - eth_getTransactionCount
[2019/01/16 15:33:29.499] - net_listening
[2019/01/16 15:33:29.569] - eth_getBlockByNumber
[2019/01/16 15:33:29.625] - net_version
[2019/01/16 15:33:29.634] - eth_accounts
[2019/01/16 15:33:29.648] - net_version
[2019/01/16 15:33:31.594] - net_version
[2019/01/16 15:33:31.602] - eth_accounts
[2019/01/16 15:33:31.640] - eth_getBlockByNumber
[2019/01/16 15:33:31.647] - net_version
[2019/01/16 15:33:31.668] - eth_accounts
[2019/01/16 15:33:36.302] - net_version
[2019/01/16 15:33:36.321] - eth_accounts
[2019/01/16 15:33:36.330] - eth_getBalance
[2019/01/16 15:33:36.333] - eth_getBalance
[2019/01/16 15:33:36.336] - eth_getBalance
[2019/01/16 15:33:36.340] - eth_getBalance
[2019/01/16 15:33:36.354] - eth_getBalance
[2019/01/16 15:33:36.365] - eth_getBalance
[2019/01/16 15:33:36.377] - eth_getBalance
[2019/01/16 15:33:36.398] - eth_getBalance
[2019/01/16 15:33:36.408] - eth_getBalance
[2019/01/16 15:33:36.434] - eth_getBalance
[2019/01/16 15:33:41.250] - net_version
[2019/01/16 15:33:41.260] - eth_accounts
[2019/01/16 15:33:45.999] - eth_getBlockByNumber
[2019/01/16 15:33:46.246] - net_version
[2019/01/16 15:33:46.276] - eth_getBalance
[2019/01/16 15:33:46.290] - eth_getBalance
[2019/01/16 15:33:46.293] - eth_getBalance
[2019/01/16 15:33:46.296] - eth_getBalance
[2019/01/16 15:33:46.301] - eth_getBalance
[2019/01/16 15:33:46.306] - eth_getBalance
[2019/01/16 15:33:46.314] - eth_getBalance
[2019/01/16 15:33:46.326] - eth_getBalance
[2019/01/16 15:33:46.339] - eth_getBalance
[2019/01/16 15:33:46.350] - eth_getBalance
[2019/01/16 15:33:46.364] - eth_accounts
[2019/01/16 15:33:51.256] - net_version
[2019/01/16 15:33:51.266] - eth_accounts
[2019/01/16 15:33:56.252] - eth_getBalance
[2019/01/16 15:33:56.286] - eth_getBalance
[2019/01/16 15:33:56.297] - eth_getBalance
[2019/01/16 15:33:56.303] - eth_getBalance
[2019/01/16 15:33:56.307] - eth_getBalance
[2019/01/16 15:33:56.329] - eth_getBalance
[2019/01/16 15:33:56.364] - eth_getBalance
[2019/01/16 15:33:56.380] - eth_getBalance
[2019/01/16 15:33:56.384] - eth_getBalance
[2019/01/16 15:33:56.389] - eth_getBalance
[2019/01/16 15:33:56.398] - net_version
[2019/01/16 15:33:56.402] - eth_accounts
[2019/01/16 15:34:00.979] - eth_getBlockByNumber
[2019/01/16 15:34:01.245] - net_version
[2019/01/16 15:34:01.249] - eth_accounts
[2019/01/16 15:34:06.300] - net_version
[2019/01/16 15:34:06.329] - eth_accounts
[2019/01/16 15:34:06.340] - eth_getBalance
[2019/01/16 15:34:06.342] - eth_getBalance
[2019/01/16 15:34:06.345] - eth_getBalance
[2019/01/16 15:34:06.351] - eth_getBalance
[2019/01/16 15:34:06.358] - eth_getBalance
[2019/01/16 15:34:06.376] - eth_getBalance
[2019/01/16 15:34:06.388] - eth_getBalance
[2019/01/16 15:34:06.399] - eth_getBalance
[2019/01/16 15:34:06.415] - eth_getBalance
[2019/01/16 15:34:06.425] - eth_getBalance
[2019/01/16 15:34:11.247] - net_version
[2019/01/16 15:34:11.251] - eth_accounts
[2019/01/16 15:34:12.892] - net_version
[2019/01/16 15:34:12.911] - eth_accounts
[2019/01/16 15:34:12.942] - eth_estimateGas
[2019/01/16 15:34:13.204] - net_version
[2019/01/16 15:34:13.221] - eth_sendTransaction
[2019/01/16 15:34:13.501] - 
[2019/01/16 15:34:13.503] -   Transaction: 0x29c86553eea2b30d11cf084e845d17be6482c0bc3cd0765ff26091f020e97078
[2019/01/16 15:34:13.505] -   Contract created: 0x3129eaf1760e374a6feeac07b262c6092568c383
[2019/01/16 15:34:13.508] -   Gas usage: 1005949
[2019/01/16 15:34:13.509] -   Block Number: 1
[2019/01/16 15:34:13.511] -   Block Time: Wed Jan 16 2019 15:34:13 GMT+0300 (Turkey Standard Time)
[2019/01/16 15:34:13.515] - 
[2019/01/16 15:34:13.532] - net_version
[2019/01/16 15:34:13.557] - eth_getTransactionReceipt
[2019/01/16 15:34:13.569] - eth_getBalance
[2019/01/16 15:34:13.571] - eth_getTransactionCount
[2019/01/16 15:34:13.574] - eth_getBalance
[2019/01/16 15:34:13.585] - eth_getTransactionCount
[2019/01/16 15:34:13.592] - eth_getBalance
[2019/01/16 15:34:13.597] - eth_getTransactionByHash
[2019/01/16 15:34:13.600] - eth_getTransactionCount
[2019/01/16 15:34:13.604] - eth_getBalance
[2019/01/16 15:34:13.609] - eth_getTransactionCount
[2019/01/16 15:34:13.616] - eth_getBalance
[2019/01/16 15:34:13.674] - eth_getTransactionCount
[2019/01/16 15:34:13.677] - eth_getTransactionByHash
[2019/01/16 15:34:13.684] - eth_getBalance
[2019/01/16 15:34:13.688] - eth_getBalance
[2019/01/16 15:34:13.692] - eth_getBalance
[2019/01/16 15:34:13.697] - eth_getBalance
[2019/01/16 15:34:13.702] - eth_getBalance
[2019/01/16 15:34:13.705] - eth_getBalance
[2019/01/16 15:34:13.707] - eth_getTransactionCount
[2019/01/16 15:34:13.711] - eth_getBalance
[2019/01/16 15:34:13.723] - eth_getTransactionCount
[2019/01/16 15:34:13.730] - eth_getBalance
[2019/01/16 15:34:13.744] - eth_getTransactionCount
[2019/01/16 15:34:13.754] - eth_getBalance
[2019/01/16 15:34:13.769] - eth_getBalance
[2019/01/16 15:34:13.771] - eth_getTransactionCount
[2019/01/16 15:34:13.776] - eth_getBalance
[2019/01/16 15:34:13.787] - eth_getBalance
[2019/01/16 15:34:13.792] - eth_getBalance
[2019/01/16 15:34:13.804] - eth_getTransactionCount
[2019/01/16 15:34:13.809] - eth_getBalance
[2019/01/16 15:34:13.817] - eth_getBalance
[2019/01/16 15:34:13.828] - eth_getTransactionReceipt
[2019/01/16 15:34:15.979] - eth_getBlockByNumber
[2019/01/16 15:34:16.248] - net_version
[2019/01/16 15:34:16.275] - eth_accounts
[2019/01/16 15:34:16.286] - eth_getBalance
[2019/01/16 15:34:16.294] - eth_getBalance
[2019/01/16 15:34:16.296] - eth_getBalance
[2019/01/16 15:34:16.299] - eth_getBalance
[2019/01/16 15:34:16.308] - eth_getBalance
[2019/01/16 15:34:16.319] - eth_getBalance
[2019/01/16 15:34:16.335] - eth_getBalance
[2019/01/16 15:34:16.344] - eth_getBalance
[2019/01/16 15:34:16.356] - eth_getBalance
[2019/01/16 15:34:16.371] - eth_getBalance
[2019/01/16 15:34:21.255] - net_version
[2019/01/16 15:34:21.262] - eth_accounts
[2019/01/16 15:34:26.246] - net_version
[2019/01/16 15:34:26.257] - eth_accounts
[2019/01/16 15:34:26.277] - eth_getBalance
[2019/01/16 15:34:26.294] - eth_getBalance
[2019/01/16 15:34:26.300] - eth_getBalance
[2019/01/16 15:34:26.346] - eth_getBalance
[2019/01/16 15:34:26.378] - eth_getBalance
[2019/01/16 15:34:26.383] - eth_getBalance
[2019/01/16 15:34:26.386] - eth_getBalance
[2019/01/16 15:34:26.388] - eth_getBalance
[2019/01/16 15:34:26.391] - eth_getBalance
[2019/01/16 15:34:26.403] - eth_getBalance
[2019/01/16 15:34:30.981] - eth_getBlockByNumber
[2019/01/16 15:34:31.245] - net_version
[2019/01/16 15:34:31.248] - eth_accounts
[2019/01/16 15:34:36.311] - net_version
[2019/01/16 15:34:36.373] - eth_accounts
[2019/01/16 15:34:36.380] - eth_getBalance
[2019/01/16 15:34:36.383] - eth_getBalance
[2019/01/16 15:34:36.394] - eth_getBalance
[2019/01/16 15:34:36.408] - eth_getBalance
[2019/01/16 15:34:36.412] - eth_getBalance
[2019/01/16 15:34:36.426] - eth_getBalance
[2019/01/16 15:34:36.437] - eth_getBalance
[2019/01/16 15:34:36.460] - eth_getBalance
[2019/01/16 15:34:36.472] - eth_getBalance
[2019/01/16 15:34:36.493] - eth_getBalance
[2019/01/16 15:34:41.246] - net_version
[2019/01/16 15:34:41.255] - eth_accounts
[2019/01/16 15:34:45.985] - eth_getBlockByNumber
[2019/01/16 15:34:46.249] - net_version
[2019/01/16 15:34:46.272] - eth_getBalance
[2019/01/16 15:34:46.287] - eth_getBalance
[2019/01/16 15:34:46.300] - eth_getBalance
[2019/01/16 15:34:46.303] - eth_getBalance
[2019/01/16 15:34:46.308] - eth_getBalance
[2019/01/16 15:34:46.314] - eth_getBalance
[2019/01/16 15:34:46.327] - eth_getBalance
[2019/01/16 15:34:46.343] - eth_getBalance
[2019/01/16 15:34:46.356] - eth_accounts
[2019/01/16 15:34:46.370] - eth_getBalance
[2019/01/16 15:34:46.382] - eth_getBalance
[2019/01/16 15:34:51.267] - net_version
[2019/01/16 15:34:51.272] - eth_accounts
[2019/01/16 15:34:56.247] - net_version
[2019/01/16 15:34:56.273] - eth_accounts
[2019/01/16 15:34:56.281] - eth_getBalance
[2019/01/16 15:34:56.290] - eth_getBalance
[2019/01/16 15:34:56.297] - eth_getBalance
[2019/01/16 15:34:56.301] - eth_getBalance
[2019/01/16 15:34:56.306] - eth_getBalance
[2019/01/16 15:34:56.392] - eth_getBalance
[2019/01/16 15:34:56.422] - eth_getBalance
[2019/01/16 15:34:56.427] - eth_getBalance
[2019/01/16 15:34:56.441] - eth_getBalance
[2019/01/16 15:34:56.444] - eth_getBalance
[2019/01/16 15:35:00.981] - eth_getBlockByNumber
[2019/01/16 15:35:01.247] - net_version
[2019/01/16 15:35:01.253] - eth_accounts
[2019/01/16 15:35:06.315] - net_version
[2019/01/16 15:35:06.329] - eth_accounts
[2019/01/16 15:35:06.347] - eth_getBalance
[2019/01/16 15:35:06.353] - eth_getBalance
[2019/01/16 15:35:06.365] - eth_getBalance
[2019/01/16 15:35:06.369] - eth_getBalance
[2019/01/16 15:35:06.373] - eth_getBalance
[2019/01/16 15:35:06.385] - eth_getBalance
[2019/01/16 15:35:06.396] - eth_getBalance
[2019/01/16 15:35:06.401] - eth_getBalance
[2019/01/16 15:35:06.412] - eth_getBalance
[2019/01/16 15:35:06.424] - eth_getBalance
[2019/01/16 15:35:11.245] - net_version
[2019/01/16 15:35:11.250] - eth_accounts
[2019/01/16 15:35:15.992] - eth_getBlockByNumber
[2019/01/16 15:35:16.244] - net_version
[2019/01/16 15:35:16.307] - eth_getBalance
[2019/01/16 15:35:16.333] - eth_getBalance
[2019/01/16 15:35:16.335] - eth_getBalance
[2019/01/16 15:35:16.339] - eth_getBalance
[2019/01/16 15:35:16.342] - eth_getBalance
[2019/01/16 15:35:16.345] - eth_getBalance
[2019/01/16 15:35:16.362] - eth_getBalance
[2019/01/16 15:35:16.388] - eth_getBalance
[2019/01/16 15:35:16.391] - eth_getBalance
[2019/01/16 15:35:16.407] - eth_getBalance
[2019/01/16 15:35:16.427] - eth_accounts
[2019/01/16 15:35:21.259] - net_version
[2019/01/16 15:35:21.267] - eth_accounts
[2019/01/16 15:35:26.245] - net_version
[2019/01/16 15:35:26.268] - eth_accounts
[2019/01/16 15:35:26.283] - eth_getBalance
[2019/01/16 15:35:26.294] - eth_getBalance
[2019/01/16 15:35:26.298] - eth_getBalance
[2019/01/16 15:35:26.349] - eth_getBalance
[2019/01/16 15:35:26.371] - eth_getBalance
[2019/01/16 15:35:26.377] - eth_getBalance
[2019/01/16 15:35:26.381] - eth_getBalance
[2019/01/16 15:35:26.385] - eth_getBalance
[2019/01/16 15:35:26.392] - eth_getBalance
[2019/01/16 15:35:26.412] - eth_getBalance
[2019/01/16 15:35:30.977] - eth_getBlockByNumber
[2019/01/16 15:35:31.244] - net_version
[2019/01/16 15:35:31.247] - eth_accounts
[2019/01/16 15:35:36.323] - net_version
[2019/01/16 15:35:36.368] - eth_accounts
[2019/01/16 15:35:36.378] - eth_getBalance
[2019/01/16 15:35:36.386] - eth_getBalance
[2019/01/16 15:35:36.391] - eth_getBalance
[2019/01/16 15:35:36.403] - eth_getBalance
[2019/01/16 15:35:36.423] - eth_getBalance
[2019/01/16 15:35:36.433] - eth_getBalance
[2019/01/16 15:35:36.444] - eth_getBalance
[2019/01/16 15:35:36.484] - eth_getBalance
[2019/01/16 15:35:36.507] - eth_getBalance
[2019/01/16 15:35:36.527] - eth_getBalance
[2019/01/16 15:35:41.247] - net_version
[2019/01/16 15:35:41.250] - eth_accounts
[2019/01/16 15:35:45.986] - eth_getBlockByNumber
[2019/01/16 15:35:46.244] - net_version
[2019/01/16 15:35:46.263] - eth_getBalance
[2019/01/16 15:35:46.284] - eth_getBalance
[2019/01/16 15:35:46.290] - eth_getBalance
[2019/01/16 15:35:46.294] - eth_getBalance
[2019/01/16 15:35:46.296] - eth_accounts
[2019/01/16 15:35:46.299] - eth_getBalance
[2019/01/16 15:35:46.313] - eth_getBalance
[2019/01/16 15:35:46.324] - eth_getBalance
[2019/01/16 15:35:46.330] - eth_getBalance
[2019/01/16 15:35:46.342] - eth_getBalance
[2019/01/16 15:35:46.355] - eth_getBalance
[2019/01/16 15:35:51.258] - net_version
[2019/01/16 15:35:51.262] - eth_accounts
[2019/01/16 15:35:56.244] - net_version
[2019/01/16 15:35:56.286] - eth_getBalance
[2019/01/16 15:35:56.299] - eth_getBalance
[2019/01/16 15:35:56.318] - eth_accounts
[2019/01/16 15:35:56.354] - eth_getBalance
[2019/01/16 15:35:56.382] - eth_getBalance
[2019/01/16 15:35:56.385] - eth_getBalance
[2019/01/16 15:35:56.387] - eth_getBalance
[2019/01/16 15:35:56.400] - eth_getBalance
[2019/01/16 15:35:56.403] - eth_getBalance
[2019/01/16 15:35:56.417] - eth_getBalance
[2019/01/16 15:35:56.431] - eth_getBalance
[2019/01/16 15:36:00.979] - eth_getBlockByNumber
[2019/01/16 15:36:01.245] - net_version
[2019/01/16 15:36:01.249] - eth_accounts
[2019/01/16 15:36:06.334] - net_version
[2019/01/16 15:36:06.368] - eth_accounts
[2019/01/16 15:36:06.380] - eth_getBalance
[2019/01/16 15:36:06.390] - eth_getBalance
[2019/01/16 15:36:06.393] - eth_getBalance
[2019/01/16 15:36:06.395] - eth_getBalance
[2019/01/16 15:36:06.398] - eth_getBalance
[2019/01/16 15:36:06.411] - eth_getBalance
[2019/01/16 15:36:06.423] - eth_getBalance
[2019/01/16 15:36:06.427] - eth_getBalance
[2019/01/16 15:36:06.430] - eth_getBalance
[2019/01/16 15:36:06.441] - eth_getBalance
[2019/01/16 15:36:11.245] - net_version
[2019/01/16 15:36:11.253] - eth_accounts
[2019/01/16 15:36:15.988] - eth_getBlockByNumber
[2019/01/16 15:36:16.251] - net_version
[2019/01/16 15:36:16.295] - eth_getBalance
[2019/01/16 15:36:16.304] - eth_getBalance
[2019/01/16 15:36:16.312] - eth_getBalance
[2019/01/16 15:36:16.315] - eth_getBalance
[2019/01/16 15:36:16.317] - eth_getBalance
[2019/01/16 15:36:16.321] - eth_getBalance
[2019/01/16 15:36:16.335] - eth_getBalance
[2019/01/16 15:36:16.348] - eth_getBalance
[2019/01/16 15:36:16.352] - eth_getBalance
[2019/01/16 15:36:16.361] - eth_accounts
[2019/01/16 15:36:16.372] - eth_getBalance
[2019/01/16 15:36:21.255] - net_version
[2019/01/16 15:36:21.260] - eth_accounts
[2019/01/16 15:36:26.243] - net_version
[2019/01/16 15:36:26.248] - eth_accounts
[2019/01/16 15:36:26.315] - eth_getBalance
[2019/01/16 15:36:26.338] - eth_getBalance
[2019/01/16 15:36:26.355] - eth_getBalance
[2019/01/16 15:36:26.375] - eth_getBalance
[2019/01/16 15:36:26.379] - eth_getBalance
[2019/01/16 15:36:26.390] - eth_getBalance
[2019/01/16 15:36:26.404] - eth_getBalance
[2019/01/16 15:36:26.423] - eth_getBalance
[2019/01/16 15:36:26.452] - eth_getBalance
[2019/01/16 15:36:26.455] - eth_getBalance
[2019/01/16 15:36:30.983] - eth_getBlockByNumber
[2019/01/16 15:36:31.244] - net_version
[2019/01/16 15:36:31.251] - eth_accounts
[2019/01/16 15:36:36.312] - eth_getBalance
[2019/01/16 15:36:36.326] - eth_getBalance
[2019/01/16 15:36:36.333] - eth_getBalance
[2019/01/16 15:36:36.347] - eth_getBalance
[2019/01/16 15:36:36.350] - eth_getBalance
[2019/01/16 15:36:36.354] - eth_getBalance
[2019/01/16 15:36:36.366] - eth_getBalance
[2019/01/16 15:36:36.377] - eth_getBalance
[2019/01/16 15:36:36.388] - eth_getBalance
[2019/01/16 15:36:36.396] - eth_getBalance
[2019/01/16 15:36:36.409] - net_version
[2019/01/16 15:36:36.418] - eth_accounts
[2019/01/16 15:36:41.245] - net_version
[2019/01/16 15:36:41.249] - eth_accounts
[2019/01/16 15:36:46.000] - eth_getBlockByNumber
[2019/01/16 15:36:46.246] - net_version
[2019/01/16 15:36:46.288] - eth_getBalance
[2019/01/16 15:36:46.294] - eth_getBalance
[2019/01/16 15:36:46.302] - eth_getBalance
[2019/01/16 15:36:46.306] - eth_getBalance
[2019/01/16 15:36:46.312] - eth_getBalance
[2019/01/16 15:36:46.318] - eth_getBalance
[2019/01/16 15:36:46.329] - eth_getBalance
[2019/01/16 15:36:46.339] - eth_getBalance
[2019/01/16 15:36:46.345] - eth_getBalance
[2019/01/16 15:36:46.364] - eth_getBalance
[2019/01/16 15:36:46.386] - eth_accounts
[2019/01/16 15:36:51.254] - net_version
[2019/01/16 15:36:51.257] - eth_accounts
[2019/01/16 15:36:56.245] - net_version
[2019/01/16 15:36:56.261] - eth_accounts
[2019/01/16 15:36:56.277] - eth_getBalance
[2019/01/16 15:36:56.283] - eth_getBalance
[2019/01/16 15:36:56.287] - eth_getBalance
[2019/01/16 15:36:56.291] - eth_getBalance
[2019/01/16 15:36:56.329] - eth_getBalance
[2019/01/16 15:36:56.345] - eth_getBalance
[2019/01/16 15:36:56.353] - eth_getBalance
[2019/01/16 15:36:56.360] - eth_getBalance
[2019/01/16 15:36:56.363] - eth_getBalance
[2019/01/16 15:36:56.367] - eth_getBalance
[2019/01/16 15:37:00.991] - eth_getBlockByNumber
[2019/01/16 15:37:01.243] - net_version
[2019/01/16 15:37:01.246] - eth_accounts
[2019/01/16 15:37:06.298] - eth_accounts
[2019/01/16 15:37:06.322] - eth_getBalance
[2019/01/16 15:37:06.326] - net_version
[2019/01/16 15:37:06.329] - eth_getBalance
[2019/01/16 15:37:06.334] - eth_getBalance
[2019/01/16 15:37:06.337] - eth_getBalance
[2019/01/16 15:37:06.345] - eth_getBalance
[2019/01/16 15:37:06.358] - eth_getBalance
[2019/01/16 15:37:06.366] - eth_getBalance
[2019/01/16 15:37:06.369] - eth_getBalance
[2019/01/16 15:37:06.379] - eth_getBalance
[2019/01/16 15:37:06.388] - eth_getBalance
[2019/01/16 15:37:11.247] - net_version
[2019/01/16 15:37:11.251] - eth_accounts
[2019/01/16 15:37:15.588] - eth_accounts
[2019/01/16 15:37:15.634] - eth_call
[2019/01/16 15:37:15.644] - eth_call
[2019/01/16 15:37:15.875] - eth_call
[2019/01/16 15:37:15.983] - eth_getBlockByNumber
[2019/01/16 15:37:16.245] - net_version
[2019/01/16 15:37:16.250] - eth_accounts
[2019/01/16 15:37:16.260] - eth_getBalance
[2019/01/16 15:37:16.283] - eth_getBalance
[2019/01/16 15:37:16.296] - eth_getBalance
[2019/01/16 15:37:16.299] - eth_getBalance
[2019/01/16 15:37:16.302] - eth_getBalance
[2019/01/16 15:37:16.304] - eth_getBalance
[2019/01/16 15:37:16.316] - eth_getBalance
[2019/01/16 15:37:16.328] - eth_getBalance
[2019/01/16 15:37:16.332] - eth_getBalance
[2019/01/16 15:37:16.345] - eth_getBalance
[2019/01/16 15:37:21.263] - net_version
[2019/01/16 15:37:21.272] - eth_accounts
[2019/01/16 15:37:26.251] - net_version
[2019/01/16 15:37:26.255] - eth_accounts
[2019/01/16 15:37:26.275] - eth_getBalance
[2019/01/16 15:37:26.340] - eth_getBalance
[2019/01/16 15:37:26.345] - eth_getBalance
[2019/01/16 15:37:26.352] - eth_getBalance
[2019/01/16 15:37:26.365] - eth_getBalance
[2019/01/16 15:37:26.371] - eth_getBalance
[2019/01/16 15:37:26.376] - eth_getBalance
[2019/01/16 15:37:26.401] - eth_getBalance
[2019/01/16 15:37:26.406] - eth_getBalance
[2019/01/16 15:37:26.414] - eth_getBalance
[2019/01/16 15:37:30.980] - eth_getBlockByNumber
[2019/01/16 15:37:31.245] - net_version
[2019/01/16 15:37:31.250] - eth_accounts
[2019/01/16 15:37:36.306] - net_version
[2019/01/16 15:37:36.310] - eth_accounts
[2019/01/16 15:37:36.330] - eth_getBalance
[2019/01/16 15:37:36.348] - eth_getBalance
[2019/01/16 15:37:36.353] - eth_getBalance
[2019/01/16 15:37:36.355] - eth_getBalance
[2019/01/16 15:37:36.361] - eth_getBalance
[2019/01/16 15:37:36.368] - eth_getBalance
[2019/01/16 15:37:36.378] - eth_getBalance
[2019/01/16 15:37:36.392] - eth_getBalance
[2019/01/16 15:37:36.405] - eth_getBalance
[2019/01/16 15:37:36.407] - eth_getBalance
[2019/01/16 15:37:41.252] - net_version
[2019/01/16 15:37:41.256] - eth_accounts
[2019/01/16 15:37:46.000] - eth_getBlockByNumber
[2019/01/16 15:37:46.244] - net_version
[2019/01/16 15:37:46.248] - eth_accounts
[2019/01/16 15:37:46.277] - eth_getBalance
[2019/01/16 15:37:46.286] - eth_getBalance
[2019/01/16 15:37:46.293] - eth_getBalance
[2019/01/16 15:37:46.295] - eth_getBalance
[2019/01/16 15:37:46.298] - eth_getBalance
[2019/01/16 15:37:46.304] - eth_getBalance
[2019/01/16 15:37:46.317] - eth_getBalance
[2019/01/16 15:37:46.330] - eth_getBalance
[2019/01/16 15:37:46.332] - eth_getBalance
[2019/01/16 15:37:46.348] - eth_getBalance
[2019/01/16 15:37:51.256] - net_version
[2019/01/16 15:37:51.261] - eth_accounts
[2019/01/16 15:37:56.246] - net_version
[2019/01/16 15:37:56.261] - eth_accounts
[2019/01/16 15:37:56.274] - eth_getBalance
[2019/01/16 15:37:56.281] - eth_getBalance
[2019/01/16 15:37:56.289] - eth_getBalance
[2019/01/16 15:37:56.292] - eth_getBalance
[2019/01/16 15:37:56.301] - eth_getBalance
[2019/01/16 15:37:56.303] - eth_getBalance
[2019/01/16 15:37:56.313] - eth_getBalance
[2019/01/16 15:37:56.346] - eth_getBalance
[2019/01/16 15:37:56.361] - eth_getBalance
[2019/01/16 15:37:56.367] - eth_getBalance
[2019/01/16 15:38:00.984] - eth_getBlockByNumber
[2019/01/16 15:38:01.245] - net_version
[2019/01/16 15:38:01.253] - eth_accounts
