[2019/01/18 09:31:32.524] - Starting server (version 1.2.2) with initial configuration: {"hostname":"127.0.0.1","port":7545,"network_id":5777,"default_balance_ether":100,"total_accounts":10,"unlocked_accounts":[],"locked":false,"vmErrorsOnRPCResponse":true,"verbose":false,"gasLimit":10000000,"gasPrice":2000,"logDirectory":"C:\\Users\\GHOST\\Documents\\GitHub\\EV-Charging-with-Smart-Contract"}
[2019/01/18 09:31:32.795] - eth_accounts
[2019/01/18 09:31:32.799] - eth_gasPrice
[2019/01/18 09:31:32.801] - eth_getBlockByNumber
[2019/01/18 09:31:32.807] - eth_subscribe
[2019/01/18 09:31:32.832] - eth_getBalance
[2019/01/18 09:31:32.845] - eth_getTransactionCount
[2019/01/18 09:31:32.848] - eth_getBalance
[2019/01/18 09:31:32.853] - eth_getTransactionCount
[2019/01/18 09:31:32.855] - eth_getBalance
[2019/01/18 09:31:32.857] - eth_getTransactionCount
[2019/01/18 09:31:32.861] - eth_getBalance
[2019/01/18 09:31:32.863] - eth_getTransactionCount
[2019/01/18 09:31:32.865] - eth_getBalance
[2019/01/18 09:31:32.867] - eth_getTransactionCount
[2019/01/18 09:31:32.871] - eth_getBalance
[2019/01/18 09:31:32.873] - eth_getTransactionCount
[2019/01/18 09:31:32.874] - eth_getBalance
[2019/01/18 09:31:32.878] - eth_getTransactionCount
[2019/01/18 09:31:32.879] - eth_getBalance
[2019/01/18 09:31:32.881] - eth_getTransactionCount
[2019/01/18 09:31:32.885] - eth_getBalance
[2019/01/18 09:31:32.887] - eth_getTransactionCount
[2019/01/18 09:31:32.889] - eth_getBalance
[2019/01/18 09:31:32.892] - eth_getTransactionCount
