[2019/01/18 09:30:45.923] - Starting server (version 1.2.2) with initial configuration: {"hostname":"127.0.0.1","port":7545,"network_id":5777,"default_balance_ether":100,"total_accounts":10,"unlocked_accounts":[],"locked":false,"vmErrorsOnRPCResponse":true,"verbose":false,"gasLimit":10000000,"gasPrice":2000,"logDirectory":"C:\\Users\\GHOST\\Documents\\GitHub\\EV-Charging-with-Smart-Contract"}
[2019/01/18 09:30:46.186] - eth_subscribe
[2019/01/18 09:30:46.195] - eth_accounts
[2019/01/18 09:30:46.197] - eth_gasPrice
[2019/01/18 09:30:46.202] - eth_getBlockByNumber
[2019/01/18 09:30:46.223] - eth_getBalance
[2019/01/18 09:30:46.236] - eth_getTransactionCount
[2019/01/18 09:30:46.238] - eth_getBalance
[2019/01/18 09:30:46.243] - eth_getTransactionCount
[2019/01/18 09:30:46.245] - eth_getBalance
[2019/01/18 09:30:46.247] - eth_getTransactionCount
[2019/01/18 09:30:46.251] - eth_getBalance
[2019/01/18 09:30:46.253] - eth_getTransactionCount
[2019/01/18 09:30:46.255] - eth_getBalance
[2019/01/18 09:30:46.257] - eth_getTransactionCount
[2019/01/18 09:30:46.260] - eth_getBalance
[2019/01/18 09:30:46.262] - eth_getTransactionCount
[2019/01/18 09:30:46.264] - eth_getBalance
[2019/01/18 09:30:46.267] - eth_getTransactionCount
[2019/01/18 09:30:46.269] - eth_getBalance
[2019/01/18 09:30:46.271] - eth_getTransactionCount
[2019/01/18 09:30:46.274] - eth_getBalance
[2019/01/18 09:30:46.277] - eth_getTransactionCount
[2019/01/18 09:30:46.279] - eth_getBalance
[2019/01/18 09:30:46.282] - eth_getTransactionCount
