[2019/01/16 15:32:58.253] - Starting server (version 1.2.2) with initial configuration: {"hostname":"192.168.2.208","port":7545,"network_id":5777,"default_balance_ether":100,"total_accounts":10,"unlocked_accounts":[],"locked":false,"vmErrorsOnRPCResponse":true,"verbose":false,"gasLimit":10000000,"gasPrice":2000,"logDirectory":"C:\\Users\\GHOST\\Documents\\GitHub\\EV-Charging-with-Smart-Contract"}
[2019/01/16 15:32:58.446] - eth_accounts
[2019/01/16 15:32:58.450] - eth_gasPrice
[2019/01/16 15:32:58.454] - eth_getBlockByNumber
[2019/01/16 15:32:58.457] - eth_subscribe
[2019/01/16 15:32:58.460] - eth_getBalance
[2019/01/16 15:32:58.463] - eth_getTransactionCount
[2019/01/16 15:32:58.471] - eth_getBalance
[2019/01/16 15:32:58.474] - eth_getTransactionCount
[2019/01/16 15:32:58.476] - eth_getBalance
[2019/01/16 15:32:58.478] - eth_getTransactionCount
[2019/01/16 15:32:58.481] - eth_getBalance
[2019/01/16 15:32:58.484] - eth_getTransactionCount
[2019/01/16 15:32:58.486] - eth_getBalance
[2019/01/16 15:32:58.488] - eth_getTransactionCount
[2019/01/16 15:32:58.491] - eth_getBalance
[2019/01/16 15:32:58.495] - eth_getTransactionCount
[2019/01/16 15:32:58.499] - eth_getBalance
[2019/01/16 15:32:58.501] - eth_getTransactionCount
[2019/01/16 15:32:58.503] - eth_getBalance
[2019/01/16 15:32:58.507] - eth_getTransactionCount
[2019/01/16 15:32:58.509] - eth_getBalance
[2019/01/16 15:32:58.511] - eth_getTransactionCount
[2019/01/16 15:32:58.512] - eth_getBalance
[2019/01/16 15:32:58.516] - eth_getTransactionCount
