[2019/01/29 09:54:45.950] - Starting server (version 1.2.2) with initial configuration: {"hostname":"127.0.0.1","port":7545,"network_id":5777,"default_balance_ether":100,"total_accounts":10,"unlocked_accounts":[],"locked":false,"vmErrorsOnRPCResponse":true,"verbose":false,"gasLimit":10000000,"gasPrice":2000000000,"logDirectory":"C:\\Users\\GHOST\\Documents\\GitHub\\EV-Charging-with-Smart-Contract"}
[2019/01/29 09:54:46.415] - eth_accounts
[2019/01/29 09:54:46.423] - eth_gasPrice
[2019/01/29 09:54:46.425] - eth_getBlockByNumber
[2019/01/29 09:54:46.433] - eth_subscribe
[2019/01/29 09:54:46.474] - eth_getBalance
[2019/01/29 09:54:46.584] - eth_getTransactionCount
[2019/01/29 09:54:46.586] - eth_getBalance
[2019/01/29 09:54:46.611] - eth_getTransactionCount
[2019/01/29 09:54:46.629] - eth_getBalance
[2019/01/29 09:54:46.643] - eth_getTransactionCount
[2019/01/29 09:54:46.680] - eth_getBalance
[2019/01/29 09:54:46.696] - eth_getTransactionCount
[2019/01/29 09:54:46.710] - eth_getBalance
[2019/01/29 09:54:46.725] - eth_getTransactionCount
[2019/01/29 09:54:46.733] - eth_getBalance
[2019/01/29 09:54:46.742] - eth_getTransactionCount
[2019/01/29 09:54:46.752] - eth_getBalance
[2019/01/29 09:54:46.760] - eth_getTransactionCount
[2019/01/29 09:54:46.781] - eth_getBalance
[2019/01/29 09:54:46.801] - eth_getTransactionCount
[2019/01/29 09:54:46.825] - eth_getBalance
[2019/01/29 09:54:46.833] - eth_getTransactionCount
[2019/01/29 09:54:46.844] - eth_getBalance
[2019/01/29 09:54:46.862] - eth_getTransactionCount
[2019/01/29 09:56:44.867] - net_listening
[2019/01/29 09:56:44.924] - eth_getBlockByNumber
[2019/01/29 09:56:44.991] - net_version
[2019/01/29 09:56:45.030] - eth_accounts
[2019/01/29 09:56:45.038] - net_version
[2019/01/29 09:56:46.996] - net_version
[2019/01/29 09:56:47.004] - eth_accounts
[2019/01/29 09:56:47.949] - eth_getBlockByNumber
[2019/01/29 09:56:48.221] - net_version
[2019/01/29 09:56:48.223] - eth_accounts
[2019/01/29 09:56:48.231] - eth_getBalance
[2019/01/29 09:56:48.238] - eth_getBalance
[2019/01/29 09:56:48.250] - eth_getBalance
[2019/01/29 09:56:48.253] - eth_getBalance
[2019/01/29 09:56:48.257] - eth_getBalance
[2019/01/29 09:56:48.261] - eth_getBalance
[2019/01/29 09:56:48.270] - eth_getBalance
[2019/01/29 09:56:48.277] - eth_getBalance
[2019/01/29 09:56:48.286] - eth_getBalance
[2019/01/29 09:56:48.299] - eth_getBalance
[2019/01/29 09:56:51.624] - net_version
[2019/01/29 09:56:51.641] - eth_accounts
[2019/01/29 09:56:51.648] - eth_estimateGas
[2019/01/29 09:56:52.259] - net_version
[2019/01/29 09:56:52.269] - eth_sendTransaction
[2019/01/29 09:56:52.738] - 
[2019/01/29 09:56:52.740] -   Transaction: 0xe4c2056158bba4aa41b8e1b8831655e61a0821f28d95f7962d6fec561a5e0b3f
[2019/01/29 09:56:52.742] -   Contract created: 0x3129eaf1760e374a6feeac07b262c6092568c383
[2019/01/29 09:56:52.744] -   Gas usage: 2857662
[2019/01/29 09:56:52.746] -   Block Number: 1
[2019/01/29 09:56:52.748] -   Block Time: Tue Jan 29 2019 09:56:52 GMT+0300 (Turkey Standard Time)
[2019/01/29 09:56:52.749] - 
[2019/01/29 09:56:52.752] - net_version
[2019/01/29 09:56:52.754] - eth_getTransactionReceipt
[2019/01/29 09:56:52.758] - eth_getBalance
[2019/01/29 09:56:52.768] - eth_getTransactionCount
[2019/01/29 09:56:52.777] - eth_getBalance
[2019/01/29 09:56:52.781] - eth_getTransactionByHash
[2019/01/29 09:56:52.786] - eth_getTransactionCount
[2019/01/29 09:56:52.789] - eth_getBalance
[2019/01/29 09:56:52.809] - eth_getTransactionCount
[2019/01/29 09:56:52.813] - eth_getBalance
[2019/01/29 09:56:52.844] - eth_getTransactionCount
[2019/01/29 09:56:52.858] - eth_getTransactionByHash
[2019/01/29 09:56:52.860] - eth_getBalance
[2019/01/29 09:56:52.867] - eth_getBalance
[2019/01/29 09:56:52.870] - eth_getBalance
[2019/01/29 09:56:52.873] - eth_getBalance
[2019/01/29 09:56:52.875] - eth_getBalance
[2019/01/29 09:56:52.878] - eth_getBalance
[2019/01/29 09:56:52.881] - eth_getTransactionCount
[2019/01/29 09:56:52.885] - eth_getBalance
[2019/01/29 09:56:52.897] - eth_getTransactionCount
[2019/01/29 09:56:52.920] - eth_getBalance
[2019/01/29 09:56:52.933] - eth_getBalance
[2019/01/29 09:56:52.948] - eth_getBalance
[2019/01/29 09:56:52.960] - eth_getBalance
[2019/01/29 09:56:52.971] - eth_getBalance
[2019/01/29 09:56:52.987] - eth_getTransactionReceipt
[2019/01/29 09:56:52.992] - eth_getBalance
[2019/01/29 09:56:53.001] - eth_getTransactionCount
[2019/01/29 09:56:53.006] - eth_getBalance
[2019/01/29 09:56:53.198] - eth_getTransactionCount
[2019/01/29 09:56:53.202] - eth_getBalance
[2019/01/29 09:56:53.206] - eth_getTransactionCount
[2019/01/29 09:56:53.208] - eth_getBalance
[2019/01/29 09:56:53.212] - eth_getTransactionCount
[2019/01/29 09:56:53.221] - net_version
[2019/01/29 09:56:53.229] - eth_accounts
[2019/01/29 09:56:58.268] - net_version
[2019/01/29 09:56:58.276] - eth_accounts
[2019/01/29 09:56:58.288] - eth_getBalance
[2019/01/29 09:56:58.297] - eth_getBalance
[2019/01/29 09:56:58.304] - eth_getBalance
[2019/01/29 09:56:58.314] - eth_getBalance
[2019/01/29 09:56:58.327] - eth_getBalance
[2019/01/29 09:56:58.331] - eth_getBalance
[2019/01/29 09:56:58.340] - eth_getBalance
[2019/01/29 09:56:58.357] - eth_getBalance
[2019/01/29 09:56:58.362] - eth_getBalance
[2019/01/29 09:56:58.374] - eth_getBalance
[2019/01/29 09:57:02.948] - eth_getBlockByNumber
[2019/01/29 09:57:03.220] - net_version
[2019/01/29 09:57:03.226] - eth_accounts
[2019/01/29 09:57:08.276] - net_version
[2019/01/29 09:57:08.290] - eth_accounts
[2019/01/29 09:57:08.293] - eth_getBalance
[2019/01/29 09:57:08.297] - eth_getBalance
[2019/01/29 09:57:08.299] - eth_getBalance
[2019/01/29 09:57:08.301] - eth_getBalance
[2019/01/29 09:57:08.306] - eth_getBalance
[2019/01/29 09:57:08.319] - eth_getBalance
[2019/01/29 09:57:08.325] - eth_getBalance
[2019/01/29 09:57:08.333] - eth_getBalance
[2019/01/29 09:57:08.343] - eth_getBalance
[2019/01/29 09:57:08.354] - eth_getBalance
[2019/01/29 09:57:13.222] - net_version
[2019/01/29 09:57:13.225] - eth_accounts
[2019/01/29 09:57:17.956] - eth_getBlockByNumber
[2019/01/29 09:57:18.221] - net_version
[2019/01/29 09:57:18.246] - eth_getBalance
[2019/01/29 09:57:18.256] - eth_getBalance
[2019/01/29 09:57:18.266] - eth_getBalance
[2019/01/29 09:57:18.276] - eth_getBalance
[2019/01/29 09:57:18.285] - eth_getBalance
[2019/01/29 09:57:18.295] - eth_getBalance
[2019/01/29 09:57:18.305] - eth_getBalance
[2019/01/29 09:57:18.316] - eth_getBalance
[2019/01/29 09:57:18.327] - eth_getBalance
[2019/01/29 09:57:18.337] - eth_getBalance
[2019/01/29 09:57:18.349] - eth_accounts
[2019/01/29 09:57:23.235] - eth_accounts
[2019/01/29 09:57:23.247] - net_version
[2019/01/29 09:57:28.223] - net_version
[2019/01/29 09:57:28.232] - eth_accounts
[2019/01/29 09:57:28.249] - eth_getBalance
[2019/01/29 09:57:28.254] - eth_getBalance
[2019/01/29 09:57:28.293] - eth_getBalance
[2019/01/29 09:57:28.316] - eth_getBalance
[2019/01/29 09:57:28.318] - eth_getBalance
[2019/01/29 09:57:28.321] - eth_getBalance
[2019/01/29 09:57:28.323] - eth_getBalance
[2019/01/29 09:57:28.327] - eth_getBalance
[2019/01/29 09:57:28.337] - eth_getBalance
[2019/01/29 09:57:28.350] - eth_getBalance
[2019/01/29 09:57:32.951] - eth_getBlockByNumber
[2019/01/29 09:57:33.223] - net_version
[2019/01/29 09:57:33.229] - eth_accounts
[2019/01/29 09:57:38.283] - net_version
[2019/01/29 09:57:38.312] - eth_accounts
[2019/01/29 09:57:38.318] - eth_getBalance
[2019/01/29 09:57:38.331] - eth_getBalance
[2019/01/29 09:57:38.341] - eth_getBalance
[2019/01/29 09:57:38.352] - eth_getBalance
[2019/01/29 09:57:38.361] - eth_getBalance
[2019/01/29 09:57:38.373] - eth_getBalance
[2019/01/29 09:57:38.385] - eth_getBalance
[2019/01/29 09:57:38.398] - eth_getBalance
[2019/01/29 09:57:38.407] - eth_getBalance
[2019/01/29 09:57:38.419] - eth_getBalance
[2019/01/29 09:57:43.223] - net_version
[2019/01/29 09:57:43.229] - eth_accounts
[2019/01/29 09:57:47.953] - eth_getBlockByNumber
[2019/01/29 09:57:48.219] - net_version
[2019/01/29 09:57:48.242] - eth_getBalance
[2019/01/29 09:57:48.254] - eth_getBalance
[2019/01/29 09:57:48.257] - eth_getBalance
[2019/01/29 09:57:48.260] - eth_getBalance
[2019/01/29 09:57:48.262] - eth_getBalance
[2019/01/29 09:57:48.270] - eth_getBalance
[2019/01/29 09:57:48.280] - eth_getBalance
[2019/01/29 09:57:48.290] - eth_getBalance
[2019/01/29 09:57:48.302] - eth_getBalance
[2019/01/29 09:57:48.312] - eth_getBalance
[2019/01/29 09:57:48.320] - eth_accounts
[2019/01/29 09:57:53.231] - net_version
[2019/01/29 09:57:53.237] - eth_accounts
[2019/01/29 09:57:58.221] - net_version
[2019/01/29 09:57:58.227] - eth_accounts
[2019/01/29 09:57:58.231] - eth_getBalance
[2019/01/29 09:57:58.243] - eth_getBalance
[2019/01/29 09:57:58.253] - eth_getBalance
[2019/01/29 09:57:58.259] - eth_getBalance
[2019/01/29 09:57:58.289] - eth_getBalance
[2019/01/29 09:57:58.301] - eth_getBalance
[2019/01/29 09:57:58.305] - eth_getBalance
[2019/01/29 09:57:58.313] - eth_getBalance
[2019/01/29 09:57:58.321] - eth_getBalance
[2019/01/29 09:57:58.328] - eth_getBalance
[2019/01/29 09:58:02.948] - eth_getBlockByNumber
[2019/01/29 09:58:03.220] - net_version
[2019/01/29 09:58:03.223] - eth_accounts
[2019/01/29 09:58:08.271] - net_version
[2019/01/29 09:58:08.277] - eth_accounts
[2019/01/29 09:58:08.311] - eth_getBalance
[2019/01/29 09:58:08.319] - eth_getBalance
[2019/01/29 09:58:08.322] - eth_getBalance
[2019/01/29 09:58:08.325] - eth_getBalance
[2019/01/29 09:58:08.333] - eth_getBalance
[2019/01/29 09:58:08.343] - eth_getBalance
[2019/01/29 09:58:08.349] - eth_getBalance
[2019/01/29 09:58:08.359] - eth_getBalance
[2019/01/29 09:58:08.373] - eth_getBalance
[2019/01/29 09:58:08.427] - eth_getBalance
[2019/01/29 09:58:13.221] - net_version
[2019/01/29 09:58:13.224] - eth_accounts
[2019/01/29 09:58:17.957] - eth_getBlockByNumber
[2019/01/29 09:58:18.220] - net_version
[2019/01/29 09:58:18.230] - eth_getBalance
[2019/01/29 09:58:18.245] - eth_getBalance
[2019/01/29 09:58:18.253] - eth_getBalance
[2019/01/29 09:58:18.261] - eth_accounts
[2019/01/29 09:58:18.269] - eth_getBalance
[2019/01/29 09:58:18.276] - eth_getBalance
[2019/01/29 09:58:18.284] - eth_getBalance
[2019/01/29 09:58:18.293] - eth_getBalance
[2019/01/29 09:58:18.307] - eth_getBalance
[2019/01/29 09:58:18.316] - eth_getBalance
[2019/01/29 09:58:18.324] - eth_getBalance
[2019/01/29 09:58:23.231] - net_version
[2019/01/29 09:58:23.235] - eth_accounts
[2019/01/29 09:58:28.221] - net_version
[2019/01/29 09:58:28.228] - eth_accounts
[2019/01/29 09:58:28.234] - eth_getBalance
[2019/01/29 09:58:28.237] - eth_getBalance
[2019/01/29 09:58:28.338] - eth_getBalance
[2019/01/29 09:58:28.356] - eth_getBalance
[2019/01/29 09:58:28.365] - eth_getBalance
[2019/01/29 09:58:28.374] - eth_getBalance
[2019/01/29 09:58:28.379] - eth_getBalance
[2019/01/29 09:58:28.383] - eth_getBalance
[2019/01/29 09:58:28.386] - eth_getBalance
[2019/01/29 09:58:28.397] - eth_getBalance
[2019/01/29 09:58:32.948] - eth_getBlockByNumber
[2019/01/29 09:58:33.220] - net_version
[2019/01/29 09:58:33.223] - eth_accounts
[2019/01/29 09:58:38.268] - net_version
[2019/01/29 09:58:38.281] - eth_accounts
[2019/01/29 09:58:38.302] - eth_getBalance
[2019/01/29 09:58:38.314] - eth_getBalance
[2019/01/29 09:58:38.323] - eth_getBalance
[2019/01/29 09:58:38.329] - eth_getBalance
[2019/01/29 09:58:38.339] - eth_getBalance
[2019/01/29 09:58:38.344] - eth_getBalance
[2019/01/29 09:58:38.353] - eth_getBalance
[2019/01/29 09:58:38.357] - eth_getBalance
[2019/01/29 09:58:38.370] - eth_getBalance
[2019/01/29 09:58:38.376] - eth_getBalance
[2019/01/29 09:58:43.220] - net_version
[2019/01/29 09:58:43.223] - eth_accounts
[2019/01/29 09:58:47.955] - eth_getBlockByNumber
[2019/01/29 09:58:48.221] - net_version
[2019/01/29 09:58:48.238] - eth_getBalance
[2019/01/29 09:58:48.245] - eth_getBalance
[2019/01/29 09:58:48.247] - eth_getBalance
[2019/01/29 09:58:48.249] - eth_getBalance
[2019/01/29 09:58:48.256] - eth_getBalance
[2019/01/29 09:58:48.263] - eth_getBalance
[2019/01/29 09:58:48.283] - eth_getBalance
[2019/01/29 09:58:48.298] - eth_accounts
[2019/01/29 09:58:48.307] - eth_getBalance
[2019/01/29 09:58:48.313] - eth_getBalance
[2019/01/29 09:58:48.323] - eth_getBalance
[2019/01/29 09:58:53.231] - net_version
[2019/01/29 09:58:53.234] - eth_accounts
[2019/01/29 09:58:58.222] - net_version
[2019/01/29 09:58:58.242] - eth_getBalance
[2019/01/29 09:58:58.261] - eth_getBalance
[2019/01/29 09:58:58.269] - eth_getBalance
[2019/01/29 09:58:58.296] - eth_accounts
[2019/01/29 09:58:58.318] - eth_getBalance
[2019/01/29 09:58:58.332] - eth_getBalance
[2019/01/29 09:58:58.340] - eth_getBalance
[2019/01/29 09:58:58.349] - eth_getBalance
[2019/01/29 09:58:58.359] - eth_getBalance
[2019/01/29 09:58:58.372] - eth_getBalance
[2019/01/29 09:58:58.382] - eth_getBalance
[2019/01/29 09:59:02.949] - eth_getBlockByNumber
[2019/01/29 09:59:03.221] - net_version
[2019/01/29 09:59:03.225] - eth_accounts
[2019/01/29 09:59:08.268] - net_version
[2019/01/29 09:59:08.274] - eth_accounts
[2019/01/29 09:59:08.279] - eth_getBalance
[2019/01/29 09:59:08.286] - eth_getBalance
[2019/01/29 09:59:08.294] - eth_getBalance
[2019/01/29 09:59:08.303] - eth_getBalance
[2019/01/29 09:59:08.306] - eth_getBalance
[2019/01/29 09:59:08.312] - eth_getBalance
[2019/01/29 09:59:08.320] - eth_getBalance
[2019/01/29 09:59:08.327] - eth_getBalance
[2019/01/29 09:59:08.336] - eth_getBalance
[2019/01/29 09:59:08.347] - eth_getBalance
[2019/01/29 09:59:13.223] - net_version
[2019/01/29 09:59:13.224] - eth_accounts
[2019/01/29 09:59:17.955] - eth_getBlockByNumber
[2019/01/29 09:59:18.221] - net_version
[2019/01/29 09:59:18.225] - eth_accounts
[2019/01/29 09:59:18.239] - eth_getBalance
[2019/01/29 09:59:18.252] - eth_getBalance
[2019/01/29 09:59:18.259] - eth_getBalance
[2019/01/29 09:59:18.267] - eth_getBalance
[2019/01/29 09:59:18.276] - eth_getBalance
[2019/01/29 09:59:18.284] - eth_getBalance
[2019/01/29 09:59:18.292] - eth_getBalance
[2019/01/29 09:59:18.301] - eth_getBalance
[2019/01/29 09:59:18.310] - eth_getBalance
[2019/01/29 09:59:18.318] - eth_getBalance
[2019/01/29 09:59:23.229] - net_version
[2019/01/29 09:59:23.232] - eth_accounts
[2019/01/29 09:59:28.221] - net_version
[2019/01/29 09:59:28.238] - eth_getBalance
[2019/01/29 09:59:28.244] - eth_getBalance
[2019/01/29 09:59:28.247] - eth_getBalance
[2019/01/29 09:59:28.249] - eth_getBalance
[2019/01/29 09:59:28.267] - eth_accounts
[2019/01/29 09:59:28.289] - eth_getBalance
[2019/01/29 09:59:28.305] - eth_getBalance
[2019/01/29 09:59:28.310] - eth_getBalance
[2019/01/29 09:59:28.312] - eth_getBalance
[2019/01/29 09:59:28.314] - eth_getBalance
[2019/01/29 09:59:28.323] - eth_getBalance
[2019/01/29 09:59:32.948] - eth_getBlockByNumber
[2019/01/29 09:59:33.221] - net_version
[2019/01/29 09:59:33.224] - eth_accounts
[2019/01/29 09:59:38.274] - net_version
[2019/01/29 09:59:38.282] - eth_accounts
[2019/01/29 09:59:38.284] - eth_getBalance
[2019/01/29 09:59:38.294] - eth_getBalance
[2019/01/29 09:59:38.301] - eth_getBalance
[2019/01/29 09:59:38.315] - eth_getBalance
[2019/01/29 09:59:38.332] - eth_getBalance
[2019/01/29 09:59:38.334] - eth_getBalance
[2019/01/29 09:59:38.350] - eth_getBalance
[2019/01/29 09:59:38.361] - eth_getBalance
[2019/01/29 09:59:38.364] - eth_getBalance
[2019/01/29 09:59:38.381] - eth_getBalance
[2019/01/29 09:59:43.223] - net_version
[2019/01/29 09:59:43.228] - eth_accounts
[2019/01/29 09:59:48.439] - eth_getBlockByNumber
[2019/01/29 09:59:48.447] - net_version
[2019/01/29 09:59:48.453] - eth_accounts
[2019/01/29 09:59:48.459] - eth_getBalance
[2019/01/29 09:59:48.465] - eth_getBalance
[2019/01/29 09:59:48.471] - eth_getBalance
[2019/01/29 09:59:48.477] - eth_getBalance
[2019/01/29 09:59:48.486] - eth_getBalance
[2019/01/29 09:59:48.497] - eth_getBalance
[2019/01/29 09:59:48.500] - eth_getBalance
[2019/01/29 09:59:48.503] - eth_getBalance
[2019/01/29 09:59:48.514] - eth_getBalance
[2019/01/29 09:59:48.520] - eth_getBalance
[2019/01/29 09:59:53.382] - net_version
[2019/01/29 09:59:53.393] - eth_accounts
[2019/01/29 09:59:55.166] - eth_accounts
[2019/01/29 09:59:55.177] - eth_accounts
[2019/01/29 09:59:55.201] - eth_sendTransaction
[2019/01/29 09:59:55.549] - 
[2019/01/29 09:59:55.551] -   Transaction: 0x5b54ed2f744060b62bc4e85d251d4c0647846a86e6f147694ef7b8c92eab871c
[2019/01/29 09:59:55.553] -   Gas usage: 196196
[2019/01/29 09:59:55.555] -   Block Number: 2
[2019/01/29 09:59:55.557] -   Block Time: Tue Jan 29 2019 09:59:55 GMT+0300 (Turkey Standard Time)
[2019/01/29 09:59:55.559] - 
[2019/01/29 09:59:55.562] - eth_accounts
[2019/01/29 09:59:55.565] - eth_getBalance
[2019/01/29 09:59:55.571] - eth_getTransactionCount
[2019/01/29 09:59:55.577] - eth_call
[2019/01/29 09:59:55.589] - eth_getBalance
[2019/01/29 09:59:55.591] - eth_getTransactionCount
[2019/01/29 09:59:55.593] - eth_getBalance
[2019/01/29 09:59:55.599] - eth_getTransactionCount
[2019/01/29 09:59:55.602] - eth_getBalance
[2019/01/29 09:59:55.604] - eth_getTransactionCount
[2019/01/29 09:59:55.609] - eth_getBalance
[2019/01/29 09:59:55.612] - eth_getTransactionCount
[2019/01/29 09:59:55.635] - eth_getBalance
[2019/01/29 09:59:55.656] - eth_getTransactionCount
[2019/01/29 09:59:55.660] - eth_getBalance
[2019/01/29 09:59:55.669] - eth_getTransactionCount
[2019/01/29 09:59:55.673] - eth_getBalance
[2019/01/29 09:59:55.675] - eth_getTransactionCount
[2019/01/29 09:59:55.689] - eth_getBalance
[2019/01/29 09:59:55.691] - eth_getTransactionCount
[2019/01/29 09:59:55.710] - eth_getBalance
[2019/01/29 09:59:55.721] - eth_getTransactionCount
[2019/01/29 09:59:55.978] - eth_accounts
[2019/01/29 09:59:56.040] - eth_call
[2019/01/29 09:59:58.428] - net_version
[2019/01/29 09:59:58.434] - eth_accounts
[2019/01/29 09:59:58.444] - eth_getBalance
[2019/01/29 09:59:58.448] - eth_getBalance
[2019/01/29 09:59:58.452] - eth_getBalance
[2019/01/29 09:59:58.466] - eth_getBalance
[2019/01/29 09:59:58.472] - eth_getBalance
[2019/01/29 09:59:58.484] - eth_getBalance
[2019/01/29 09:59:58.486] - eth_getBalance
[2019/01/29 09:59:58.499] - eth_getBalance
[2019/01/29 09:59:58.502] - eth_getBalance
[2019/01/29 09:59:58.514] - eth_getBalance
[2019/01/29 10:00:03.380] - eth_getBlockByNumber
[2019/01/29 10:00:03.383] - net_version
[2019/01/29 10:00:03.387] - eth_accounts
[2019/01/29 10:00:08.425] - net_version
[2019/01/29 10:00:08.435] - eth_accounts
[2019/01/29 10:00:08.437] - eth_getBalance
[2019/01/29 10:00:08.444] - eth_getBalance
[2019/01/29 10:00:08.456] - eth_getBalance
[2019/01/29 10:00:08.462] - eth_getBalance
[2019/01/29 10:00:08.469] - eth_getBalance
[2019/01/29 10:00:08.479] - eth_getBalance
[2019/01/29 10:00:08.484] - eth_getBalance
[2019/01/29 10:00:08.492] - eth_getBalance
[2019/01/29 10:00:08.501] - eth_getBalance
[2019/01/29 10:00:08.513] - eth_getBalance
[2019/01/29 10:00:13.379] - net_version
[2019/01/29 10:00:13.382] - eth_accounts
[2019/01/29 10:00:18.465] - eth_getBlockByNumber
[2019/01/29 10:00:18.479] - net_version
[2019/01/29 10:00:18.493] - eth_accounts
[2019/01/29 10:00:18.510] - eth_getBalance
[2019/01/29 10:00:18.527] - eth_getBalance
[2019/01/29 10:00:18.551] - eth_getBalance
[2019/01/29 10:00:18.557] - eth_getBalance
[2019/01/29 10:00:18.564] - eth_getBalance
[2019/01/29 10:00:18.572] - eth_getBalance
[2019/01/29 10:00:18.579] - eth_getBalance
[2019/01/29 10:00:18.590] - eth_getBalance
[2019/01/29 10:00:18.597] - eth_getBalance
[2019/01/29 10:00:18.605] - eth_getBalance
[2019/01/29 10:00:23.378] - net_version
[2019/01/29 10:00:23.381] - eth_accounts
[2019/01/29 10:00:28.454] - net_version
[2019/01/29 10:00:28.469] - eth_accounts
[2019/01/29 10:00:28.476] - eth_getBalance
[2019/01/29 10:00:28.485] - eth_getBalance
[2019/01/29 10:00:28.494] - eth_getBalance
[2019/01/29 10:00:28.503] - eth_getBalance
[2019/01/29 10:00:28.513] - eth_getBalance
[2019/01/29 10:00:28.522] - eth_getBalance
[2019/01/29 10:00:28.534] - eth_getBalance
[2019/01/29 10:00:28.542] - eth_getBalance
[2019/01/29 10:00:28.550] - eth_getBalance
[2019/01/29 10:00:28.558] - eth_getBalance
[2019/01/29 10:00:33.380] - eth_getBlockByNumber
[2019/01/29 10:00:33.384] - net_version
[2019/01/29 10:00:33.387] - eth_accounts
[2019/01/29 10:00:38.427] - net_version
[2019/01/29 10:00:38.433] - eth_accounts
[2019/01/29 10:00:38.440] - eth_getBalance
[2019/01/29 10:00:38.448] - eth_getBalance
[2019/01/29 10:00:38.461] - eth_getBalance
[2019/01/29 10:00:38.464] - eth_getBalance
[2019/01/29 10:00:38.468] - eth_getBalance
[2019/01/29 10:00:38.487] - eth_getBalance
[2019/01/29 10:00:38.499] - eth_getBalance
[2019/01/29 10:00:38.504] - eth_getBalance
[2019/01/29 10:00:38.512] - eth_getBalance
[2019/01/29 10:00:38.523] - eth_getBalance
[2019/01/29 10:00:43.380] - net_version
[2019/01/29 10:00:43.382] - eth_accounts
[2019/01/29 10:00:48.430] - eth_getBlockByNumber
[2019/01/29 10:00:48.438] - net_version
[2019/01/29 10:00:48.445] - eth_accounts
[2019/01/29 10:00:48.455] - eth_getBalance
[2019/01/29 10:00:48.458] - eth_getBalance
[2019/01/29 10:00:48.471] - eth_getBalance
[2019/01/29 10:00:48.474] - eth_getBalance
[2019/01/29 10:00:48.485] - eth_getBalance
[2019/01/29 10:00:48.488] - eth_getBalance
[2019/01/29 10:00:48.501] - eth_getBalance
[2019/01/29 10:00:48.508] - eth_getBalance
[2019/01/29 10:00:48.515] - eth_getBalance
[2019/01/29 10:00:48.522] - eth_getBalance
[2019/01/29 10:00:53.379] - net_version
[2019/01/29 10:00:53.382] - eth_accounts
[2019/01/29 10:00:58.426] - net_version
[2019/01/29 10:00:58.431] - eth_accounts
[2019/01/29 10:00:58.440] - eth_getBalance
[2019/01/29 10:00:58.446] - eth_getBalance
[2019/01/29 10:00:58.454] - eth_getBalance
[2019/01/29 10:00:58.461] - eth_getBalance
[2019/01/29 10:00:58.472] - eth_getBalance
[2019/01/29 10:00:58.475] - eth_getBalance
[2019/01/29 10:00:58.489] - eth_getBalance
[2019/01/29 10:00:58.493] - eth_getBalance
[2019/01/29 10:00:58.506] - eth_getBalance
[2019/01/29 10:00:58.510] - eth_getBalance
[2019/01/29 10:01:03.378] - eth_getBlockByNumber
[2019/01/29 10:01:03.382] - net_version
[2019/01/29 10:01:03.385] - eth_accounts
[2019/01/29 10:01:08.427] - net_version
[2019/01/29 10:01:08.431] - eth_accounts
[2019/01/29 10:01:08.442] - eth_getBalance
[2019/01/29 10:01:08.449] - eth_getBalance
[2019/01/29 10:01:08.461] - eth_getBalance
[2019/01/29 10:01:08.467] - eth_getBalance
[2019/01/29 10:01:08.478] - eth_getBalance
[2019/01/29 10:01:08.491] - eth_getBalance
[2019/01/29 10:01:08.498] - eth_getBalance
[2019/01/29 10:01:08.510] - eth_getBalance
[2019/01/29 10:01:08.513] - eth_getBalance
[2019/01/29 10:01:08.526] - eth_getBalance
[2019/01/29 10:01:13.378] - net_version
[2019/01/29 10:01:13.382] - eth_accounts
[2019/01/29 10:01:18.444] - eth_getBlockByNumber
[2019/01/29 10:01:18.447] - net_version
[2019/01/29 10:01:18.459] - eth_accounts
[2019/01/29 10:01:18.461] - eth_getBalance
[2019/01/29 10:01:18.473] - eth_getBalance
[2019/01/29 10:01:18.477] - eth_getBalance
[2019/01/29 10:01:18.492] - eth_getBalance
[2019/01/29 10:01:18.498] - eth_getBalance
[2019/01/29 10:01:18.507] - eth_getBalance
[2019/01/29 10:01:18.516] - eth_getBalance
[2019/01/29 10:01:18.523] - eth_getBalance
[2019/01/29 10:01:18.530] - eth_getBalance
[2019/01/29 10:01:18.542] - eth_getBalance
[2019/01/29 10:01:23.378] - net_version
[2019/01/29 10:01:23.381] - eth_accounts
[2019/01/29 10:01:28.442] - net_version
[2019/01/29 10:01:28.451] - eth_accounts
[2019/01/29 10:01:28.458] - eth_getBalance
[2019/01/29 10:01:28.471] - eth_getBalance
[2019/01/29 10:01:28.478] - eth_getBalance
[2019/01/29 10:01:28.485] - eth_getBalance
[2019/01/29 10:01:28.493] - eth_getBalance
[2019/01/29 10:01:28.501] - eth_getBalance
[2019/01/29 10:01:28.509] - eth_getBalance
[2019/01/29 10:01:28.517] - eth_getBalance
[2019/01/29 10:01:28.524] - eth_getBalance
[2019/01/29 10:01:28.532] - eth_getBalance
[2019/01/29 10:01:33.379] - eth_getBlockByNumber
[2019/01/29 10:01:33.382] - net_version
[2019/01/29 10:01:33.386] - eth_accounts
[2019/01/29 10:01:38.426] - net_version
[2019/01/29 10:01:38.429] - eth_accounts
[2019/01/29 10:01:38.439] - eth_getBalance
[2019/01/29 10:01:38.445] - eth_getBalance
[2019/01/29 10:01:38.455] - eth_getBalance
[2019/01/29 10:01:38.458] - eth_getBalance
[2019/01/29 10:01:38.470] - eth_getBalance
[2019/01/29 10:01:38.484] - eth_getBalance
[2019/01/29 10:01:38.498] - eth_getBalance
[2019/01/29 10:01:38.502] - eth_getBalance
[2019/01/29 10:01:38.509] - eth_getBalance
[2019/01/29 10:01:38.521] - eth_getBalance
[2019/01/29 10:01:43.380] - net_version
[2019/01/29 10:01:43.382] - eth_accounts
[2019/01/29 10:01:48.436] - eth_getBlockByNumber
[2019/01/29 10:01:48.443] - net_version
[2019/01/29 10:01:48.451] - eth_accounts
[2019/01/29 10:01:48.461] - eth_getBalance
[2019/01/29 10:01:48.469] - eth_getBalance
[2019/01/29 10:01:48.481] - eth_getBalance
[2019/01/29 10:01:48.489] - eth_getBalance
[2019/01/29 10:01:48.496] - eth_getBalance
[2019/01/29 10:01:48.505] - eth_getBalance
[2019/01/29 10:01:48.512] - eth_getBalance
[2019/01/29 10:01:48.519] - eth_getBalance
[2019/01/29 10:01:48.526] - eth_getBalance
[2019/01/29 10:01:48.534] - eth_getBalance
[2019/01/29 10:01:53.380] - net_version
[2019/01/29 10:01:53.382] - eth_accounts
[2019/01/29 10:01:58.433] - net_version
[2019/01/29 10:01:58.438] - eth_accounts
[2019/01/29 10:01:58.448] - eth_getBalance
[2019/01/29 10:01:58.451] - eth_getBalance
[2019/01/29 10:01:58.456] - eth_getBalance
[2019/01/29 10:01:58.463] - eth_getBalance
[2019/01/29 10:01:58.477] - eth_getBalance
[2019/01/29 10:01:58.482] - eth_getBalance
[2019/01/29 10:01:58.486] - eth_getBalance
[2019/01/29 10:01:58.489] - eth_getBalance
[2019/01/29 10:01:58.493] - eth_getBalance
[2019/01/29 10:01:58.496] - eth_getBalance
[2019/01/29 10:02:03.379] - eth_getBlockByNumber
[2019/01/29 10:02:03.385] - net_version
[2019/01/29 10:02:03.388] - eth_accounts
[2019/01/29 10:02:08.434] - net_version
[2019/01/29 10:02:08.437] - eth_accounts
[2019/01/29 10:02:08.447] - eth_getBalance
[2019/01/29 10:02:08.457] - eth_getBalance
[2019/01/29 10:02:08.463] - eth_getBalance
[2019/01/29 10:02:08.472] - eth_getBalance
[2019/01/29 10:02:08.475] - eth_getBalance
[2019/01/29 10:02:08.487] - eth_getBalance
[2019/01/29 10:02:08.495] - eth_getBalance
[2019/01/29 10:02:08.498] - eth_getBalance
[2019/01/29 10:02:08.512] - eth_getBalance
[2019/01/29 10:02:08.517] - eth_getBalance
[2019/01/29 10:02:13.379] - net_version
[2019/01/29 10:02:13.382] - eth_accounts
[2019/01/29 10:02:18.441] - eth_getBlockByNumber
[2019/01/29 10:02:18.444] - net_version
[2019/01/29 10:02:18.457] - eth_accounts
[2019/01/29 10:02:18.459] - eth_getBalance
[2019/01/29 10:02:18.470] - eth_getBalance
[2019/01/29 10:02:18.475] - eth_getBalance
[2019/01/29 10:02:18.492] - eth_getBalance
[2019/01/29 10:02:18.495] - eth_getBalance
[2019/01/29 10:02:18.503] - eth_getBalance
[2019/01/29 10:02:18.515] - eth_getBalance
[2019/01/29 10:02:18.521] - eth_getBalance
[2019/01/29 10:02:18.528] - eth_getBalance
[2019/01/29 10:02:18.536] - eth_getBalance
[2019/01/29 10:02:23.380] - net_version
[2019/01/29 10:02:23.382] - eth_accounts
[2019/01/29 10:02:28.427] - net_version
[2019/01/29 10:02:28.431] - eth_accounts
[2019/01/29 10:02:28.440] - eth_getBalance
[2019/01/29 10:02:28.449] - eth_getBalance
[2019/01/29 10:02:28.453] - eth_getBalance
[2019/01/29 10:02:28.457] - eth_getBalance
[2019/01/29 10:02:28.471] - eth_getBalance
[2019/01/29 10:02:28.480] - eth_getBalance
[2019/01/29 10:02:28.482] - eth_getBalance
[2019/01/29 10:02:28.496] - eth_getBalance
[2019/01/29 10:02:28.502] - eth_getBalance
[2019/01/29 10:02:28.509] - eth_getBalance
[2019/01/29 10:02:33.379] - eth_getBlockByNumber
[2019/01/29 10:02:33.382] - net_version
[2019/01/29 10:02:33.388] - eth_accounts
[2019/01/29 10:02:38.427] - net_version
[2019/01/29 10:02:38.430] - eth_accounts
[2019/01/29 10:02:38.440] - eth_getBalance
[2019/01/29 10:02:38.446] - eth_getBalance
[2019/01/29 10:02:38.454] - eth_getBalance
[2019/01/29 10:02:38.461] - eth_getBalance
[2019/01/29 10:02:38.471] - eth_getBalance
[2019/01/29 10:02:38.475] - eth_getBalance
[2019/01/29 10:02:38.486] - eth_getBalance
[2019/01/29 10:02:38.491] - eth_getBalance
[2019/01/29 10:02:38.501] - eth_getBalance
[2019/01/29 10:02:38.508] - eth_getBalance
[2019/01/29 10:02:43.379] - net_version
[2019/01/29 10:02:43.383] - eth_accounts
[2019/01/29 10:02:48.444] - eth_getBlockByNumber
[2019/01/29 10:02:48.454] - net_version
[2019/01/29 10:02:48.463] - eth_accounts
[2019/01/29 10:02:48.471] - eth_getBalance
[2019/01/29 10:02:48.479] - eth_getBalance
[2019/01/29 10:02:48.487] - eth_getBalance
[2019/01/29 10:02:48.496] - eth_getBalance
[2019/01/29 10:02:48.503] - eth_getBalance
[2019/01/29 10:02:48.511] - eth_getBalance
[2019/01/29 10:02:48.518] - eth_getBalance
[2019/01/29 10:02:48.525] - eth_getBalance
[2019/01/29 10:02:48.533] - eth_getBalance
[2019/01/29 10:02:48.541] - eth_getBalance
[2019/01/29 10:02:53.386] - net_version
[2019/01/29 10:02:53.388] - eth_accounts
[2019/01/29 10:02:58.424] - net_version
[2019/01/29 10:02:58.436] - eth_accounts
[2019/01/29 10:02:58.442] - eth_getBalance
[2019/01/29 10:02:58.444] - eth_getBalance
[2019/01/29 10:02:58.448] - eth_getBalance
[2019/01/29 10:02:58.452] - eth_getBalance
[2019/01/29 10:02:58.456] - eth_getBalance
[2019/01/29 10:02:58.458] - eth_getBalance
[2019/01/29 10:02:58.466] - eth_getBalance
[2019/01/29 10:02:58.479] - eth_getBalance
[2019/01/29 10:02:58.486] - eth_getBalance
[2019/01/29 10:02:58.497] - eth_getBalance
[2019/01/29 10:03:03.379] - eth_getBlockByNumber
[2019/01/29 10:03:03.382] - net_version
[2019/01/29 10:03:03.388] - eth_accounts
[2019/01/29 10:03:08.432] - net_version
[2019/01/29 10:03:08.438] - eth_accounts
[2019/01/29 10:03:08.451] - eth_getBalance
[2019/01/29 10:03:08.460] - eth_getBalance
[2019/01/29 10:03:08.462] - eth_getBalance
[2019/01/29 10:03:08.475] - eth_getBalance
[2019/01/29 10:03:08.478] - eth_getBalance
[2019/01/29 10:03:08.493] - eth_getBalance
[2019/01/29 10:03:08.500] - eth_getBalance
[2019/01/29 10:03:08.507] - eth_getBalance
[2019/01/29 10:03:08.517] - eth_getBalance
[2019/01/29 10:03:08.521] - eth_getBalance
[2019/01/29 10:03:13.380] - net_version
[2019/01/29 10:03:13.384] - eth_accounts
[2019/01/29 10:03:18.435] - eth_getBlockByNumber
[2019/01/29 10:03:18.439] - net_version
[2019/01/29 10:03:18.446] - eth_accounts
[2019/01/29 10:03:18.457] - eth_getBalance
[2019/01/29 10:03:18.463] - eth_getBalance
[2019/01/29 10:03:18.471] - eth_getBalance
[2019/01/29 10:03:18.478] - eth_getBalance
[2019/01/29 10:03:18.486] - eth_getBalance
[2019/01/29 10:03:18.494] - eth_getBalance
[2019/01/29 10:03:18.505] - eth_getBalance
[2019/01/29 10:03:18.509] - eth_getBalance
[2019/01/29 10:03:18.519] - eth_getBalance
[2019/01/29 10:03:18.525] - eth_getBalance
[2019/01/29 10:03:23.379] - net_version
[2019/01/29 10:03:23.382] - eth_accounts
[2019/01/29 10:03:28.430] - net_version
[2019/01/29 10:03:28.433] - eth_accounts
[2019/01/29 10:03:28.445] - eth_getBalance
[2019/01/29 10:03:28.460] - eth_getBalance
[2019/01/29 10:03:28.463] - eth_getBalance
[2019/01/29 10:03:28.478] - eth_getBalance
[2019/01/29 10:03:28.481] - eth_getBalance
[2019/01/29 10:03:28.506] - eth_getBalance
[2019/01/29 10:03:28.509] - eth_getBalance
[2019/01/29 10:03:28.515] - eth_getBalance
[2019/01/29 10:03:28.519] - eth_getBalance
[2019/01/29 10:03:28.524] - eth_getBalance
[2019/01/29 10:03:33.380] - eth_getBlockByNumber
[2019/01/29 10:03:33.384] - net_version
[2019/01/29 10:03:33.387] - eth_accounts
[2019/01/29 10:03:38.433] - net_version
[2019/01/29 10:03:38.436] - eth_accounts
[2019/01/29 10:03:38.447] - eth_getBalance
[2019/01/29 10:03:38.457] - eth_getBalance
[2019/01/29 10:03:38.463] - eth_getBalance
[2019/01/29 10:03:38.472] - eth_getBalance
[2019/01/29 10:03:38.478] - eth_getBalance
[2019/01/29 10:03:38.489] - eth_getBalance
[2019/01/29 10:03:38.497] - eth_getBalance
[2019/01/29 10:03:38.504] - eth_getBalance
[2019/01/29 10:03:38.514] - eth_getBalance
[2019/01/29 10:03:38.519] - eth_getBalance
[2019/01/29 10:03:43.381] - net_version
[2019/01/29 10:03:43.384] - eth_accounts
[2019/01/29 10:03:48.401] - eth_getBlockByNumber
[2019/01/29 10:03:48.413] - eth_getBalance
[2019/01/29 10:03:48.444] - eth_getBalance
[2019/01/29 10:03:48.458] - eth_getBalance
[2019/01/29 10:03:48.471] - eth_getBalance
[2019/01/29 10:03:48.483] - eth_getBalance
[2019/01/29 10:03:48.495] - eth_getBalance
[2019/01/29 10:03:48.506] - eth_getBalance
[2019/01/29 10:03:48.520] - eth_getBalance
[2019/01/29 10:03:48.541] - eth_getBalance
[2019/01/29 10:03:48.569] - eth_getBalance
[2019/01/29 10:03:48.583] - net_version
[2019/01/29 10:03:48.608] - eth_accounts
[2019/01/29 10:03:53.384] - net_version
[2019/01/29 10:03:53.400] - eth_accounts
[2019/01/29 10:03:58.436] - net_version
[2019/01/29 10:03:58.449] - eth_accounts
[2019/01/29 10:03:58.456] - eth_getBalance
[2019/01/29 10:03:58.465] - eth_getBalance
[2019/01/29 10:03:58.473] - eth_getBalance
[2019/01/29 10:03:58.480] - eth_getBalance
[2019/01/29 10:03:58.489] - eth_getBalance
[2019/01/29 10:03:58.497] - eth_getBalance
[2019/01/29 10:03:58.505] - eth_getBalance
[2019/01/29 10:03:58.512] - eth_getBalance
[2019/01/29 10:03:58.521] - eth_getBalance
[2019/01/29 10:03:58.529] - eth_getBalance
[2019/01/29 10:04:03.379] - eth_getBlockByNumber
[2019/01/29 10:04:03.382] - net_version
[2019/01/29 10:04:03.388] - eth_accounts
[2019/01/29 10:04:08.447] - net_version
[2019/01/29 10:04:08.451] - eth_accounts
[2019/01/29 10:04:08.462] - eth_getBalance
[2019/01/29 10:04:08.470] - eth_getBalance
[2019/01/29 10:04:08.477] - eth_getBalance
[2019/01/29 10:04:08.487] - eth_getBalance
[2019/01/29 10:04:08.490] - eth_getBalance
[2019/01/29 10:04:08.501] - eth_getBalance
[2019/01/29 10:04:08.517] - eth_getBalance
[2019/01/29 10:04:08.520] - eth_getBalance
[2019/01/29 10:04:08.532] - eth_getBalance
[2019/01/29 10:04:08.535] - eth_getBalance
[2019/01/29 10:04:13.380] - net_version
[2019/01/29 10:04:13.383] - eth_accounts
[2019/01/29 10:04:18.439] - eth_getBlockByNumber
[2019/01/29 10:04:18.449] - net_version
[2019/01/29 10:04:18.457] - eth_accounts
[2019/01/29 10:04:18.463] - eth_getBalance
[2019/01/29 10:04:18.474] - eth_getBalance
[2019/01/29 10:04:18.482] - eth_getBalance
[2019/01/29 10:04:18.492] - eth_getBalance
[2019/01/29 10:04:18.500] - eth_getBalance
[2019/01/29 10:04:18.508] - eth_getBalance
[2019/01/29 10:04:18.516] - eth_getBalance
[2019/01/29 10:04:18.525] - eth_getBalance
[2019/01/29 10:04:18.533] - eth_getBalance
[2019/01/29 10:04:18.540] - eth_getBalance
[2019/01/29 10:04:23.379] - net_version
[2019/01/29 10:04:23.383] - eth_accounts
[2019/01/29 10:04:28.423] - net_version
[2019/01/29 10:04:28.428] - eth_accounts
[2019/01/29 10:04:28.440] - eth_getBalance
[2019/01/29 10:04:28.448] - eth_getBalance
[2019/01/29 10:04:28.454] - eth_getBalance
[2019/01/29 10:04:28.461] - eth_getBalance
[2019/01/29 10:04:28.469] - eth_getBalance
[2019/01/29 10:04:28.482] - eth_getBalance
[2019/01/29 10:04:28.486] - eth_getBalance
[2019/01/29 10:04:28.498] - eth_getBalance
[2019/01/29 10:04:28.509] - eth_getBalance
[2019/01/29 10:04:28.514] - eth_getBalance
[2019/01/29 10:04:33.379] - eth_getBlockByNumber
[2019/01/29 10:04:33.382] - net_version
[2019/01/29 10:04:33.393] - eth_accounts
[2019/01/29 10:04:38.424] - net_version
[2019/01/29 10:04:38.436] - eth_accounts
[2019/01/29 10:04:38.441] - eth_getBalance
[2019/01/29 10:04:38.445] - eth_getBalance
[2019/01/29 10:04:38.452] - eth_getBalance
[2019/01/29 10:04:38.457] - eth_getBalance
[2019/01/29 10:04:38.463] - eth_getBalance
[2019/01/29 10:04:38.466] - eth_getBalance
[2019/01/29 10:04:38.477] - eth_getBalance
[2019/01/29 10:04:38.482] - eth_getBalance
[2019/01/29 10:04:38.486] - eth_getBalance
[2019/01/29 10:04:38.493] - eth_getBalance
[2019/01/29 10:04:43.380] - net_version
[2019/01/29 10:04:43.383] - eth_accounts
[2019/01/29 10:04:48.428] - eth_getBlockByNumber
[2019/01/29 10:04:48.438] - net_version
[2019/01/29 10:04:48.442] - eth_accounts
[2019/01/29 10:04:48.452] - eth_getBalance
[2019/01/29 10:04:48.457] - eth_getBalance
[2019/01/29 10:04:48.466] - eth_getBalance
[2019/01/29 10:04:48.472] - eth_getBalance
[2019/01/29 10:04:48.477] - eth_getBalance
[2019/01/29 10:04:48.496] - eth_getBalance
[2019/01/29 10:04:48.502] - eth_getBalance
[2019/01/29 10:04:48.512] - eth_getBalance
[2019/01/29 10:04:48.515] - eth_getBalance
[2019/01/29 10:04:48.528] - eth_getBalance
[2019/01/29 10:04:53.378] - net_version
[2019/01/29 10:04:53.383] - eth_accounts
[2019/01/29 10:04:58.442] - net_version
[2019/01/29 10:04:58.452] - eth_accounts
[2019/01/29 10:04:58.460] - eth_getBalance
[2019/01/29 10:04:58.469] - eth_getBalance
[2019/01/29 10:04:58.478] - eth_getBalance
[2019/01/29 10:04:58.486] - eth_getBalance
[2019/01/29 10:04:58.494] - eth_getBalance
[2019/01/29 10:04:58.502] - eth_getBalance
[2019/01/29 10:04:58.509] - eth_getBalance
[2019/01/29 10:04:58.517] - eth_getBalance
[2019/01/29 10:04:58.526] - eth_getBalance
[2019/01/29 10:04:58.534] - eth_getBalance
[2019/01/29 10:05:03.382] - eth_getBlockByNumber
[2019/01/29 10:05:03.397] - net_version
[2019/01/29 10:05:03.408] - eth_accounts
[2019/01/29 10:05:08.425] - net_version
[2019/01/29 10:05:08.429] - eth_accounts
[2019/01/29 10:05:08.441] - eth_getBalance
[2019/01/29 10:05:08.443] - eth_getBalance
[2019/01/29 10:05:08.455] - eth_getBalance
[2019/01/29 10:05:08.462] - eth_getBalance
[2019/01/29 10:05:08.468] - eth_getBalance
[2019/01/29 10:05:08.477] - eth_getBalance
[2019/01/29 10:05:08.480] - eth_getBalance
[2019/01/29 10:05:08.485] - eth_getBalance
[2019/01/29 10:05:08.497] - eth_getBalance
[2019/01/29 10:05:08.503] - eth_getBalance
[2019/01/29 10:05:13.378] - net_version
[2019/01/29 10:05:13.381] - eth_accounts
[2019/01/29 10:05:18.430] - eth_getBlockByNumber
[2019/01/29 10:05:18.434] - net_version
[2019/01/29 10:05:18.446] - eth_accounts
[2019/01/29 10:05:18.449] - eth_getBalance
[2019/01/29 10:05:18.460] - eth_getBalance
[2019/01/29 10:05:18.465] - eth_getBalance
[2019/01/29 10:05:18.478] - eth_getBalance
[2019/01/29 10:05:18.481] - eth_getBalance
[2019/01/29 10:05:18.501] - eth_getBalance
[2019/01/29 10:05:18.504] - eth_getBalance
[2019/01/29 10:05:18.517] - eth_getBalance
[2019/01/29 10:05:18.520] - eth_getBalance
[2019/01/29 10:05:18.533] - eth_getBalance
[2019/01/29 10:05:23.379] - net_version
[2019/01/29 10:05:23.382] - eth_accounts
[2019/01/29 10:05:28.424] - net_version
[2019/01/29 10:05:28.431] - eth_accounts
[2019/01/29 10:05:28.445] - eth_getBalance
[2019/01/29 10:05:28.458] - eth_getBalance
[2019/01/29 10:05:28.464] - eth_getBalance
[2019/01/29 10:05:28.471] - eth_getBalance
[2019/01/29 10:05:28.482] - eth_getBalance
[2019/01/29 10:05:28.488] - eth_getBalance
[2019/01/29 10:05:28.497] - eth_getBalance
[2019/01/29 10:05:28.504] - eth_getBalance
[2019/01/29 10:05:28.512] - eth_getBalance
[2019/01/29 10:05:28.519] - eth_getBalance
[2019/01/29 10:05:33.378] - eth_getBlockByNumber
[2019/01/29 10:05:33.381] - net_version
[2019/01/29 10:05:33.391] - eth_accounts
[2019/01/29 10:05:38.425] - net_version
[2019/01/29 10:05:38.429] - eth_accounts
[2019/01/29 10:05:38.439] - eth_getBalance
[2019/01/29 10:05:38.446] - eth_getBalance
[2019/01/29 10:05:38.453] - eth_getBalance
[2019/01/29 10:05:38.464] - eth_getBalance
[2019/01/29 10:05:38.466] - eth_getBalance
[2019/01/29 10:05:38.479] - eth_getBalance
[2019/01/29 10:05:38.482] - eth_getBalance
[2019/01/29 10:05:38.494] - eth_getBalance
[2019/01/29 10:05:38.497] - eth_getBalance
[2019/01/29 10:05:38.511] - eth_getBalance
[2019/01/29 10:05:43.378] - net_version
[2019/01/29 10:05:43.381] - eth_accounts
[2019/01/29 10:05:48.447] - eth_getBlockByNumber
[2019/01/29 10:05:48.457] - net_version
[2019/01/29 10:05:48.474] - eth_accounts
[2019/01/29 10:05:48.484] - eth_getBalance
[2019/01/29 10:05:48.491] - eth_getBalance
[2019/01/29 10:05:48.499] - eth_getBalance
[2019/01/29 10:05:48.507] - eth_getBalance
[2019/01/29 10:05:48.514] - eth_getBalance
[2019/01/29 10:05:48.522] - eth_getBalance
[2019/01/29 10:05:48.530] - eth_getBalance
[2019/01/29 10:05:48.538] - eth_getBalance
[2019/01/29 10:05:48.545] - eth_getBalance
[2019/01/29 10:05:48.553] - eth_getBalance
[2019/01/29 10:05:53.379] - net_version
[2019/01/29 10:05:53.381] - eth_accounts
[2019/01/29 10:05:58.422] - eth_getBalance
[2019/01/29 10:05:58.426] - eth_getBalance
[2019/01/29 10:05:58.433] - eth_getBalance
[2019/01/29 10:05:58.441] - eth_getBalance
[2019/01/29 10:05:58.452] - eth_getBalance
[2019/01/29 10:05:58.458] - eth_getBalance
[2019/01/29 10:05:58.467] - eth_getBalance
[2019/01/29 10:05:58.469] - eth_getBalance
[2019/01/29 10:05:58.477] - eth_getBalance
[2019/01/29 10:05:58.490] - eth_getBalance
[2019/01/29 10:05:58.493] - net_version
[2019/01/29 10:05:58.498] - eth_accounts
[2019/01/29 10:06:03.379] - eth_getBlockByNumber
[2019/01/29 10:06:03.385] - net_version
[2019/01/29 10:06:03.387] - eth_accounts
[2019/01/29 10:06:08.425] - net_version
[2019/01/29 10:06:08.428] - eth_accounts
[2019/01/29 10:06:08.437] - eth_getBalance
[2019/01/29 10:06:08.448] - eth_getBalance
[2019/01/29 10:06:08.451] - eth_getBalance
[2019/01/29 10:06:08.463] - eth_getBalance
[2019/01/29 10:06:08.466] - eth_getBalance
[2019/01/29 10:06:08.476] - eth_getBalance
[2019/01/29 10:06:08.480] - eth_getBalance
[2019/01/29 10:06:08.493] - eth_getBalance
[2019/01/29 10:06:08.496] - eth_getBalance
[2019/01/29 10:06:08.507] - eth_getBalance
[2019/01/29 10:06:13.378] - net_version
[2019/01/29 10:06:13.381] - eth_accounts
[2019/01/29 10:06:18.447] - eth_getBlockByNumber
[2019/01/29 10:06:18.458] - net_version
[2019/01/29 10:06:18.467] - eth_accounts
[2019/01/29 10:06:18.474] - eth_getBalance
[2019/01/29 10:06:18.483] - eth_getBalance
[2019/01/29 10:06:18.492] - eth_getBalance
[2019/01/29 10:06:18.500] - eth_getBalance
[2019/01/29 10:06:18.508] - eth_getBalance
[2019/01/29 10:06:18.516] - eth_getBalance
[2019/01/29 10:06:18.532] - eth_getBalance
[2019/01/29 10:06:18.538] - eth_getBalance
[2019/01/29 10:06:18.546] - eth_getBalance
[2019/01/29 10:06:18.555] - eth_getBalance
[2019/01/29 10:06:23.379] - net_version
[2019/01/29 10:06:23.381] - eth_accounts
[2019/01/29 10:06:28.426] - net_version
[2019/01/29 10:06:28.432] - eth_accounts
[2019/01/29 10:06:28.439] - eth_getBalance
[2019/01/29 10:06:28.446] - eth_getBalance
[2019/01/29 10:06:28.454] - eth_getBalance
[2019/01/29 10:06:28.464] - eth_getBalance
[2019/01/29 10:06:28.471] - eth_getBalance
[2019/01/29 10:06:28.482] - eth_getBalance
[2019/01/29 10:06:28.489] - eth_getBalance
[2019/01/29 10:06:28.496] - eth_getBalance
[2019/01/29 10:06:28.504] - eth_getBalance
[2019/01/29 10:06:28.512] - eth_getBalance
[2019/01/29 10:06:33.379] - eth_getBlockByNumber
[2019/01/29 10:06:33.383] - net_version
[2019/01/29 10:06:33.390] - eth_accounts
[2019/01/29 10:06:38.427] - net_version
[2019/01/29 10:06:38.430] - eth_accounts
[2019/01/29 10:06:38.437] - eth_getBalance
[2019/01/29 10:06:38.440] - eth_getBalance
[2019/01/29 10:06:38.450] - eth_getBalance
[2019/01/29 10:06:38.453] - eth_getBalance
[2019/01/29 10:06:38.462] - eth_getBalance
[2019/01/29 10:06:38.472] - eth_getBalance
[2019/01/29 10:06:38.476] - eth_getBalance
[2019/01/29 10:06:38.483] - eth_getBalance
[2019/01/29 10:06:38.502] - eth_getBalance
[2019/01/29 10:06:38.507] - eth_getBalance
[2019/01/29 10:06:43.378] - net_version
[2019/01/29 10:06:43.381] - eth_accounts
[2019/01/29 10:06:48.431] - eth_getBlockByNumber
[2019/01/29 10:06:48.434] - net_version
[2019/01/29 10:06:48.446] - eth_accounts
[2019/01/29 10:06:48.452] - eth_getBalance
[2019/01/29 10:06:48.460] - eth_getBalance
[2019/01/29 10:06:48.466] - eth_getBalance
[2019/01/29 10:06:48.474] - eth_getBalance
[2019/01/29 10:06:48.483] - eth_getBalance
[2019/01/29 10:06:48.490] - eth_getBalance
[2019/01/29 10:06:48.499] - eth_getBalance
[2019/01/29 10:06:48.506] - eth_getBalance
[2019/01/29 10:06:48.515] - eth_getBalance
[2019/01/29 10:06:48.519] - eth_getBalance
[2019/01/29 10:06:53.379] - net_version
[2019/01/29 10:06:53.382] - eth_accounts
[2019/01/29 10:06:58.429] - net_version
[2019/01/29 10:06:58.434] - eth_accounts
[2019/01/29 10:06:58.441] - eth_getBalance
[2019/01/29 10:06:58.449] - eth_getBalance
[2019/01/29 10:06:58.457] - eth_getBalance
[2019/01/29 10:06:58.468] - eth_getBalance
[2019/01/29 10:06:58.477] - eth_getBalance
[2019/01/29 10:06:58.485] - eth_getBalance
[2019/01/29 10:06:58.496] - eth_getBalance
[2019/01/29 10:06:58.504] - eth_getBalance
[2019/01/29 10:06:58.513] - eth_getBalance
[2019/01/29 10:06:58.522] - eth_getBalance
[2019/01/29 10:07:03.381] - eth_getBlockByNumber
[2019/01/29 10:07:03.386] - net_version
[2019/01/29 10:07:03.389] - eth_accounts
[2019/01/29 10:07:08.428] - net_version
[2019/01/29 10:07:08.440] - eth_accounts
[2019/01/29 10:07:08.454] - eth_getBalance
[2019/01/29 10:07:08.457] - eth_getBalance
[2019/01/29 10:07:08.469] - eth_getBalance
[2019/01/29 10:07:08.471] - eth_getBalance
[2019/01/29 10:07:08.483] - eth_getBalance
[2019/01/29 10:07:08.490] - eth_getBalance
[2019/01/29 10:07:08.498] - eth_getBalance
[2019/01/29 10:07:08.508] - eth_getBalance
[2019/01/29 10:07:08.512] - eth_getBalance
[2019/01/29 10:07:08.523] - eth_getBalance
[2019/01/29 10:07:13.381] - net_version
[2019/01/29 10:07:13.383] - eth_accounts
[2019/01/29 10:07:18.435] - eth_getBlockByNumber
[2019/01/29 10:07:18.446] - net_version
[2019/01/29 10:07:18.452] - eth_accounts
[2019/01/29 10:07:18.458] - eth_getBalance
[2019/01/29 10:07:18.466] - eth_getBalance
[2019/01/29 10:07:18.473] - eth_getBalance
[2019/01/29 10:07:18.481] - eth_getBalance
[2019/01/29 10:07:18.489] - eth_getBalance
[2019/01/29 10:07:18.497] - eth_getBalance
[2019/01/29 10:07:18.505] - eth_getBalance
[2019/01/29 10:07:18.514] - eth_getBalance
[2019/01/29 10:07:18.522] - eth_getBalance
[2019/01/29 10:07:18.530] - eth_getBalance
[2019/01/29 10:07:23.380] - net_version
[2019/01/29 10:07:23.383] - eth_accounts
[2019/01/29 10:07:28.425] - net_version
[2019/01/29 10:07:28.428] - eth_accounts
[2019/01/29 10:07:28.438] - eth_getBalance
[2019/01/29 10:07:28.444] - eth_getBalance
[2019/01/29 10:07:28.496] - eth_getBalance
[2019/01/29 10:07:28.498] - eth_getBalance
[2019/01/29 10:07:28.501] - eth_getBalance
[2019/01/29 10:07:28.503] - eth_getBalance
[2019/01/29 10:07:28.509] - eth_getBalance
[2019/01/29 10:07:28.512] - eth_getBalance
[2019/01/29 10:07:28.523] - eth_getBalance
[2019/01/29 10:07:28.528] - eth_getBalance
[2019/01/29 10:07:33.378] - eth_getBlockByNumber
[2019/01/29 10:07:33.386] - net_version
[2019/01/29 10:07:33.391] - eth_accounts
[2019/01/29 10:07:38.439] - net_version
[2019/01/29 10:07:38.443] - eth_accounts
[2019/01/29 10:07:38.452] - eth_getBalance
[2019/01/29 10:07:38.458] - eth_getBalance
[2019/01/29 10:07:38.465] - eth_getBalance
[2019/01/29 10:07:38.469] - eth_getBalance
[2019/01/29 10:07:38.482] - eth_getBalance
[2019/01/29 10:07:38.489] - eth_getBalance
[2019/01/29 10:07:38.493] - eth_getBalance
[2019/01/29 10:07:38.501] - eth_getBalance
[2019/01/29 10:07:38.508] - eth_getBalance
[2019/01/29 10:07:38.515] - eth_getBalance
[2019/01/29 10:07:43.380] - net_version
[2019/01/29 10:07:43.392] - eth_accounts
[2019/01/29 10:07:48.433] - eth_getBlockByNumber
[2019/01/29 10:07:48.440] - net_version
[2019/01/29 10:07:48.448] - eth_accounts
[2019/01/29 10:07:48.458] - eth_getBalance
[2019/01/29 10:07:48.464] - eth_getBalance
[2019/01/29 10:07:48.471] - eth_getBalance
[2019/01/29 10:07:48.478] - eth_getBalance
[2019/01/29 10:07:48.485] - eth_getBalance
[2019/01/29 10:07:48.496] - eth_getBalance
[2019/01/29 10:07:48.502] - eth_getBalance
[2019/01/29 10:07:48.511] - eth_getBalance
[2019/01/29 10:07:48.518] - eth_getBalance
[2019/01/29 10:07:48.526] - eth_getBalance
[2019/01/29 10:07:53.380] - net_version
[2019/01/29 10:07:53.383] - eth_accounts
[2019/01/29 10:07:58.450] - net_version
[2019/01/29 10:07:58.452] - eth_accounts
[2019/01/29 10:07:58.465] - eth_getBalance
[2019/01/29 10:07:58.467] - eth_getBalance
[2019/01/29 10:07:58.482] - eth_getBalance
[2019/01/29 10:07:58.488] - eth_getBalance
[2019/01/29 10:07:58.495] - eth_getBalance
[2019/01/29 10:07:58.502] - eth_getBalance
[2019/01/29 10:07:58.514] - eth_getBalance
[2019/01/29 10:07:58.517] - eth_getBalance
[2019/01/29 10:07:58.529] - eth_getBalance
[2019/01/29 10:07:58.532] - eth_getBalance
[2019/01/29 10:08:03.379] - eth_getBlockByNumber
[2019/01/29 10:08:03.382] - net_version
[2019/01/29 10:08:03.393] - eth_accounts
[2019/01/29 10:08:08.424] - net_version
[2019/01/29 10:08:08.427] - eth_accounts
[2019/01/29 10:08:08.438] - eth_getBalance
[2019/01/29 10:08:08.444] - eth_getBalance
[2019/01/29 10:08:08.452] - eth_getBalance
[2019/01/29 10:08:08.463] - eth_getBalance
[2019/01/29 10:08:08.470] - eth_getBalance
[2019/01/29 10:08:08.477] - eth_getBalance
[2019/01/29 10:08:08.484] - eth_getBalance
[2019/01/29 10:08:08.495] - eth_getBalance
[2019/01/29 10:08:08.498] - eth_getBalance
[2019/01/29 10:08:08.509] - eth_getBalance
[2019/01/29 10:08:13.379] - net_version
[2019/01/29 10:08:13.382] - eth_accounts
[2019/01/29 10:08:18.427] - eth_getBlockByNumber
[2019/01/29 10:08:18.433] - net_version
[2019/01/29 10:08:18.440] - eth_accounts
[2019/01/29 10:08:18.448] - eth_getBalance
[2019/01/29 10:08:18.455] - eth_getBalance
[2019/01/29 10:08:18.466] - eth_getBalance
[2019/01/29 10:08:18.473] - eth_getBalance
[2019/01/29 10:08:18.486] - eth_getBalance
[2019/01/29 10:08:18.493] - eth_getBalance
[2019/01/29 10:08:18.502] - eth_getBalance
[2019/01/29 10:08:18.509] - eth_getBalance
[2019/01/29 10:08:18.515] - eth_getBalance
[2019/01/29 10:08:18.523] - eth_getBalance
[2019/01/29 10:08:23.381] - net_version
[2019/01/29 10:08:23.383] - eth_accounts
[2019/01/29 10:08:28.427] - net_version
[2019/01/29 10:08:28.434] - eth_accounts
[2019/01/29 10:08:28.441] - eth_getBalance
[2019/01/29 10:08:28.450] - eth_getBalance
[2019/01/29 10:08:28.458] - eth_getBalance
[2019/01/29 10:08:28.467] - eth_getBalance
[2019/01/29 10:08:28.475] - eth_getBalance
[2019/01/29 10:08:28.482] - eth_getBalance
[2019/01/29 10:08:28.494] - eth_getBalance
[2019/01/29 10:08:28.503] - eth_getBalance
[2019/01/29 10:08:28.510] - eth_getBalance
[2019/01/29 10:08:28.518] - eth_getBalance
[2019/01/29 10:08:33.379] - eth_getBlockByNumber
[2019/01/29 10:08:33.383] - net_version
[2019/01/29 10:08:33.386] - eth_accounts
[2019/01/29 10:08:38.422] - net_version
[2019/01/29 10:08:38.431] - eth_accounts
[2019/01/29 10:08:38.434] - eth_getBalance
[2019/01/29 10:08:38.445] - eth_getBalance
[2019/01/29 10:08:38.451] - eth_getBalance
[2019/01/29 10:08:38.461] - eth_getBalance
[2019/01/29 10:08:38.472] - eth_getBalance
[2019/01/29 10:08:38.475] - eth_getBalance
[2019/01/29 10:08:38.488] - eth_getBalance
[2019/01/29 10:08:38.494] - eth_getBalance
[2019/01/29 10:08:38.509] - eth_getBalance
[2019/01/29 10:08:38.516] - eth_getBalance
[2019/01/29 10:08:43.380] - net_version
[2019/01/29 10:08:43.383] - eth_accounts
[2019/01/29 10:08:48.425] - eth_getBlockByNumber
[2019/01/29 10:08:48.431] - net_version
[2019/01/29 10:08:48.441] - eth_accounts
[2019/01/29 10:08:48.445] - eth_getBalance
[2019/01/29 10:08:48.453] - eth_getBalance
[2019/01/29 10:08:48.464] - eth_getBalance
[2019/01/29 10:08:48.470] - eth_getBalance
[2019/01/29 10:08:48.479] - eth_getBalance
[2019/01/29 10:08:48.494] - eth_getBalance
[2019/01/29 10:08:48.497] - eth_getBalance
[2019/01/29 10:08:48.510] - eth_getBalance
[2019/01/29 10:08:48.515] - eth_getBalance
[2019/01/29 10:08:48.525] - eth_getBalance
[2019/01/29 10:08:53.380] - net_version
[2019/01/29 10:08:53.383] - eth_accounts
[2019/01/29 10:08:58.425] - net_version
[2019/01/29 10:08:58.431] - eth_accounts
[2019/01/29 10:08:58.439] - eth_getBalance
[2019/01/29 10:08:58.447] - eth_getBalance
[2019/01/29 10:08:58.456] - eth_getBalance
[2019/01/29 10:08:58.464] - eth_getBalance
[2019/01/29 10:08:58.473] - eth_getBalance
[2019/01/29 10:08:58.482] - eth_getBalance
[2019/01/29 10:08:58.490] - eth_getBalance
[2019/01/29 10:08:58.498] - eth_getBalance
[2019/01/29 10:08:58.507] - eth_getBalance
[2019/01/29 10:08:58.515] - eth_getBalance
[2019/01/29 10:09:03.381] - eth_getBlockByNumber
[2019/01/29 10:09:03.384] - net_version
[2019/01/29 10:09:03.389] - eth_accounts
[2019/01/29 10:09:08.427] - net_version
[2019/01/29 10:09:08.430] - eth_accounts
[2019/01/29 10:09:08.440] - eth_getBalance
[2019/01/29 10:09:08.446] - eth_getBalance
[2019/01/29 10:09:08.454] - eth_getBalance
[2019/01/29 10:09:08.466] - eth_getBalance
[2019/01/29 10:09:08.469] - eth_getBalance
[2019/01/29 10:09:08.481] - eth_getBalance
[2019/01/29 10:09:08.485] - eth_getBalance
[2019/01/29 10:09:08.498] - eth_getBalance
[2019/01/29 10:09:08.512] - eth_getBalance
[2019/01/29 10:09:08.516] - eth_getBalance
[2019/01/29 10:09:13.380] - net_version
[2019/01/29 10:09:13.384] - eth_accounts
[2019/01/29 10:09:18.732] - net_version
[2019/01/29 10:09:18.738] - eth_accounts
[2019/01/29 10:09:18.741] - eth_getBalance
[2019/01/29 10:09:18.744] - eth_getBlockByNumber
[2019/01/29 10:09:18.746] - eth_getBalance
[2019/01/29 10:09:18.755] - eth_getBalance
[2019/01/29 10:09:18.767] - eth_getBalance
[2019/01/29 10:09:18.777] - eth_getBalance
[2019/01/29 10:09:18.793] - eth_getBalance
[2019/01/29 10:09:18.799] - eth_getBalance
[2019/01/29 10:09:18.807] - eth_getBalance
[2019/01/29 10:09:18.814] - eth_getBalance
[2019/01/29 10:09:18.821] - eth_getBalance
[2019/01/29 10:09:23.379] - net_version
[2019/01/29 10:09:23.383] - eth_accounts
[2019/01/29 10:09:28.430] - net_version
[2019/01/29 10:09:28.436] - eth_accounts
[2019/01/29 10:09:28.443] - eth_getBalance
[2019/01/29 10:09:28.450] - eth_getBalance
[2019/01/29 10:09:28.458] - eth_getBalance
[2019/01/29 10:09:28.466] - eth_getBalance
[2019/01/29 10:09:28.477] - eth_getBalance
[2019/01/29 10:09:28.482] - eth_getBalance
[2019/01/29 10:09:28.492] - eth_getBalance
[2019/01/29 10:09:28.498] - eth_getBalance
[2019/01/29 10:09:28.506] - eth_getBalance
[2019/01/29 10:09:28.513] - eth_getBalance
[2019/01/29 10:09:33.381] - eth_getBlockByNumber
[2019/01/29 10:09:33.385] - net_version
[2019/01/29 10:09:33.392] - eth_accounts
[2019/01/29 10:09:38.422] - net_version
[2019/01/29 10:09:38.428] - eth_accounts
[2019/01/29 10:09:38.435] - eth_getBalance
[2019/01/29 10:09:38.443] - eth_getBalance
[2019/01/29 10:09:38.453] - eth_getBalance
[2019/01/29 10:09:38.456] - eth_getBalance
[2019/01/29 10:09:38.467] - eth_getBalance
[2019/01/29 10:09:38.470] - eth_getBalance
[2019/01/29 10:09:38.482] - eth_getBalance
[2019/01/29 10:09:38.488] - eth_getBalance
[2019/01/29 10:09:38.498] - eth_getBalance
[2019/01/29 10:09:38.531] - eth_getBalance
[2019/01/29 10:09:43.379] - net_version
[2019/01/29 10:09:43.382] - eth_accounts
[2019/01/29 10:09:48.394] - eth_getBlockByNumber
[2019/01/29 10:09:48.403] - eth_getBalance
[2019/01/29 10:09:48.412] - eth_getBalance
[2019/01/29 10:09:48.420] - eth_getBalance
[2019/01/29 10:09:48.427] - eth_getBalance
[2019/01/29 10:09:48.437] - eth_getBalance
[2019/01/29 10:09:48.445] - eth_getBalance
[2019/01/29 10:09:48.452] - eth_getBalance
[2019/01/29 10:09:48.459] - eth_getBalance
[2019/01/29 10:09:48.467] - eth_getBalance
[2019/01/29 10:09:48.475] - eth_getBalance
[2019/01/29 10:09:48.483] - net_version
[2019/01/29 10:09:48.490] - eth_accounts
[2019/01/29 10:09:53.379] - net_version
[2019/01/29 10:09:53.383] - eth_accounts
[2019/01/29 10:09:58.426] - net_version
[2019/01/29 10:09:58.432] - eth_accounts
[2019/01/29 10:09:58.442] - eth_getBalance
[2019/01/29 10:09:58.451] - eth_getBalance
[2019/01/29 10:09:58.458] - eth_getBalance
[2019/01/29 10:09:58.462] - eth_getBalance
[2019/01/29 10:09:58.466] - eth_getBalance
[2019/01/29 10:09:58.475] - eth_getBalance
[2019/01/29 10:09:58.483] - eth_getBalance
[2019/01/29 10:09:58.490] - eth_getBalance
[2019/01/29 10:09:58.492] - eth_getBalance
[2019/01/29 10:09:58.494] - eth_getBalance
[2019/01/29 10:10:03.379] - eth_getBlockByNumber
[2019/01/29 10:10:03.382] - net_version
[2019/01/29 10:10:03.393] - eth_accounts
[2019/01/29 10:10:08.430] - net_version
[2019/01/29 10:10:08.439] - eth_accounts
[2019/01/29 10:10:08.446] - eth_getBalance
[2019/01/29 10:10:08.454] - eth_getBalance
[2019/01/29 10:10:08.462] - eth_getBalance
[2019/01/29 10:10:08.472] - eth_getBalance
[2019/01/29 10:10:08.480] - eth_getBalance
[2019/01/29 10:10:08.488] - eth_getBalance
[2019/01/29 10:10:08.497] - eth_getBalance
[2019/01/29 10:10:08.505] - eth_getBalance
[2019/01/29 10:10:08.514] - eth_getBalance
[2019/01/29 10:10:08.522] - eth_getBalance
[2019/01/29 10:10:13.379] - net_version
[2019/01/29 10:10:13.382] - eth_accounts
[2019/01/29 10:10:18.430] - eth_getBlockByNumber
[2019/01/29 10:10:18.443] - net_version
[2019/01/29 10:10:18.446] - eth_accounts
[2019/01/29 10:10:18.455] - eth_getBalance
[2019/01/29 10:10:18.460] - eth_getBalance
[2019/01/29 10:10:18.471] - eth_getBalance
[2019/01/29 10:10:18.474] - eth_getBalance
[2019/01/29 10:10:18.487] - eth_getBalance
[2019/01/29 10:10:18.494] - eth_getBalance
[2019/01/29 10:10:18.502] - eth_getBalance
[2019/01/29 10:10:18.508] - eth_getBalance
[2019/01/29 10:10:18.520] - eth_getBalance
[2019/01/29 10:10:18.526] - eth_getBalance
[2019/01/29 10:10:23.381] - net_version
[2019/01/29 10:10:23.383] - eth_accounts
[2019/01/29 10:10:28.426] - net_version
[2019/01/29 10:10:28.429] - eth_accounts
[2019/01/29 10:10:28.439] - eth_getBalance
[2019/01/29 10:10:28.445] - eth_getBalance
[2019/01/29 10:10:28.453] - eth_getBalance
[2019/01/29 10:10:28.461] - eth_getBalance
[2019/01/29 10:10:28.473] - eth_getBalance
[2019/01/29 10:10:28.476] - eth_getBalance
[2019/01/29 10:10:28.490] - eth_getBalance
[2019/01/29 10:10:28.493] - eth_getBalance
[2019/01/29 10:10:28.506] - eth_getBalance
[2019/01/29 10:10:28.512] - eth_getBalance
[2019/01/29 10:10:33.380] - eth_getBlockByNumber
[2019/01/29 10:10:33.396] - net_version
[2019/01/29 10:10:33.400] - eth_accounts
[2019/01/29 10:10:38.426] - net_version
[2019/01/29 10:10:38.429] - eth_accounts
[2019/01/29 10:10:38.438] - eth_getBalance
[2019/01/29 10:10:38.444] - eth_getBalance
[2019/01/29 10:10:38.458] - eth_getBalance
[2019/01/29 10:10:38.462] - eth_getBalance
[2019/01/29 10:10:38.470] - eth_getBalance
[2019/01/29 10:10:38.474] - eth_getBalance
[2019/01/29 10:10:38.480] - eth_getBalance
[2019/01/29 10:10:38.484] - eth_getBalance
[2019/01/29 10:10:38.495] - eth_getBalance
[2019/01/29 10:10:38.501] - eth_getBalance
[2019/01/29 10:10:43.380] - net_version
[2019/01/29 10:10:43.382] - eth_accounts
[2019/01/29 10:10:48.430] - eth_getBlockByNumber
[2019/01/29 10:10:48.433] - net_version
[2019/01/29 10:10:48.444] - eth_accounts
[2019/01/29 10:10:48.449] - eth_getBalance
[2019/01/29 10:10:48.456] - eth_getBalance
[2019/01/29 10:10:48.466] - eth_getBalance
[2019/01/29 10:10:48.472] - eth_getBalance
[2019/01/29 10:10:48.482] - eth_getBalance
[2019/01/29 10:10:48.486] - eth_getBalance
[2019/01/29 10:10:48.498] - eth_getBalance
[2019/01/29 10:10:48.503] - eth_getBalance
[2019/01/29 10:10:48.512] - eth_getBalance
[2019/01/29 10:10:48.519] - eth_getBalance
[2019/01/29 10:10:53.379] - net_version
[2019/01/29 10:10:53.382] - eth_accounts
[2019/01/29 10:10:58.430] - net_version
[2019/01/29 10:10:58.438] - eth_accounts
[2019/01/29 10:10:58.445] - eth_getBalance
[2019/01/29 10:10:58.453] - eth_getBalance
[2019/01/29 10:10:58.461] - eth_getBalance
[2019/01/29 10:10:58.472] - eth_getBalance
[2019/01/29 10:10:58.480] - eth_getBalance
[2019/01/29 10:10:58.488] - eth_getBalance
[2019/01/29 10:10:58.496] - eth_getBalance
[2019/01/29 10:10:58.504] - eth_getBalance
[2019/01/29 10:10:58.512] - eth_getBalance
[2019/01/29 10:10:58.520] - eth_getBalance
[2019/01/29 10:11:03.380] - eth_getBlockByNumber
[2019/01/29 10:11:03.384] - net_version
[2019/01/29 10:11:03.387] - eth_accounts
[2019/01/29 10:11:08.434] - net_version
[2019/01/29 10:11:08.438] - eth_accounts
[2019/01/29 10:11:08.447] - eth_getBalance
[2019/01/29 10:11:08.452] - eth_getBalance
[2019/01/29 10:11:08.460] - eth_getBalance
[2019/01/29 10:11:08.467] - eth_getBalance
[2019/01/29 10:11:08.474] - eth_getBalance
[2019/01/29 10:11:08.485] - eth_getBalance
[2019/01/29 10:11:08.496] - eth_getBalance
[2019/01/29 10:11:08.499] - eth_getBalance
[2019/01/29 10:11:08.511] - eth_getBalance
[2019/01/29 10:11:08.516] - eth_getBalance
[2019/01/29 10:11:13.380] - net_version
[2019/01/29 10:11:13.383] - eth_accounts
[2019/01/29 10:11:18.428] - eth_getBlockByNumber
[2019/01/29 10:11:18.436] - net_version
[2019/01/29 10:11:18.449] - eth_accounts
[2019/01/29 10:11:18.453] - eth_getBalance
[2019/01/29 10:11:18.459] - eth_getBalance
[2019/01/29 10:11:18.467] - eth_getBalance
[2019/01/29 10:11:18.489] - eth_getBalance
[2019/01/29 10:11:18.492] - eth_getBalance
[2019/01/29 10:11:18.500] - eth_getBalance
[2019/01/29 10:11:18.507] - eth_getBalance
[2019/01/29 10:11:18.511] - eth_getBalance
[2019/01/29 10:11:18.520] - eth_getBalance
[2019/01/29 10:11:18.526] - eth_getBalance
[2019/01/29 10:11:23.379] - net_version
[2019/01/29 10:11:23.382] - eth_accounts
[2019/01/29 10:11:28.426] - net_version
[2019/01/29 10:11:28.436] - eth_accounts
[2019/01/29 10:11:28.440] - eth_getBalance
[2019/01/29 10:11:28.454] - eth_getBalance
[2019/01/29 10:11:28.461] - eth_getBalance
[2019/01/29 10:11:28.469] - eth_getBalance
[2019/01/29 10:11:28.479] - eth_getBalance
[2019/01/29 10:11:28.482] - eth_getBalance
[2019/01/29 10:11:28.498] - eth_getBalance
[2019/01/29 10:11:28.501] - eth_getBalance
[2019/01/29 10:11:28.512] - eth_getBalance
[2019/01/29 10:11:28.515] - eth_getBalance
[2019/01/29 10:11:33.381] - eth_getBlockByNumber
[2019/01/29 10:11:33.383] - net_version
[2019/01/29 10:11:33.393] - eth_accounts
[2019/01/29 10:11:38.438] - net_version
[2019/01/29 10:11:38.446] - eth_accounts
[2019/01/29 10:11:38.452] - eth_getBalance
[2019/01/29 10:11:38.459] - eth_getBalance
[2019/01/29 10:11:38.463] - eth_getBalance
[2019/01/29 10:11:38.470] - eth_getBalance
[2019/01/29 10:11:38.475] - eth_getBalance
[2019/01/29 10:11:38.479] - eth_getBalance
[2019/01/29 10:11:38.487] - eth_getBalance
[2019/01/29 10:11:38.495] - eth_getBalance
[2019/01/29 10:11:38.502] - eth_getBalance
[2019/01/29 10:11:38.510] - eth_getBalance
[2019/01/29 10:11:43.378] - net_version
[2019/01/29 10:11:43.381] - eth_accounts
[2019/01/29 10:11:48.429] - eth_getBlockByNumber
[2019/01/29 10:11:48.432] - net_version
[2019/01/29 10:11:48.445] - eth_accounts
[2019/01/29 10:11:48.448] - eth_getBalance
[2019/01/29 10:11:48.460] - eth_getBalance
[2019/01/29 10:11:48.463] - eth_getBalance
[2019/01/29 10:11:48.474] - eth_getBalance
[2019/01/29 10:11:48.480] - eth_getBalance
[2019/01/29 10:11:48.487] - eth_getBalance
[2019/01/29 10:11:48.499] - eth_getBalance
[2019/01/29 10:11:48.502] - eth_getBalance
[2019/01/29 10:11:48.512] - eth_getBalance
[2019/01/29 10:11:48.519] - eth_getBalance
[2019/01/29 10:11:53.379] - net_version
[2019/01/29 10:11:53.382] - eth_accounts
[2019/01/29 10:11:58.427] - net_version
[2019/01/29 10:11:58.442] - eth_accounts
[2019/01/29 10:11:58.457] - eth_getBalance
[2019/01/29 10:11:58.460] - eth_getBalance
[2019/01/29 10:11:58.473] - eth_getBalance
[2019/01/29 10:11:58.477] - eth_getBalance
[2019/01/29 10:11:58.487] - eth_getBalance
[2019/01/29 10:11:58.490] - eth_getBalance
[2019/01/29 10:11:58.503] - eth_getBalance
[2019/01/29 10:11:58.508] - eth_getBalance
[2019/01/29 10:11:58.519] - eth_getBalance
[2019/01/29 10:11:58.522] - eth_getBalance
[2019/01/29 10:12:03.379] - eth_getBlockByNumber
[2019/01/29 10:12:03.382] - net_version
[2019/01/29 10:12:03.389] - eth_accounts
[2019/01/29 10:12:08.424] - net_version
[2019/01/29 10:12:08.434] - eth_accounts
[2019/01/29 10:12:08.437] - eth_getBalance
[2019/01/29 10:12:08.449] - eth_getBalance
[2019/01/29 10:12:08.452] - eth_getBalance
[2019/01/29 10:12:08.464] - eth_getBalance
[2019/01/29 10:12:08.467] - eth_getBalance
[2019/01/29 10:12:08.480] - eth_getBalance
[2019/01/29 10:12:08.483] - eth_getBalance
[2019/01/29 10:12:08.495] - eth_getBalance
[2019/01/29 10:12:08.498] - eth_getBalance
[2019/01/29 10:12:08.512] - eth_getBalance
[2019/01/29 10:12:13.379] - net_version
[2019/01/29 10:12:13.382] - eth_accounts
[2019/01/29 10:12:18.431] - eth_getBlockByNumber
[2019/01/29 10:12:18.441] - net_version
[2019/01/29 10:12:18.445] - eth_accounts
[2019/01/29 10:12:18.448] - eth_getBalance
[2019/01/29 10:12:18.450] - eth_getBalance
[2019/01/29 10:12:18.453] - eth_getBalance
[2019/01/29 10:12:18.462] - eth_getBalance
[2019/01/29 10:12:18.480] - eth_getBalance
[2019/01/29 10:12:18.486] - eth_getBalance
[2019/01/29 10:12:18.489] - eth_getBalance
[2019/01/29 10:12:18.491] - eth_getBalance
[2019/01/29 10:12:18.493] - eth_getBalance
[2019/01/29 10:12:18.505] - eth_getBalance
[2019/01/29 10:12:23.381] - net_version
[2019/01/29 10:12:23.384] - eth_accounts
[2019/01/29 10:12:28.439] - eth_getBalance
[2019/01/29 10:12:28.449] - eth_getBalance
[2019/01/29 10:12:28.502] - eth_getBalance
[2019/01/29 10:12:28.510] - eth_getBalance
[2019/01/29 10:12:28.517] - eth_getBalance
[2019/01/29 10:12:28.525] - eth_getBalance
[2019/01/29 10:12:28.533] - eth_accounts
[2019/01/29 10:12:28.539] - net_version
[2019/01/29 10:12:28.546] - eth_getBalance
[2019/01/29 10:12:28.554] - eth_getBalance
[2019/01/29 10:12:28.562] - eth_getBalance
[2019/01/29 10:12:28.569] - eth_getBalance
[2019/01/29 10:12:33.379] - eth_getBlockByNumber
[2019/01/29 10:12:33.383] - net_version
[2019/01/29 10:12:33.385] - eth_accounts
[2019/01/29 10:12:38.436] - net_version
[2019/01/29 10:12:38.441] - eth_accounts
[2019/01/29 10:12:38.444] - eth_getBalance
[2019/01/29 10:12:38.447] - eth_getBalance
[2019/01/29 10:12:38.454] - eth_getBalance
[2019/01/29 10:12:38.459] - eth_getBalance
[2019/01/29 10:12:38.462] - eth_getBalance
[2019/01/29 10:12:38.472] - eth_getBalance
[2019/01/29 10:12:38.476] - eth_getBalance
[2019/01/29 10:12:38.486] - eth_getBalance
[2019/01/29 10:12:38.495] - eth_getBalance
[2019/01/29 10:12:38.507] - eth_getBalance
[2019/01/29 10:12:43.379] - net_version
[2019/01/29 10:12:43.382] - eth_accounts
[2019/01/29 10:12:48.434] - eth_getBlockByNumber
[2019/01/29 10:12:48.440] - net_version
[2019/01/29 10:12:48.450] - eth_accounts
[2019/01/29 10:12:48.454] - eth_getBalance
[2019/01/29 10:12:48.460] - eth_getBalance
[2019/01/29 10:12:48.471] - eth_getBalance
[2019/01/29 10:12:48.476] - eth_getBalance
[2019/01/29 10:12:48.489] - eth_getBalance
[2019/01/29 10:12:48.496] - eth_getBalance
[2019/01/29 10:12:48.503] - eth_getBalance
[2019/01/29 10:12:48.514] - eth_getBalance
[2019/01/29 10:12:48.518] - eth_getBalance
[2019/01/29 10:12:48.537] - eth_getBalance
[2019/01/29 10:12:53.381] - net_version
[2019/01/29 10:12:53.384] - eth_accounts
[2019/01/29 10:12:58.427] - net_version
[2019/01/29 10:12:58.440] - eth_accounts
[2019/01/29 10:12:58.445] - eth_getBalance
[2019/01/29 10:12:58.449] - eth_getBalance
[2019/01/29 10:12:58.455] - eth_getBalance
[2019/01/29 10:12:58.463] - eth_getBalance
[2019/01/29 10:12:58.469] - eth_getBalance
[2019/01/29 10:12:58.473] - eth_getBalance
[2019/01/29 10:12:58.480] - eth_getBalance
[2019/01/29 10:12:58.490] - eth_getBalance
[2019/01/29 10:12:58.497] - eth_getBalance
[2019/01/29 10:12:58.502] - eth_getBalance
[2019/01/29 10:13:03.379] - eth_getBlockByNumber
[2019/01/29 10:13:03.382] - net_version
[2019/01/29 10:13:03.386] - eth_accounts
[2019/01/29 10:13:08.431] - net_version
[2019/01/29 10:13:08.435] - eth_accounts
[2019/01/29 10:13:08.443] - eth_getBalance
[2019/01/29 10:13:08.453] - eth_getBalance
[2019/01/29 10:13:08.456] - eth_getBalance
[2019/01/29 10:13:08.462] - eth_getBalance
[2019/01/29 10:13:08.465] - eth_getBalance
[2019/01/29 10:13:08.469] - eth_getBalance
[2019/01/29 10:13:08.482] - eth_getBalance
[2019/01/29 10:13:08.490] - eth_getBalance
[2019/01/29 10:13:08.492] - eth_getBalance
[2019/01/29 10:13:08.500] - eth_getBalance
[2019/01/29 10:13:13.380] - net_version
[2019/01/29 10:13:13.382] - eth_accounts
[2019/01/29 10:13:18.450] - eth_getBlockByNumber
[2019/01/29 10:13:18.460] - net_version
[2019/01/29 10:13:18.467] - eth_accounts
[2019/01/29 10:13:18.475] - eth_getBalance
[2019/01/29 10:13:18.484] - eth_getBalance
[2019/01/29 10:13:18.493] - eth_getBalance
[2019/01/29 10:13:18.501] - eth_getBalance
[2019/01/29 10:13:18.510] - eth_getBalance
[2019/01/29 10:13:18.519] - eth_getBalance
[2019/01/29 10:13:18.527] - eth_getBalance
[2019/01/29 10:13:18.535] - eth_getBalance
[2019/01/29 10:13:18.543] - eth_getBalance
[2019/01/29 10:13:18.551] - eth_getBalance
[2019/01/29 10:13:23.380] - net_version
[2019/01/29 10:13:23.383] - eth_accounts
[2019/01/29 10:13:28.437] - net_version
[2019/01/29 10:13:28.451] - eth_accounts
[2019/01/29 10:13:28.456] - eth_getBalance
[2019/01/29 10:13:28.458] - eth_getBalance
[2019/01/29 10:13:28.461] - eth_getBalance
[2019/01/29 10:13:28.465] - eth_getBalance
[2019/01/29 10:13:28.469] - eth_getBalance
[2019/01/29 10:13:28.477] - eth_getBalance
[2019/01/29 10:13:28.484] - eth_getBalance
[2019/01/29 10:13:28.489] - eth_getBalance
[2019/01/29 10:13:28.493] - eth_getBalance
[2019/01/29 10:13:28.502] - eth_getBalance
[2019/01/29 10:13:33.384] - eth_getBlockByNumber
[2019/01/29 10:13:33.390] - net_version
[2019/01/29 10:13:33.399] - eth_accounts
[2019/01/29 10:13:38.428] - net_version
[2019/01/29 10:13:38.436] - eth_accounts
[2019/01/29 10:13:38.443] - eth_getBalance
[2019/01/29 10:13:38.446] - eth_getBalance
[2019/01/29 10:13:38.454] - eth_getBalance
[2019/01/29 10:13:38.459] - eth_getBalance
[2019/01/29 10:13:38.463] - eth_getBalance
[2019/01/29 10:13:38.469] - eth_getBalance
[2019/01/29 10:13:38.473] - eth_getBalance
[2019/01/29 10:13:38.481] - eth_getBalance
[2019/01/29 10:13:38.486] - eth_getBalance
[2019/01/29 10:13:38.490] - eth_getBalance
[2019/01/29 10:13:43.379] - net_version
[2019/01/29 10:13:43.382] - eth_accounts
[2019/01/29 10:13:48.428] - eth_getBlockByNumber
[2019/01/29 10:13:48.459] - net_version
[2019/01/29 10:13:48.464] - eth_accounts
[2019/01/29 10:13:48.474] - eth_getBalance
[2019/01/29 10:13:48.480] - eth_getBalance
[2019/01/29 10:13:48.487] - eth_getBalance
[2019/01/29 10:13:48.495] - eth_getBalance
[2019/01/29 10:13:48.507] - eth_getBalance
[2019/01/29 10:13:48.510] - eth_getBalance
[2019/01/29 10:13:48.523] - eth_getBalance
[2019/01/29 10:13:48.528] - eth_getBalance
[2019/01/29 10:13:48.539] - eth_getBalance
[2019/01/29 10:13:48.543] - eth_getBalance
[2019/01/29 10:13:53.380] - net_version
[2019/01/29 10:13:53.382] - eth_accounts
[2019/01/29 10:13:58.426] - net_version
[2019/01/29 10:13:58.431] - eth_accounts
[2019/01/29 10:13:58.438] - eth_getBalance
[2019/01/29 10:13:58.441] - eth_getBalance
[2019/01/29 10:13:58.450] - eth_getBalance
[2019/01/29 10:13:58.454] - eth_getBalance
[2019/01/29 10:13:58.462] - eth_getBalance
[2019/01/29 10:13:58.466] - eth_getBalance
[2019/01/29 10:13:58.476] - eth_getBalance
[2019/01/29 10:13:58.479] - eth_getBalance
[2019/01/29 10:13:58.487] - eth_getBalance
[2019/01/29 10:13:58.490] - eth_getBalance
[2019/01/29 10:14:03.379] - eth_getBlockByNumber
[2019/01/29 10:14:03.384] - net_version
[2019/01/29 10:14:03.390] - eth_accounts
[2019/01/29 10:14:08.424] - net_version
[2019/01/29 10:14:08.427] - eth_accounts
[2019/01/29 10:14:08.436] - eth_getBalance
[2019/01/29 10:14:08.442] - eth_getBalance
[2019/01/29 10:14:08.449] - eth_getBalance
[2019/01/29 10:14:08.460] - eth_getBalance
[2019/01/29 10:14:08.463] - eth_getBalance
[2019/01/29 10:14:08.475] - eth_getBalance
[2019/01/29 10:14:08.493] - eth_getBalance
[2019/01/29 10:14:08.499] - eth_getBalance
[2019/01/29 10:14:08.507] - eth_getBalance
[2019/01/29 10:14:08.519] - eth_getBalance
[2019/01/29 10:14:13.379] - net_version
[2019/01/29 10:14:13.382] - eth_accounts
[2019/01/29 10:14:18.447] - eth_getBlockByNumber
[2019/01/29 10:14:18.457] - net_version
[2019/01/29 10:14:18.463] - eth_accounts
[2019/01/29 10:14:18.470] - eth_getBalance
[2019/01/29 10:14:18.481] - eth_getBalance
[2019/01/29 10:14:18.493] - eth_getBalance
[2019/01/29 10:14:18.500] - eth_getBalance
[2019/01/29 10:14:18.509] - eth_getBalance
[2019/01/29 10:14:18.518] - eth_getBalance
[2019/01/29 10:14:18.527] - eth_getBalance
[2019/01/29 10:14:18.534] - eth_getBalance
[2019/01/29 10:14:18.543] - eth_getBalance
[2019/01/29 10:14:18.552] - eth_getBalance
[2019/01/29 10:14:23.379] - net_version
[2019/01/29 10:14:23.382] - eth_accounts
[2019/01/29 10:14:28.425] - net_version
[2019/01/29 10:14:28.428] - eth_accounts
[2019/01/29 10:14:28.439] - eth_getBalance
[2019/01/29 10:14:28.442] - eth_getBalance
[2019/01/29 10:14:28.456] - eth_getBalance
[2019/01/29 10:14:28.469] - eth_getBalance
[2019/01/29 10:14:28.472] - eth_getBalance
[2019/01/29 10:14:28.483] - eth_getBalance
[2019/01/29 10:14:28.491] - eth_getBalance
[2019/01/29 10:14:28.498] - eth_getBalance
[2019/01/29 10:14:28.507] - eth_getBalance
[2019/01/29 10:14:28.513] - eth_getBalance
[2019/01/29 10:14:33.378] - eth_getBlockByNumber
[2019/01/29 10:14:33.381] - net_version
[2019/01/29 10:14:33.391] - eth_accounts
[2019/01/29 10:14:38.496] - net_version
[2019/01/29 10:14:38.505] - eth_accounts
[2019/01/29 10:14:38.512] - eth_getBalance
[2019/01/29 10:14:38.521] - eth_getBalance
[2019/01/29 10:14:38.530] - eth_getBalance
[2019/01/29 10:14:38.538] - eth_getBalance
[2019/01/29 10:14:38.547] - eth_getBalance
[2019/01/29 10:14:38.557] - eth_getBalance
[2019/01/29 10:14:38.567] - eth_getBalance
[2019/01/29 10:14:38.575] - eth_getBalance
[2019/01/29 10:14:38.584] - eth_getBalance
[2019/01/29 10:14:38.592] - eth_getBalance
[2019/01/29 10:14:43.386] - net_version
[2019/01/29 10:14:43.400] - eth_accounts
[2019/01/29 10:14:48.426] - eth_getBlockByNumber
[2019/01/29 10:14:48.429] - net_version
[2019/01/29 10:14:48.440] - eth_accounts
[2019/01/29 10:14:48.443] - eth_getBalance
[2019/01/29 10:14:48.451] - eth_getBalance
[2019/01/29 10:14:48.462] - eth_getBalance
[2019/01/29 10:14:48.464] - eth_getBalance
[2019/01/29 10:14:48.473] - eth_getBalance
[2019/01/29 10:14:48.481] - eth_getBalance
[2019/01/29 10:14:48.488] - eth_getBalance
[2019/01/29 10:14:48.500] - eth_getBalance
[2019/01/29 10:14:48.506] - eth_getBalance
[2019/01/29 10:14:48.512] - eth_getBalance
[2019/01/29 10:14:53.411] - net_version
[2019/01/29 10:14:53.418] - eth_accounts
[2019/01/29 10:14:58.448] - net_version
[2019/01/29 10:14:58.452] - eth_accounts
[2019/01/29 10:14:58.457] - eth_getBalance
[2019/01/29 10:14:58.468] - eth_getBalance
[2019/01/29 10:14:58.485] - eth_getBalance
[2019/01/29 10:14:58.491] - eth_getBalance
[2019/01/29 10:14:58.521] - eth_getBalance
[2019/01/29 10:14:58.538] - eth_getBalance
[2019/01/29 10:14:58.561] - eth_getBalance
[2019/01/29 10:14:58.594] - eth_getBalance
[2019/01/29 10:14:58.694] - eth_getBalance
[2019/01/29 10:14:58.787] - eth_getBalance
[2019/01/29 10:15:03.380] - eth_getBlockByNumber
[2019/01/29 10:15:03.384] - net_version
[2019/01/29 10:15:03.386] - eth_accounts
[2019/01/29 10:15:08.428] - net_version
[2019/01/29 10:15:08.439] - eth_accounts
[2019/01/29 10:15:08.442] - eth_getBalance
[2019/01/29 10:15:08.449] - eth_getBalance
[2019/01/29 10:15:08.455] - eth_getBalance
[2019/01/29 10:15:08.462] - eth_getBalance
[2019/01/29 10:15:08.468] - eth_getBalance
[2019/01/29 10:15:08.477] - eth_getBalance
[2019/01/29 10:15:08.481] - eth_getBalance
[2019/01/29 10:15:08.486] - eth_getBalance
[2019/01/29 10:15:08.494] - eth_getBalance
[2019/01/29 10:15:08.506] - eth_getBalance
[2019/01/29 10:15:13.382] - net_version
[2019/01/29 10:15:13.393] - eth_accounts
[2019/01/29 10:15:18.429] - eth_getBlockByNumber
[2019/01/29 10:15:18.434] - net_version
[2019/01/29 10:15:18.444] - eth_accounts
[2019/01/29 10:15:18.447] - eth_getBalance
[2019/01/29 10:15:18.453] - eth_getBalance
[2019/01/29 10:15:18.456] - eth_getBalance
[2019/01/29 10:15:18.474] - eth_getBalance
[2019/01/29 10:15:18.477] - eth_getBalance
[2019/01/29 10:15:18.484] - eth_getBalance
[2019/01/29 10:15:18.488] - eth_getBalance
[2019/01/29 10:15:18.504] - eth_getBalance
[2019/01/29 10:15:18.513] - eth_getBalance
[2019/01/29 10:15:18.516] - eth_getBalance
[2019/01/29 10:15:23.380] - net_version
[2019/01/29 10:15:23.382] - eth_accounts
[2019/01/29 10:15:28.423] - net_version
[2019/01/29 10:15:28.426] - eth_accounts
[2019/01/29 10:15:28.436] - eth_getBalance
[2019/01/29 10:15:28.443] - eth_getBalance
[2019/01/29 10:15:28.449] - eth_getBalance
[2019/01/29 10:15:28.456] - eth_getBalance
[2019/01/29 10:15:28.466] - eth_getBalance
[2019/01/29 10:15:28.471] - eth_getBalance
[2019/01/29 10:15:28.475] - eth_getBalance
[2019/01/29 10:15:28.486] - eth_getBalance
[2019/01/29 10:15:28.492] - eth_getBalance
[2019/01/29 10:15:28.500] - eth_getBalance
