[2019/01/16 15:25:52.068] - Starting server (version 1.2.2) with initial configuration: {"hostname":"192.168.2.2","port":7545,"network_id":5777,"default_balance_ether":100,"total_accounts":10,"unlocked_accounts":[],"locked":false,"vmErrorsOnRPCResponse":true,"verbose":false,"gasLimit":10000000,"gasPrice":2000,"logDirectory":"C:\\Users\\GHOST\\Documents\\GitHub\\EV-Charging-with-Smart-Contract"}
[2019/01/16 15:25:52.385] - eth_subscribe
[2019/01/16 15:25:52.393] - eth_accounts
[2019/01/16 15:25:52.397] - eth_gasPrice
[2019/01/16 15:25:52.407] - eth_getBlockByNumber
[2019/01/16 15:25:52.443] - eth_getBalance
[2019/01/16 15:25:52.456] - eth_getTransactionCount
[2019/01/16 15:25:52.488] - eth_getBalance
[2019/01/16 15:25:52.491] - eth_getTransactionCount
[2019/01/16 15:25:52.498] - eth_getBalance
[2019/01/16 15:25:52.500] - eth_getTransactionCount
[2019/01/16 15:25:52.502] - eth_getBalance
[2019/01/16 15:25:52.506] - eth_getTransactionCount
[2019/01/16 15:25:52.508] - eth_getBalance
[2019/01/16 15:25:52.513] - eth_getTransactionCount
[2019/01/16 15:25:52.515] - eth_getBalance
[2019/01/16 15:25:52.519] - eth_getTransactionCount
[2019/01/16 15:25:52.521] - eth_getBalance
[2019/01/16 15:25:52.527] - eth_getTransactionCount
[2019/01/16 15:25:52.532] - eth_getBalance
[2019/01/16 15:25:52.536] - eth_getTransactionCount
[2019/01/16 15:25:52.538] - eth_getBalance
[2019/01/16 15:25:52.543] - eth_getTransactionCount
[2019/01/16 15:25:52.547] - eth_getBalance
[2019/01/16 15:25:52.552] - eth_getTransactionCount
