[2019/01/16 15:29:57.001] - Starting server (version 1.2.2) with initial configuration: {"hostname":"0.0.0.0","port":7545,"network_id":5777,"default_balance_ether":100,"total_accounts":10,"unlocked_accounts":[],"locked":false,"vmErrorsOnRPCResponse":true,"verbose":false,"gasLimit":10000000,"gasPrice":2000,"logDirectory":"C:\\Users\\GHOST\\Documents\\GitHub\\EV-Charging-with-Smart-Contract"}
[2019/01/16 15:29:57.207] - eth_accounts
[2019/01/16 15:29:57.209] - eth_gasPrice
[2019/01/16 15:29:57.212] - eth_getBlockByNumber
[2019/01/16 15:29:57.214] - eth_subscribe
[2019/01/16 15:29:57.217] - eth_getBalance
[2019/01/16 15:29:57.222] - eth_getTransactionCount
[2019/01/16 15:29:57.225] - eth_getBalance
[2019/01/16 15:29:57.230] - eth_getTransactionCount
[2019/01/16 15:29:57.233] - eth_getBalance
[2019/01/16 15:29:57.235] - eth_getTransactionCount
[2019/01/16 15:29:57.239] - eth_getBalance
[2019/01/16 15:29:57.242] - eth_getTransactionCount
[2019/01/16 15:29:57.243] - eth_getBalance
[2019/01/16 15:29:57.246] - eth_getTransactionCount
[2019/01/16 15:29:57.249] - eth_getBalance
[2019/01/16 15:29:57.252] - eth_getTransactionCount
[2019/01/16 15:29:57.254] - eth_getBalance
[2019/01/16 15:29:57.255] - eth_getTransactionCount
[2019/01/16 15:29:57.257] - eth_getBalance
[2019/01/16 15:29:57.261] - eth_getTransactionCount
[2019/01/16 15:29:57.263] - eth_getBalance
[2019/01/16 15:29:57.265] - eth_getTransactionCount
[2019/01/16 15:29:57.267] - eth_getBalance
[2019/01/16 15:29:57.271] - eth_getTransactionCount
