[2019/01/16 15:29:38.451] - Starting server (version 1.2.2) with initial configuration: {"hostname":"192.168.2.2","port":7545,"network_id":5777,"default_balance_ether":100,"total_accounts":10,"unlocked_accounts":[],"locked":false,"vmErrorsOnRPCResponse":true,"verbose":false,"gasLimit":10000000,"gasPrice":2000,"logDirectory":"C:\\Users\\GHOST\\Documents\\GitHub\\EV-Charging-with-Smart-Contract"}
[2019/01/16 15:29:38.633] - eth_subscribe
[2019/01/16 15:29:38.641] - eth_accounts
[2019/01/16 15:29:38.643] - eth_gasPrice
[2019/01/16 15:29:38.645] - eth_getBlockByNumber
[2019/01/16 15:29:38.653] - eth_getBalance
[2019/01/16 15:29:38.656] - eth_getTransactionCount
[2019/01/16 15:29:38.660] - eth_getBalance
[2019/01/16 15:29:38.664] - eth_getTransactionCount
[2019/01/16 15:29:38.669] - eth_getBalance
[2019/01/16 15:29:38.671] - eth_getTransactionCount
[2019/01/16 15:29:38.673] - eth_getBalance
[2019/01/16 15:29:38.677] - eth_getTransactionCount
[2019/01/16 15:29:38.680] - eth_getBalance
[2019/01/16 15:29:38.681] - eth_getTransactionCount
[2019/01/16 15:29:38.683] - eth_getBalance
[2019/01/16 15:29:38.688] - eth_getTransactionCount
[2019/01/16 15:29:38.691] - eth_getBalance
[2019/01/16 15:29:38.692] - eth_getTransactionCount
[2019/01/16 15:29:38.694] - eth_getBalance
[2019/01/16 15:29:38.698] - eth_getTransactionCount
[2019/01/16 15:29:38.702] - eth_getBalance
[2019/01/16 15:29:38.704] - eth_getTransactionCount
[2019/01/16 15:29:38.706] - eth_getBalance
[2019/01/16 15:29:38.718] - eth_getTransactionCount
