[2019/01/17 12:39:34.393] - Starting server (version 1.2.2) with initial configuration: {"hostname":"127.0.0.1","port":7545,"network_id":5777,"default_balance_ether":100,"total_accounts":10,"unlocked_accounts":[],"locked":false,"vmErrorsOnRPCResponse":true,"verbose":false,"gasLimit":10000000,"gasPrice":2000,"logDirectory":"C:\\Users\\GHOST\\Documents\\GitHub\\EV-Charging-with-Smart-Contract"}
[2019/01/17 12:39:34.608] - eth_accounts
[2019/01/17 12:39:34.612] - eth_gasPrice
[2019/01/17 12:39:34.614] - eth_getBlockByNumber
[2019/01/17 12:39:34.621] - eth_subscribe
[2019/01/17 12:39:34.645] - eth_getBalance
[2019/01/17 12:39:34.653] - eth_getTransactionCount
[2019/01/17 12:39:34.659] - eth_getBalance
[2019/01/17 12:39:34.664] - eth_getTransactionCount
[2019/01/17 12:39:34.666] - eth_getBalance
[2019/01/17 12:39:34.668] - eth_getTransactionCount
[2019/01/17 12:39:34.673] - eth_getBalance
[2019/01/17 12:39:34.676] - eth_getTransactionCount
[2019/01/17 12:39:34.678] - eth_getBalance
[2019/01/17 12:39:34.680] - eth_getTransactionCount
[2019/01/17 12:39:34.683] - eth_getBalance
[2019/01/17 12:39:34.685] - eth_getTransactionCount
[2019/01/17 12:39:34.688] - eth_getBalance
[2019/01/17 12:39:34.690] - eth_getTransactionCount
[2019/01/17 12:39:34.692] - eth_getBalance
[2019/01/17 12:39:34.696] - eth_getTransactionCount
[2019/01/17 12:39:34.698] - eth_getBalance
[2019/01/17 12:39:34.699] - eth_getTransactionCount
[2019/01/17 12:39:34.701] - eth_getBalance
[2019/01/17 12:39:34.705] - eth_getTransactionCount
[2019/01/17 12:39:55.821] - net_listening
[2019/01/17 12:39:55.863] - eth_getBlockByNumber
[2019/01/17 12:39:55.893] - net_version
[2019/01/17 12:39:55.952] - eth_accounts
[2019/01/17 12:39:55.964] - net_version
[2019/01/17 12:39:56.695] - net_version
[2019/01/17 12:39:56.699] - eth_accounts
[2019/01/17 12:39:56.779] - net_version
[2019/01/17 12:39:56.813] - eth_accounts
[2019/01/17 12:39:56.830] - eth_getBalance
[2019/01/17 12:39:56.839] - eth_getBalance
[2019/01/17 12:39:56.847] - eth_getBalance
[2019/01/17 12:39:56.858] - eth_getBalance
[2019/01/17 12:39:56.930] - eth_getBalance
[2019/01/17 12:40:00.946] - net_version
[2019/01/17 12:40:00.954] - eth_accounts
[2019/01/17 12:40:05.718] - eth_getBlockByNumber
[2019/01/17 12:40:05.934] - net_version
[2019/01/17 12:40:05.937] - eth_accounts
[2019/01/17 12:40:05.945] - eth_getBalance
[2019/01/17 12:40:05.967] - eth_getBalance
[2019/01/17 12:40:05.978] - eth_getBalance
[2019/01/17 12:40:06.034] - eth_getBalance
[2019/01/17 12:40:06.054] - eth_getBalance
[2019/01/17 12:40:06.060] - eth_getBalance
[2019/01/17 12:40:06.085] - eth_getBalance
[2019/01/17 12:40:06.096] - eth_getBalance
[2019/01/17 12:40:06.104] - eth_getBalance
[2019/01/17 12:40:06.115] - eth_getBalance
[2019/01/17 12:40:10.944] - net_version
[2019/01/17 12:40:10.962] - eth_accounts
[2019/01/17 12:40:15.983] - net_version
[2019/01/17 12:40:16.021] - eth_accounts
[2019/01/17 12:40:16.032] - eth_getBalance
[2019/01/17 12:40:16.039] - eth_getBalance
[2019/01/17 12:40:16.044] - eth_getBalance
[2019/01/17 12:40:16.055] - eth_getBalance
[2019/01/17 12:40:16.098] - eth_getBalance
[2019/01/17 12:40:16.101] - eth_getBalance
[2019/01/17 12:40:16.128] - eth_getBalance
[2019/01/17 12:40:16.131] - eth_getBalance
[2019/01/17 12:40:16.156] - eth_getBalance
[2019/01/17 12:40:16.164] - eth_getBalance
[2019/01/17 12:40:18.074] - net_version
[2019/01/17 12:40:18.097] - eth_accounts
[2019/01/17 12:40:18.102] - eth_estimateGas
[2019/01/17 12:40:18.410] - net_version
[2019/01/17 12:40:18.424] - eth_sendTransaction
[2019/01/17 12:40:18.700] - 
[2019/01/17 12:40:18.717] -   Transaction: 0x127eaebea1ef3eab1831832198b5f48bc145b38fd367d96dc07e80a5c580e71b
[2019/01/17 12:40:18.736] -   Contract created: 0x3129eaf1760e374a6feeac07b262c6092568c383
[2019/01/17 12:40:18.740] -   Gas usage: 1002003
[2019/01/17 12:40:18.744] -   Block Number: 1
[2019/01/17 12:40:18.746] -   Block Time: Thu Jan 17 2019 12:40:18 GMT+0300 (Turkey Standard Time)
[2019/01/17 12:40:18.768] - 
[2019/01/17 12:40:18.770] - net_version
[2019/01/17 12:40:18.773] - eth_getTransactionReceipt
[2019/01/17 12:40:18.780] - eth_getBalance
[2019/01/17 12:40:18.782] - eth_getTransactionCount
[2019/01/17 12:40:18.785] - eth_getBalance
[2019/01/17 12:40:18.801] - eth_getTransactionCount
[2019/01/17 12:40:18.806] - eth_getBalance
[2019/01/17 12:40:18.813] - eth_getTransactionByHash
[2019/01/17 12:40:18.816] - eth_getTransactionCount
[2019/01/17 12:40:18.820] - eth_getBalance
[2019/01/17 12:40:18.828] - eth_getTransactionCount
[2019/01/17 12:40:18.834] - eth_getBalance
[2019/01/17 12:40:18.888] - eth_getTransactionCount
[2019/01/17 12:40:18.900] - eth_getTransactionByHash
[2019/01/17 12:40:18.969] - eth_getBalance
[2019/01/17 12:40:18.973] - eth_getBalance
[2019/01/17 12:40:18.986] - eth_getBalance
[2019/01/17 12:40:18.991] - eth_getBalance
[2019/01/17 12:40:19.001] - eth_getBalance
[2019/01/17 12:40:19.016] - eth_getBalance
[2019/01/17 12:40:19.020] - eth_getTransactionCount
[2019/01/17 12:40:19.025] - eth_getBalance
[2019/01/17 12:40:19.033] - eth_getTransactionCount
[2019/01/17 12:40:19.040] - eth_getBalance
[2019/01/17 12:40:19.052] - eth_getTransactionCount
[2019/01/17 12:40:19.066] - eth_getBalance
[2019/01/17 12:40:19.072] - eth_getBalance
[2019/01/17 12:40:19.077] - eth_getTransactionCount
[2019/01/17 12:40:19.090] - eth_getBalance
[2019/01/17 12:40:19.102] - eth_getBalance
[2019/01/17 12:40:19.106] - eth_getBalance
[2019/01/17 12:40:19.116] - eth_getBalance
[2019/01/17 12:40:19.120] - eth_getTransactionCount
[2019/01/17 12:40:19.125] - eth_getBalance
[2019/01/17 12:40:19.139] - eth_getTransactionReceipt
[2019/01/17 12:40:20.712] - eth_getBlockByNumber
[2019/01/17 12:40:20.936] - net_version
[2019/01/17 12:40:20.940] - eth_accounts
[2019/01/17 12:40:25.997] - net_version
[2019/01/17 12:40:26.017] - eth_accounts
[2019/01/17 12:40:26.022] - eth_getBalance
[2019/01/17 12:40:26.032] - eth_getBalance
[2019/01/17 12:40:26.042] - eth_getBalance
[2019/01/17 12:40:26.059] - eth_getBalance
[2019/01/17 12:40:26.072] - eth_getBalance
[2019/01/17 12:40:26.084] - eth_getBalance
[2019/01/17 12:40:26.089] - eth_getBalance
[2019/01/17 12:40:26.107] - eth_getBalance
[2019/01/17 12:40:26.125] - eth_getBalance
[2019/01/17 12:40:26.137] - eth_getBalance
[2019/01/17 12:40:30.934] - net_version
[2019/01/17 12:40:30.938] - eth_accounts
[2019/01/17 12:40:35.741] - eth_getBlockByNumber
[2019/01/17 12:40:35.936] - net_version
[2019/01/17 12:40:35.959] - eth_getBalance
[2019/01/17 12:40:35.962] - eth_getBalance
[2019/01/17 12:40:35.975] - eth_getBalance
[2019/01/17 12:40:35.978] - eth_getBalance
[2019/01/17 12:40:35.987] - eth_getBalance
[2019/01/17 12:40:36.011] - eth_getBalance
[2019/01/17 12:40:36.026] - eth_getBalance
[2019/01/17 12:40:36.038] - eth_accounts
[2019/01/17 12:40:36.054] - eth_getBalance
[2019/01/17 12:40:36.065] - eth_getBalance
[2019/01/17 12:40:36.091] - eth_getBalance
[2019/01/17 12:40:40.947] - net_version
[2019/01/17 12:40:40.952] - eth_accounts
[2019/01/17 12:40:45.935] - net_version
[2019/01/17 12:40:45.984] - eth_getBalance
[2019/01/17 12:40:45.999] - eth_getBalance
[2019/01/17 12:40:46.046] - eth_accounts
[2019/01/17 12:40:46.068] - eth_getBalance
[2019/01/17 12:40:46.080] - eth_getBalance
[2019/01/17 12:40:46.090] - eth_getBalance
[2019/01/17 12:40:46.102] - eth_getBalance
[2019/01/17 12:40:46.115] - eth_getBalance
[2019/01/17 12:40:46.146] - eth_getBalance
[2019/01/17 12:40:46.167] - eth_getBalance
[2019/01/17 12:40:46.176] - eth_getBalance
[2019/01/17 12:40:50.710] - eth_getBlockByNumber
[2019/01/17 12:40:50.938] - net_version
[2019/01/17 12:40:50.954] - eth_accounts
[2019/01/17 12:40:56.013] - net_version
[2019/01/17 12:40:56.057] - eth_accounts
[2019/01/17 12:40:56.063] - eth_getBalance
[2019/01/17 12:40:56.070] - eth_getBalance
[2019/01/17 12:40:56.073] - eth_getBalance
[2019/01/17 12:40:56.087] - eth_getBalance
[2019/01/17 12:40:56.095] - eth_getBalance
[2019/01/17 12:40:56.122] - eth_getBalance
[2019/01/17 12:40:56.137] - eth_getBalance
[2019/01/17 12:40:56.162] - eth_getBalance
[2019/01/17 12:40:56.188] - eth_getBalance
[2019/01/17 12:40:56.208] - eth_getBalance
[2019/01/17 12:41:00.936] - net_version
[2019/01/17 12:41:00.939] - eth_accounts
[2019/01/17 12:41:05.721] - eth_getBlockByNumber
[2019/01/17 12:41:05.940] - net_version
[2019/01/17 12:41:05.990] - eth_getBalance
[2019/01/17 12:41:06.030] - eth_getBalance
[2019/01/17 12:41:06.045] - eth_getBalance
[2019/01/17 12:41:06.057] - eth_getBalance
[2019/01/17 12:41:06.071] - eth_getBalance
[2019/01/17 12:41:06.082] - eth_getBalance
[2019/01/17 12:41:06.093] - eth_getBalance
[2019/01/17 12:41:06.107] - eth_getBalance
[2019/01/17 12:41:06.120] - eth_getBalance
[2019/01/17 12:41:06.129] - eth_getBalance
[2019/01/17 12:41:06.142] - eth_accounts
[2019/01/17 12:41:10.953] - net_version
[2019/01/17 12:41:10.961] - eth_accounts
[2019/01/17 12:41:15.939] - net_version
[2019/01/17 12:41:15.956] - eth_accounts
[2019/01/17 12:41:15.971] - eth_getBalance
[2019/01/17 12:41:15.973] - eth_getBalance
[2019/01/17 12:41:15.976] - eth_getBalance
[2019/01/17 12:41:15.978] - eth_getBalance
[2019/01/17 12:41:15.988] - eth_getBalance
[2019/01/17 12:41:16.002] - eth_getBalance
[2019/01/17 12:41:16.033] - eth_getBalance
[2019/01/17 12:41:16.055] - eth_getBalance
[2019/01/17 12:41:16.057] - eth_getBalance
[2019/01/17 12:41:16.059] - eth_getBalance
[2019/01/17 12:41:20.721] - eth_getBlockByNumber
[2019/01/17 12:41:20.936] - net_version
[2019/01/17 12:41:20.939] - eth_accounts
[2019/01/17 12:41:25.989] - net_version
[2019/01/17 12:41:25.995] - eth_accounts
[2019/01/17 12:41:26.004] - eth_getBalance
[2019/01/17 12:41:26.026] - eth_getBalance
[2019/01/17 12:41:26.044] - eth_getBalance
[2019/01/17 12:41:26.051] - eth_getBalance
[2019/01/17 12:41:26.060] - eth_getBalance
[2019/01/17 12:41:26.068] - eth_getBalance
[2019/01/17 12:41:26.078] - eth_getBalance
[2019/01/17 12:41:26.084] - eth_getBalance
[2019/01/17 12:41:26.097] - eth_getBalance
[2019/01/17 12:41:26.105] - eth_getBalance
[2019/01/17 12:41:30.937] - net_version
[2019/01/17 12:41:30.944] - eth_accounts
[2019/01/17 12:41:35.731] - eth_getBlockByNumber
[2019/01/17 12:41:35.936] - net_version
[2019/01/17 12:41:35.972] - eth_getBalance
[2019/01/17 12:41:35.978] - eth_getBalance
[2019/01/17 12:41:35.986] - eth_getBalance
[2019/01/17 12:41:35.988] - eth_getBalance
[2019/01/17 12:41:36.002] - eth_getBalance
[2019/01/17 12:41:36.014] - eth_getBalance
[2019/01/17 12:41:36.027] - eth_getBalance
[2019/01/17 12:41:36.035] - eth_getBalance
[2019/01/17 12:41:36.058] - eth_getBalance
[2019/01/17 12:41:36.074] - eth_getBalance
[2019/01/17 12:41:36.081] - eth_accounts
[2019/01/17 12:41:40.947] - net_version
[2019/01/17 12:41:40.949] - eth_accounts
[2019/01/17 12:41:45.980] - eth_getBalance
[2019/01/17 12:41:45.994] - eth_getBalance
[2019/01/17 12:41:46.029] - eth_getBalance
[2019/01/17 12:41:46.051] - eth_getBalance
[2019/01/17 12:41:46.070] - eth_getBalance
[2019/01/17 12:41:46.082] - eth_getBalance
[2019/01/17 12:41:46.095] - eth_getBalance
[2019/01/17 12:41:46.105] - eth_getBalance
[2019/01/17 12:41:46.116] - eth_getBalance
[2019/01/17 12:41:46.130] - eth_accounts
[2019/01/17 12:41:46.140] - net_version
[2019/01/17 12:41:46.149] - eth_getBalance
[2019/01/17 12:41:50.711] - eth_getBlockByNumber
[2019/01/17 12:41:50.937] - net_version
[2019/01/17 12:41:50.942] - eth_accounts
[2019/01/17 12:41:55.973] - net_version
[2019/01/17 12:41:56.003] - eth_accounts
[2019/01/17 12:41:56.006] - eth_getBalance
[2019/01/17 12:41:56.008] - eth_getBalance
[2019/01/17 12:41:56.011] - eth_getBalance
[2019/01/17 12:41:56.016] - eth_getBalance
[2019/01/17 12:41:56.027] - eth_getBalance
[2019/01/17 12:41:56.082] - eth_getBalance
[2019/01/17 12:41:56.088] - eth_getBalance
[2019/01/17 12:41:56.105] - eth_getBalance
[2019/01/17 12:41:56.108] - eth_getBalance
[2019/01/17 12:41:56.129] - eth_getBalance
[2019/01/17 12:42:00.936] - net_version
[2019/01/17 12:42:00.941] - eth_accounts
[2019/01/17 12:42:05.719] - eth_getBlockByNumber
[2019/01/17 12:42:05.936] - net_version
[2019/01/17 12:42:05.940] - eth_accounts
[2019/01/17 12:42:05.962] - eth_getBalance
[2019/01/17 12:42:05.987] - eth_getBalance
[2019/01/17 12:42:05.996] - eth_getBalance
[2019/01/17 12:42:06.007] - eth_getBalance
[2019/01/17 12:42:06.016] - eth_getBalance
[2019/01/17 12:42:06.026] - eth_getBalance
[2019/01/17 12:42:06.087] - eth_getBalance
[2019/01/17 12:42:06.103] - eth_getBalance
[2019/01/17 12:42:06.155] - eth_getBalance
[2019/01/17 12:42:06.194] - eth_getBalance
[2019/01/17 12:42:10.945] - net_version
[2019/01/17 12:42:10.953] - eth_accounts
[2019/01/17 12:42:15.935] - net_version
[2019/01/17 12:42:15.967] - eth_getBalance
[2019/01/17 12:42:15.973] - eth_getBalance
[2019/01/17 12:42:15.977] - eth_getBalance
[2019/01/17 12:42:16.000] - eth_accounts
[2019/01/17 12:42:16.027] - eth_getBalance
[2019/01/17 12:42:16.030] - eth_getBalance
[2019/01/17 12:42:16.032] - eth_getBalance
[2019/01/17 12:42:16.035] - eth_getBalance
[2019/01/17 12:42:16.044] - eth_getBalance
[2019/01/17 12:42:16.054] - eth_getBalance
[2019/01/17 12:42:16.059] - eth_getBalance
[2019/01/17 12:42:20.711] - eth_getBlockByNumber
[2019/01/17 12:42:20.938] - net_version
[2019/01/17 12:42:20.942] - eth_accounts
[2019/01/17 12:42:25.999] - net_version
[2019/01/17 12:42:26.021] - eth_accounts
[2019/01/17 12:42:26.039] - eth_getBalance
[2019/01/17 12:42:26.055] - eth_getBalance
[2019/01/17 12:42:26.072] - eth_getBalance
[2019/01/17 12:42:26.074] - eth_getBalance
[2019/01/17 12:42:26.083] - eth_getBalance
[2019/01/17 12:42:26.096] - eth_getBalance
[2019/01/17 12:42:26.106] - eth_getBalance
[2019/01/17 12:42:26.114] - eth_getBalance
[2019/01/17 12:42:26.126] - eth_getBalance
[2019/01/17 12:42:26.138] - eth_getBalance
[2019/01/17 12:42:30.936] - net_version
[2019/01/17 12:42:30.950] - eth_accounts
[2019/01/17 12:42:35.715] - eth_getBlockByNumber
[2019/01/17 12:42:35.936] - net_version
[2019/01/17 12:42:35.943] - eth_accounts
[2019/01/17 12:42:35.952] - eth_getBalance
[2019/01/17 12:42:35.964] - eth_getBalance
[2019/01/17 12:42:35.978] - eth_getBalance
[2019/01/17 12:42:35.982] - eth_getBalance
[2019/01/17 12:42:35.991] - eth_getBalance
[2019/01/17 12:42:36.001] - eth_getBalance
[2019/01/17 12:42:36.004] - eth_getBalance
[2019/01/17 12:42:36.015] - eth_getBalance
[2019/01/17 12:42:36.023] - eth_getBalance
[2019/01/17 12:42:36.031] - eth_getBalance
[2019/01/17 12:42:40.958] - net_version
[2019/01/17 12:42:40.965] - eth_accounts
[2019/01/17 12:42:46.645] - net_version
[2019/01/17 12:42:46.656] - eth_accounts
[2019/01/17 12:42:46.666] - eth_getBalance
[2019/01/17 12:42:46.677] - eth_getBalance
[2019/01/17 12:42:46.687] - eth_getBalance
[2019/01/17 12:42:46.699] - eth_getBalance
[2019/01/17 12:42:46.711] - eth_getBalance
[2019/01/17 12:42:46.724] - eth_getBalance
[2019/01/17 12:42:46.735] - eth_getBalance
[2019/01/17 12:42:46.743] - eth_getBalance
[2019/01/17 12:42:46.753] - eth_getBalance
[2019/01/17 12:42:46.764] - eth_getBalance
[2019/01/17 12:42:51.080] - eth_getBlockByNumber
[2019/01/17 12:42:51.096] - net_version
[2019/01/17 12:42:51.118] - eth_accounts
[2019/01/17 12:42:56.166] - net_version
[2019/01/17 12:42:56.178] - eth_accounts
[2019/01/17 12:42:56.187] - eth_getBalance
[2019/01/17 12:42:56.193] - eth_getBalance
[2019/01/17 12:42:56.203] - eth_getBalance
[2019/01/17 12:42:56.217] - eth_getBalance
[2019/01/17 12:42:56.225] - eth_getBalance
[2019/01/17 12:42:56.235] - eth_getBalance
[2019/01/17 12:42:56.254] - eth_getBalance
[2019/01/17 12:42:56.265] - eth_getBalance
[2019/01/17 12:42:56.272] - eth_getBalance
[2019/01/17 12:42:56.288] - eth_getBalance
[2019/01/17 12:43:01.074] - net_version
[2019/01/17 12:43:01.077] - eth_accounts
[2019/01/17 12:43:06.443] - net_version
[2019/01/17 12:43:06.448] - eth_getBlockByNumber
[2019/01/17 12:43:06.462] - eth_accounts
[2019/01/17 12:43:06.467] - eth_getBalance
[2019/01/17 12:43:06.483] - eth_getBalance
[2019/01/17 12:43:06.512] - eth_getBalance
[2019/01/17 12:43:06.524] - eth_getBalance
[2019/01/17 12:43:06.538] - eth_getBalance
[2019/01/17 12:43:06.558] - eth_getBalance
[2019/01/17 12:43:06.562] - eth_getBalance
[2019/01/17 12:43:06.579] - eth_getBalance
[2019/01/17 12:43:06.584] - eth_getBalance
[2019/01/17 12:43:06.597] - eth_getBalance
[2019/01/17 12:43:11.081] - net_version
[2019/01/17 12:43:11.092] - eth_accounts
[2019/01/17 12:43:16.151] - net_version
[2019/01/17 12:43:16.157] - eth_accounts
[2019/01/17 12:43:16.169] - eth_getBalance
[2019/01/17 12:43:16.182] - eth_getBalance
[2019/01/17 12:43:16.195] - eth_getBalance
[2019/01/17 12:43:16.198] - eth_getBalance
[2019/01/17 12:43:16.213] - eth_getBalance
[2019/01/17 12:43:16.219] - eth_getBalance
[2019/01/17 12:43:16.230] - eth_getBalance
[2019/01/17 12:43:16.243] - eth_getBalance
[2019/01/17 12:43:16.246] - eth_getBalance
[2019/01/17 12:43:16.264] - eth_getBalance
[2019/01/17 12:43:21.079] - eth_getBlockByNumber
[2019/01/17 12:43:21.094] - net_version
[2019/01/17 12:43:21.108] - eth_accounts
[2019/01/17 12:43:26.165] - net_version
[2019/01/17 12:43:26.172] - eth_accounts
[2019/01/17 12:43:26.194] - eth_getBalance
[2019/01/17 12:43:26.206] - eth_getBalance
[2019/01/17 12:43:26.221] - eth_getBalance
[2019/01/17 12:43:26.231] - eth_getBalance
[2019/01/17 12:43:26.239] - eth_getBalance
[2019/01/17 12:43:26.248] - eth_getBalance
[2019/01/17 12:43:26.257] - eth_getBalance
[2019/01/17 12:43:26.268] - eth_getBalance
[2019/01/17 12:43:26.284] - eth_getBalance
[2019/01/17 12:43:26.294] - eth_getBalance
[2019/01/17 12:43:31.082] - net_version
[2019/01/17 12:43:31.095] - eth_accounts
[2019/01/17 12:43:36.144] - eth_getBlockByNumber
[2019/01/17 12:43:36.153] - net_version
[2019/01/17 12:43:36.162] - eth_accounts
[2019/01/17 12:43:36.175] - eth_getBalance
[2019/01/17 12:43:36.178] - eth_getBalance
[2019/01/17 12:43:36.195] - eth_getBalance
[2019/01/17 12:43:36.197] - eth_getBalance
[2019/01/17 12:43:36.217] - eth_getBalance
[2019/01/17 12:43:36.221] - eth_getBalance
[2019/01/17 12:43:36.240] - eth_getBalance
[2019/01/17 12:43:36.248] - eth_getBalance
[2019/01/17 12:43:36.261] - eth_getBalance
[2019/01/17 12:43:36.264] - eth_getBalance
[2019/01/17 12:43:41.080] - net_version
[2019/01/17 12:43:41.092] - eth_accounts
[2019/01/17 12:43:46.134] - net_version
[2019/01/17 12:43:46.142] - eth_accounts
[2019/01/17 12:43:46.150] - eth_getBalance
[2019/01/17 12:43:46.160] - eth_getBalance
[2019/01/17 12:43:46.168] - eth_getBalance
[2019/01/17 12:43:46.181] - eth_getBalance
[2019/01/17 12:43:46.185] - eth_getBalance
[2019/01/17 12:43:46.199] - eth_getBalance
[2019/01/17 12:43:46.204] - eth_getBalance
[2019/01/17 12:43:46.219] - eth_getBalance
[2019/01/17 12:43:46.225] - eth_getBalance
[2019/01/17 12:43:46.234] - eth_getBalance
[2019/01/17 12:43:51.078] - eth_getBlockByNumber
[2019/01/17 12:43:51.086] - net_version
[2019/01/17 12:43:51.111] - eth_accounts
[2019/01/17 12:43:56.144] - net_version
[2019/01/17 12:43:56.157] - eth_accounts
[2019/01/17 12:43:56.161] - eth_getBalance
[2019/01/17 12:43:56.166] - eth_getBalance
[2019/01/17 12:43:56.178] - eth_getBalance
[2019/01/17 12:43:56.181] - eth_getBalance
[2019/01/17 12:43:56.194] - eth_getBalance
[2019/01/17 12:43:56.208] - eth_getBalance
[2019/01/17 12:43:56.214] - eth_getBalance
[2019/01/17 12:43:56.223] - eth_getBalance
[2019/01/17 12:43:56.230] - eth_getBalance
[2019/01/17 12:43:56.236] - eth_getBalance
[2019/01/17 12:44:01.081] - net_version
[2019/01/17 12:44:01.088] - eth_accounts
[2019/01/17 12:44:06.153] - eth_getBlockByNumber
[2019/01/17 12:44:06.158] - net_version
[2019/01/17 12:44:06.179] - eth_accounts
[2019/01/17 12:44:06.182] - eth_getBalance
[2019/01/17 12:44:06.202] - eth_getBalance
[2019/01/17 12:44:06.218] - eth_getBalance
[2019/01/17 12:44:06.221] - eth_getBalance
[2019/01/17 12:44:06.238] - eth_getBalance
[2019/01/17 12:44:06.244] - eth_getBalance
[2019/01/17 12:44:06.261] - eth_getBalance
[2019/01/17 12:44:06.264] - eth_getBalance
[2019/01/17 12:44:06.282] - eth_getBalance
[2019/01/17 12:44:06.296] - eth_getBalance
[2019/01/17 12:44:11.073] - net_version
[2019/01/17 12:44:11.076] - eth_accounts
[2019/01/17 12:44:16.447] - net_version
[2019/01/17 12:44:16.471] - eth_accounts
[2019/01/17 12:44:16.475] - eth_getBalance
[2019/01/17 12:44:16.489] - eth_getBalance
[2019/01/17 12:44:16.492] - eth_getBalance
[2019/01/17 12:44:16.509] - eth_getBalance
[2019/01/17 12:44:16.520] - eth_getBalance
[2019/01/17 12:44:16.537] - eth_getBalance
[2019/01/17 12:44:16.540] - eth_getBalance
[2019/01/17 12:44:16.554] - eth_getBalance
[2019/01/17 12:44:16.558] - eth_getBalance
[2019/01/17 12:44:16.563] - eth_getBalance
[2019/01/17 12:44:21.083] - eth_getBlockByNumber
[2019/01/17 12:44:21.094] - net_version
[2019/01/17 12:44:21.119] - eth_accounts
[2019/01/17 12:44:26.125] - net_version
[2019/01/17 12:44:26.134] - eth_accounts
[2019/01/17 12:44:26.137] - eth_getBalance
[2019/01/17 12:44:26.147] - eth_getBalance
[2019/01/17 12:44:26.189] - eth_getBalance
[2019/01/17 12:44:26.208] - eth_getBalance
[2019/01/17 12:44:26.226] - eth_getBalance
[2019/01/17 12:44:26.231] - eth_getBalance
[2019/01/17 12:44:26.288] - eth_getBalance
[2019/01/17 12:44:26.295] - eth_getBalance
[2019/01/17 12:44:26.306] - eth_getBalance
[2019/01/17 12:44:26.314] - eth_getBalance
[2019/01/17 12:44:31.126] - net_version
[2019/01/17 12:44:31.139] - eth_accounts
[2019/01/17 12:44:36.145] - eth_getBlockByNumber
[2019/01/17 12:44:36.154] - net_version
[2019/01/17 12:44:36.164] - eth_accounts
[2019/01/17 12:44:36.170] - eth_getBalance
[2019/01/17 12:44:36.181] - eth_getBalance
[2019/01/17 12:44:36.190] - eth_getBalance
[2019/01/17 12:44:36.202] - eth_getBalance
[2019/01/17 12:44:36.217] - eth_getBalance
[2019/01/17 12:44:36.225] - eth_getBalance
[2019/01/17 12:44:36.235] - eth_getBalance
[2019/01/17 12:44:36.245] - eth_getBalance
[2019/01/17 12:44:36.264] - eth_getBalance
[2019/01/17 12:44:36.280] - eth_getBalance
[2019/01/17 12:44:41.092] - net_version
[2019/01/17 12:44:41.096] - eth_accounts
[2019/01/17 12:44:42.434] - eth_accounts
[2019/01/17 12:44:42.464] - eth_call
[2019/01/17 12:44:42.474] - eth_call
[2019/01/17 12:44:42.621] - eth_call
[2019/01/17 12:44:46.146] - net_version
[2019/01/17 12:44:46.149] - eth_accounts
[2019/01/17 12:44:46.159] - eth_getBalance
[2019/01/17 12:44:46.162] - eth_getBalance
[2019/01/17 12:44:46.175] - eth_getBalance
[2019/01/17 12:44:46.178] - eth_getBalance
[2019/01/17 12:44:46.189] - eth_getBalance
[2019/01/17 12:44:46.228] - eth_getBalance
[2019/01/17 12:44:46.239] - eth_getBalance
[2019/01/17 12:44:46.242] - eth_getBalance
[2019/01/17 12:44:46.253] - eth_getBalance
[2019/01/17 12:44:46.259] - eth_getBalance
[2019/01/17 12:44:51.082] - eth_getBlockByNumber
[2019/01/17 12:44:51.099] - net_version
[2019/01/17 12:44:51.124] - eth_accounts
[2019/01/17 12:44:56.155] - net_version
[2019/01/17 12:44:56.157] - eth_accounts
[2019/01/17 12:44:56.168] - eth_getBalance
[2019/01/17 12:44:56.171] - eth_getBalance
[2019/01/17 12:44:56.183] - eth_getBalance
[2019/01/17 12:44:56.186] - eth_getBalance
[2019/01/17 12:44:56.201] - eth_getBalance
[2019/01/17 12:44:56.206] - eth_getBalance
[2019/01/17 12:44:56.217] - eth_getBalance
[2019/01/17 12:44:56.223] - eth_getBalance
[2019/01/17 12:44:56.231] - eth_getBalance
[2019/01/17 12:44:56.240] - eth_getBalance
[2019/01/17 12:45:01.075] - net_version
[2019/01/17 12:45:01.077] - eth_accounts
[2019/01/17 12:45:06.165] - eth_getBlockByNumber
[2019/01/17 12:45:06.171] - net_version
[2019/01/17 12:45:06.179] - eth_accounts
[2019/01/17 12:45:06.182] - eth_getBalance
[2019/01/17 12:45:06.189] - eth_getBalance
[2019/01/17 12:45:06.194] - eth_getBalance
[2019/01/17 12:45:06.209] - eth_getBalance
[2019/01/17 12:45:06.221] - eth_getBalance
[2019/01/17 12:45:06.223] - eth_getBalance
[2019/01/17 12:45:06.238] - eth_getBalance
[2019/01/17 12:45:06.241] - eth_getBalance
[2019/01/17 12:45:06.251] - eth_getBalance
[2019/01/17 12:45:06.258] - eth_getBalance
[2019/01/17 12:45:11.080] - net_version
[2019/01/17 12:45:11.087] - eth_accounts
[2019/01/17 12:45:16.141] - net_version
[2019/01/17 12:45:16.152] - eth_accounts
[2019/01/17 12:45:16.156] - eth_getBalance
[2019/01/17 12:45:16.170] - eth_getBalance
[2019/01/17 12:45:16.184] - eth_getBalance
[2019/01/17 12:45:16.192] - eth_getBalance
[2019/01/17 12:45:16.201] - eth_getBalance
[2019/01/17 12:45:16.214] - eth_getBalance
[2019/01/17 12:45:16.221] - eth_getBalance
[2019/01/17 12:45:16.235] - eth_getBalance
[2019/01/17 12:45:16.241] - eth_getBalance
[2019/01/17 12:45:16.259] - eth_getBalance
[2019/01/17 12:45:21.079] - eth_getBlockByNumber
[2019/01/17 12:45:21.091] - net_version
[2019/01/17 12:45:21.105] - eth_accounts
[2019/01/17 12:45:26.137] - net_version
[2019/01/17 12:45:26.154] - eth_accounts
[2019/01/17 12:45:26.157] - eth_getBalance
[2019/01/17 12:45:26.165] - eth_getBalance
[2019/01/17 12:45:26.169] - eth_getBalance
[2019/01/17 12:45:26.178] - eth_getBalance
[2019/01/17 12:45:26.184] - eth_getBalance
[2019/01/17 12:45:26.201] - eth_getBalance
[2019/01/17 12:45:26.204] - eth_getBalance
[2019/01/17 12:45:26.216] - eth_getBalance
[2019/01/17 12:45:26.219] - eth_getBalance
[2019/01/17 12:45:26.227] - eth_getBalance
[2019/01/17 12:45:31.081] - net_version
[2019/01/17 12:45:31.087] - eth_accounts
[2019/01/17 12:45:36.150] - eth_getBlockByNumber
[2019/01/17 12:45:36.153] - net_version
[2019/01/17 12:45:36.166] - eth_accounts
[2019/01/17 12:45:36.170] - eth_getBalance
[2019/01/17 12:45:36.174] - eth_getBalance
[2019/01/17 12:45:36.184] - eth_getBalance
[2019/01/17 12:45:36.196] - eth_getBalance
[2019/01/17 12:45:36.200] - eth_getBalance
[2019/01/17 12:45:36.209] - eth_getBalance
[2019/01/17 12:45:36.218] - eth_getBalance
[2019/01/17 12:45:36.225] - eth_getBalance
[2019/01/17 12:45:36.234] - eth_getBalance
[2019/01/17 12:45:36.244] - eth_getBalance
[2019/01/17 12:45:41.079] - net_version
[2019/01/17 12:45:41.087] - eth_accounts
[2019/01/17 12:45:46.141] - net_version
[2019/01/17 12:45:46.151] - eth_accounts
[2019/01/17 12:45:46.154] - eth_getBalance
[2019/01/17 12:45:46.166] - eth_getBalance
[2019/01/17 12:45:46.169] - eth_getBalance
[2019/01/17 12:45:46.181] - eth_getBalance
[2019/01/17 12:45:46.188] - eth_getBalance
[2019/01/17 12:45:46.198] - eth_getBalance
[2019/01/17 12:45:46.205] - eth_getBalance
[2019/01/17 12:45:46.216] - eth_getBalance
[2019/01/17 12:45:46.224] - eth_getBalance
[2019/01/17 12:45:46.233] - eth_getBalance
[2019/01/17 12:45:51.079] - eth_getBlockByNumber
[2019/01/17 12:45:51.086] - net_version
[2019/01/17 12:45:51.112] - eth_accounts
[2019/01/17 12:45:56.157] - net_version
[2019/01/17 12:45:56.176] - eth_accounts
[2019/01/17 12:45:56.186] - eth_getBalance
[2019/01/17 12:45:56.196] - eth_getBalance
[2019/01/17 12:45:56.203] - eth_getBalance
[2019/01/17 12:45:56.212] - eth_getBalance
[2019/01/17 12:45:56.224] - eth_getBalance
[2019/01/17 12:45:56.233] - eth_getBalance
[2019/01/17 12:45:56.242] - eth_getBalance
[2019/01/17 12:45:56.250] - eth_getBalance
[2019/01/17 12:45:56.258] - eth_getBalance
[2019/01/17 12:45:56.266] - eth_getBalance
[2019/01/17 12:46:01.073] - net_version
[2019/01/17 12:46:01.076] - eth_accounts
[2019/01/17 12:46:06.111] - eth_getBlockByNumber
[2019/01/17 12:46:06.119] - eth_getBalance
[2019/01/17 12:46:06.128] - eth_getBalance
[2019/01/17 12:46:06.137] - eth_getBalance
[2019/01/17 12:46:06.144] - eth_getBalance
[2019/01/17 12:46:06.151] - eth_getBalance
[2019/01/17 12:46:06.156] - eth_getBalance
[2019/01/17 12:46:06.173] - eth_getBalance
[2019/01/17 12:46:06.177] - eth_getBalance
[2019/01/17 12:46:06.187] - eth_getBalance
[2019/01/17 12:46:06.195] - eth_getBalance
[2019/01/17 12:46:06.206] - net_version
[2019/01/17 12:46:06.230] - eth_accounts
[2019/01/17 12:46:11.078] - net_version
[2019/01/17 12:46:11.086] - eth_accounts
[2019/01/17 12:46:11.594] - eth_accounts
[2019/01/17 12:46:16.179] - net_version
[2019/01/17 12:46:16.190] - eth_accounts
[2019/01/17 12:46:16.195] - eth_getBalance
[2019/01/17 12:46:16.205] - eth_getBalance
[2019/01/17 12:46:16.216] - eth_getBalance
[2019/01/17 12:46:16.223] - eth_getBalance
[2019/01/17 12:46:16.238] - eth_getBalance
[2019/01/17 12:46:16.254] - eth_getBalance
[2019/01/17 12:46:16.273] - eth_getBalance
[2019/01/17 12:46:16.276] - eth_getBalance
[2019/01/17 12:46:16.293] - eth_getBalance
[2019/01/17 12:46:16.296] - eth_getBalance
[2019/01/17 12:46:20.015] - eth_accounts
[2019/01/17 12:46:20.047] - eth_call
[2019/01/17 12:46:20.053] - eth_call
[2019/01/17 12:46:20.220] - eth_call
[2019/01/17 12:46:21.088] - eth_getBlockByNumber
[2019/01/17 12:46:21.091] - net_version
[2019/01/17 12:46:21.100] - eth_accounts
[2019/01/17 12:46:24.378] - eth_accounts
[2019/01/17 12:46:24.409] - eth_call
[2019/01/17 12:46:24.418] - eth_call
[2019/01/17 12:46:24.528] - eth_call
[2019/01/17 12:46:26.155] - net_version
[2019/01/17 12:46:26.161] - eth_accounts
[2019/01/17 12:46:26.171] - eth_getBalance
[2019/01/17 12:46:26.177] - eth_getBalance
[2019/01/17 12:46:26.187] - eth_getBalance
[2019/01/17 12:46:26.193] - eth_getBalance
[2019/01/17 12:46:26.203] - eth_getBalance
[2019/01/17 12:46:26.211] - eth_getBalance
[2019/01/17 12:46:26.226] - eth_getBalance
[2019/01/17 12:46:26.233] - eth_getBalance
[2019/01/17 12:46:26.244] - eth_getBalance
[2019/01/17 12:46:26.248] - eth_getBalance
[2019/01/17 12:46:31.082] - net_version
[2019/01/17 12:46:31.090] - eth_accounts
[2019/01/17 12:46:36.165] - eth_getBlockByNumber
[2019/01/17 12:46:36.175] - net_version
[2019/01/17 12:46:36.185] - eth_accounts
[2019/01/17 12:46:36.193] - eth_getBalance
[2019/01/17 12:46:36.201] - eth_getBalance
[2019/01/17 12:46:36.209] - eth_getBalance
[2019/01/17 12:46:36.217] - eth_getBalance
[2019/01/17 12:46:36.225] - eth_getBalance
[2019/01/17 12:46:36.234] - eth_getBalance
[2019/01/17 12:46:36.245] - eth_getBalance
[2019/01/17 12:46:36.252] - eth_getBalance
[2019/01/17 12:46:36.260] - eth_getBalance
[2019/01/17 12:46:36.268] - eth_getBalance
[2019/01/17 12:46:41.080] - net_version
[2019/01/17 12:46:41.086] - eth_accounts
[2019/01/17 12:46:46.149] - net_version
[2019/01/17 12:46:46.152] - eth_accounts
[2019/01/17 12:46:46.165] - eth_getBalance
[2019/01/17 12:46:46.168] - eth_getBalance
[2019/01/17 12:46:46.179] - eth_getBalance
[2019/01/17 12:46:46.186] - eth_getBalance
[2019/01/17 12:46:46.194] - eth_getBalance
[2019/01/17 12:46:46.202] - eth_getBalance
[2019/01/17 12:46:46.212] - eth_getBalance
[2019/01/17 12:46:46.229] - eth_getBalance
[2019/01/17 12:46:46.241] - eth_getBalance
[2019/01/17 12:46:46.253] - eth_getBalance
[2019/01/17 12:46:51.079] - eth_getBlockByNumber
[2019/01/17 12:46:51.086] - net_version
[2019/01/17 12:46:51.113] - eth_accounts
[2019/01/17 12:46:56.160] - net_version
[2019/01/17 12:46:56.181] - eth_accounts
[2019/01/17 12:46:56.189] - eth_getBalance
[2019/01/17 12:46:56.198] - eth_getBalance
[2019/01/17 12:46:56.208] - eth_getBalance
[2019/01/17 12:46:56.216] - eth_getBalance
[2019/01/17 12:46:56.227] - eth_getBalance
[2019/01/17 12:46:56.234] - eth_getBalance
[2019/01/17 12:46:56.242] - eth_getBalance
[2019/01/17 12:46:56.254] - eth_getBalance
[2019/01/17 12:46:56.268] - eth_getBalance
[2019/01/17 12:46:56.281] - eth_getBalance
[2019/01/17 12:47:00.216] - eth_accounts
[2019/01/17 12:47:00.231] - eth_call
[2019/01/17 12:47:00.237] - eth_call
[2019/01/17 12:47:00.348] - eth_call
[2019/01/17 12:47:00.944] - eth_accounts
[2019/01/17 12:47:00.957] - eth_call
[2019/01/17 12:47:00.962] - eth_call
[2019/01/17 12:47:01.052] - eth_call
[2019/01/17 12:47:01.082] - net_version
[2019/01/17 12:47:01.085] - eth_accounts
[2019/01/17 12:47:02.125] - eth_accounts
[2019/01/17 12:47:02.137] - eth_call
[2019/01/17 12:47:02.145] - eth_call
[2019/01/17 12:47:02.239] - eth_call
[2019/01/17 12:47:02.583] - eth_accounts
[2019/01/17 12:47:02.597] - eth_call
[2019/01/17 12:47:02.602] - eth_call
[2019/01/17 12:47:02.772] - eth_call
[2019/01/17 12:47:02.894] - eth_accounts
[2019/01/17 12:47:02.908] - eth_call
[2019/01/17 12:47:02.914] - eth_call
[2019/01/17 12:47:03.009] - eth_call
[2019/01/17 12:47:03.139] - eth_accounts
[2019/01/17 12:47:03.158] - eth_call
[2019/01/17 12:47:03.170] - eth_call
[2019/01/17 12:47:03.273] - eth_call
[2019/01/17 12:47:03.383] - eth_accounts
[2019/01/17 12:47:03.400] - eth_call
[2019/01/17 12:47:03.405] - eth_call
[2019/01/17 12:47:03.506] - eth_call
[2019/01/17 12:47:03.637] - eth_accounts
[2019/01/17 12:47:03.651] - eth_call
[2019/01/17 12:47:03.655] - eth_call
[2019/01/17 12:47:03.753] - eth_call
[2019/01/17 12:47:06.152] - eth_getBlockByNumber
[2019/01/17 12:47:06.155] - net_version
[2019/01/17 12:47:06.167] - eth_accounts
[2019/01/17 12:47:06.170] - eth_getBalance
[2019/01/17 12:47:06.189] - eth_getBalance
[2019/01/17 12:47:06.199] - eth_getBalance
[2019/01/17 12:47:06.205] - eth_getBalance
[2019/01/17 12:47:06.223] - eth_getBalance
[2019/01/17 12:47:06.234] - eth_getBalance
[2019/01/17 12:47:06.241] - eth_getBalance
[2019/01/17 12:47:06.258] - eth_getBalance
[2019/01/17 12:47:06.265] - eth_getBalance
[2019/01/17 12:47:06.280] - eth_getBalance
[2019/01/17 12:47:11.080] - net_version
[2019/01/17 12:47:11.088] - eth_accounts
[2019/01/17 12:47:16.141] - net_version
[2019/01/17 12:47:16.145] - eth_accounts
[2019/01/17 12:47:16.156] - eth_getBalance
[2019/01/17 12:47:16.159] - eth_getBalance
[2019/01/17 12:47:16.171] - eth_getBalance
[2019/01/17 12:47:16.179] - eth_getBalance
[2019/01/17 12:47:16.183] - eth_getBalance
[2019/01/17 12:47:16.196] - eth_getBalance
[2019/01/17 12:47:16.199] - eth_getBalance
[2019/01/17 12:47:16.210] - eth_getBalance
[2019/01/17 12:47:16.217] - eth_getBalance
[2019/01/17 12:47:16.229] - eth_getBalance
[2019/01/17 12:47:21.079] - eth_getBlockByNumber
[2019/01/17 12:47:21.089] - net_version
[2019/01/17 12:47:21.094] - eth_accounts
[2019/01/17 12:47:26.142] - net_version
[2019/01/17 12:47:26.147] - eth_accounts
[2019/01/17 12:47:26.153] - eth_getBalance
[2019/01/17 12:47:26.163] - eth_getBalance
[2019/01/17 12:47:26.167] - eth_getBalance
[2019/01/17 12:47:26.175] - eth_getBalance
[2019/01/17 12:47:26.182] - eth_getBalance
[2019/01/17 12:47:26.191] - eth_getBalance
[2019/01/17 12:47:26.198] - eth_getBalance
[2019/01/17 12:47:26.203] - eth_getBalance
[2019/01/17 12:47:26.212] - eth_getBalance
[2019/01/17 12:47:26.219] - eth_getBalance
[2019/01/17 12:47:31.083] - net_version
[2019/01/17 12:47:31.096] - eth_accounts
[2019/01/17 12:47:36.147] - eth_getBlockByNumber
[2019/01/17 12:47:36.155] - net_version
[2019/01/17 12:47:36.161] - eth_accounts
[2019/01/17 12:47:36.170] - eth_getBalance
[2019/01/17 12:47:36.175] - eth_getBalance
[2019/01/17 12:47:36.183] - eth_getBalance
[2019/01/17 12:47:36.193] - eth_getBalance
[2019/01/17 12:47:36.200] - eth_getBalance
[2019/01/17 12:47:36.210] - eth_getBalance
[2019/01/17 12:47:36.218] - eth_getBalance
[2019/01/17 12:47:36.223] - eth_getBalance
[2019/01/17 12:47:36.232] - eth_getBalance
[2019/01/17 12:47:36.240] - eth_getBalance
[2019/01/17 12:47:41.080] - net_version
[2019/01/17 12:47:41.091] - eth_accounts
[2019/01/17 12:47:46.159] - net_version
[2019/01/17 12:47:46.162] - eth_accounts
[2019/01/17 12:47:46.174] - eth_getBalance
[2019/01/17 12:47:46.178] - eth_getBalance
[2019/01/17 12:47:46.189] - eth_getBalance
[2019/01/17 12:47:46.201] - eth_getBalance
[2019/01/17 12:47:46.205] - eth_getBalance
[2019/01/17 12:47:46.219] - eth_getBalance
[2019/01/17 12:47:46.222] - eth_getBalance
[2019/01/17 12:47:46.234] - eth_getBalance
[2019/01/17 12:47:46.243] - eth_getBalance
[2019/01/17 12:47:46.249] - eth_getBalance
[2019/01/17 12:47:51.304] - eth_getBlockByNumber
[2019/01/17 12:47:51.316] - net_version
[2019/01/17 12:47:51.331] - eth_accounts
[2019/01/17 12:47:56.086] - net_version
[2019/01/17 12:47:56.099] - eth_accounts
[2019/01/17 12:47:56.110] - eth_getBalance
[2019/01/17 12:47:56.120] - eth_getBalance
[2019/01/17 12:47:56.130] - eth_getBalance
[2019/01/17 12:47:56.142] - eth_getBalance
[2019/01/17 12:47:56.152] - eth_getBalance
[2019/01/17 12:47:56.166] - eth_getBalance
[2019/01/17 12:47:56.178] - eth_getBalance
[2019/01/17 12:47:56.191] - eth_getBalance
[2019/01/17 12:47:56.199] - eth_getBalance
[2019/01/17 12:47:56.213] - eth_getBalance
[2019/01/17 12:48:01.098] - net_version
[2019/01/17 12:48:01.103] - eth_accounts
[2019/01/17 12:48:06.078] - eth_getBlockByNumber
[2019/01/17 12:48:06.091] - net_version
[2019/01/17 12:48:06.111] - eth_accounts
[2019/01/17 12:48:06.116] - eth_getBalance
[2019/01/17 12:48:06.122] - eth_getBalance
[2019/01/17 12:48:06.169] - eth_getBalance
[2019/01/17 12:48:06.173] - eth_getBalance
[2019/01/17 12:48:06.182] - eth_getBalance
[2019/01/17 12:48:06.193] - eth_getBalance
[2019/01/17 12:48:06.197] - eth_getBalance
[2019/01/17 12:48:06.206] - eth_getBalance
[2019/01/17 12:48:06.214] - eth_getBalance
[2019/01/17 12:48:06.224] - eth_getBalance
[2019/01/17 12:48:11.086] - net_version
[2019/01/17 12:48:11.102] - eth_accounts
[2019/01/17 12:48:16.148] - net_version
[2019/01/17 12:48:16.156] - eth_accounts
[2019/01/17 12:48:16.162] - eth_getBalance
[2019/01/17 12:48:16.169] - eth_getBalance
[2019/01/17 12:48:16.178] - eth_getBalance
[2019/01/17 12:48:16.188] - eth_getBalance
[2019/01/17 12:48:16.209] - eth_getBalance
[2019/01/17 12:48:16.217] - eth_getBalance
[2019/01/17 12:48:16.224] - eth_getBalance
[2019/01/17 12:48:16.231] - eth_getBalance
[2019/01/17 12:48:16.238] - eth_getBalance
[2019/01/17 12:48:16.245] - eth_getBalance
[2019/01/17 12:48:21.077] - eth_getBlockByNumber
[2019/01/17 12:48:21.118] - net_version
[2019/01/17 12:48:21.121] - eth_accounts
[2019/01/17 12:48:26.136] - net_version
[2019/01/17 12:48:26.139] - eth_accounts
[2019/01/17 12:48:26.151] - eth_getBalance
[2019/01/17 12:48:26.156] - eth_getBalance
[2019/01/17 12:48:26.164] - eth_getBalance
[2019/01/17 12:48:26.173] - eth_getBalance
[2019/01/17 12:48:26.187] - eth_getBalance
[2019/01/17 12:48:26.220] - eth_getBalance
[2019/01/17 12:48:26.236] - eth_getBalance
[2019/01/17 12:48:26.239] - eth_getBalance
[2019/01/17 12:48:26.251] - eth_getBalance
[2019/01/17 12:48:26.254] - eth_getBalance
