[2019/01/16 15:24:13.124] - Starting server (version 1.2.2) with initial configuration: {"hostname":"127.0.0.1","port":7545,"network_id":5777,"default_balance_ether":100,"total_accounts":10,"unlocked_accounts":[],"locked":false,"vmErrorsOnRPCResponse":true,"verbose":false,"gasLimit":10000000,"gasPrice":2000,"logDirectory":"C:\\Users\\GHOST\\Documents\\GitHub\\EV-Charging-with-Smart-Contract"}
[2019/01/16 15:24:13.304] - eth_accounts
[2019/01/16 15:24:13.306] - eth_gasPrice
[2019/01/16 15:24:13.309] - eth_getBlockByNumber
[2019/01/16 15:24:13.312] - eth_subscribe
[2019/01/16 15:24:13.315] - eth_getBalance
[2019/01/16 15:24:13.318] - eth_getTransactionCount
[2019/01/16 15:24:13.321] - eth_getBalance
[2019/01/16 15:24:13.323] - eth_getTransactionCount
[2019/01/16 15:24:13.326] - eth_getBalance
[2019/01/16 15:24:13.330] - eth_getTransactionCount
[2019/01/16 15:24:13.332] - eth_getBalance
[2019/01/16 15:24:13.334] - eth_getTransactionCount
[2019/01/16 15:24:13.336] - eth_getBalance
[2019/01/16 15:24:13.339] - eth_getTransactionCount
[2019/01/16 15:24:13.342] - eth_getBalance
[2019/01/16 15:24:13.343] - eth_getTransactionCount
[2019/01/16 15:24:13.345] - eth_getBalance
[2019/01/16 15:24:13.346] - eth_getTransactionCount
[2019/01/16 15:24:13.349] - eth_getBalance
[2019/01/16 15:24:13.352] - eth_getTransactionCount
[2019/01/16 15:24:13.353] - eth_getBalance
[2019/01/16 15:24:13.355] - eth_getTransactionCount
[2019/01/16 15:24:13.358] - eth_getBalance
[2019/01/16 15:24:13.361] - eth_getTransactionCount
[2019/01/16 15:24:44.514] - net_listening
[2019/01/16 15:24:44.578] - eth_getBlockByNumber
[2019/01/16 15:24:44.641] - net_version
[2019/01/16 15:24:44.647] - eth_accounts
[2019/01/16 15:24:44.678] - net_version
[2019/01/16 15:24:45.690] - net_version
[2019/01/16 15:24:45.710] - eth_accounts
[2019/01/16 15:24:47.936] - net_version
[2019/01/16 15:24:47.960] - eth_accounts
[2019/01/16 15:24:47.966] - eth_getBalance
[2019/01/16 15:24:47.970] - eth_getBalance
[2019/01/16 15:24:47.972] - eth_getBalance
[2019/01/16 15:24:48.021] - eth_getBalance
[2019/01/16 15:24:48.080] - eth_getBalance
[2019/01/16 15:24:48.106] - eth_getBalance
[2019/01/16 15:24:48.119] - eth_getBalance
[2019/01/16 15:24:48.130] - eth_getBalance
[2019/01/16 15:24:48.210] - eth_getBalance
[2019/01/16 15:24:48.222] - eth_getBalance
[2019/01/16 15:24:52.950] - net_version
[2019/01/16 15:24:52.956] - eth_accounts
