[2019/01/16 15:17:43.640] - Starting server (version 1.2.2) with initial configuration: {"hostname":"192.168.2.208","port":7545,"network_id":5777,"default_balance_ether":100,"total_accounts":10,"unlocked_accounts":[],"locked":false,"vmErrorsOnRPCResponse":true,"verbose":false,"gasLimit":10000000,"gasPrice":2000,"logDirectory":"C:\\Users\\GHOST\\Documents\\GitHub\\EV-Charging-with-Smart-Contract"}
[2019/01/16 15:17:43.845] - eth_accounts
[2019/01/16 15:17:43.847] - eth_gasPrice
[2019/01/16 15:17:43.849] - eth_getBlockByNumber
[2019/01/16 15:17:43.851] - eth_subscribe
[2019/01/16 15:17:43.859] - eth_getBalance
[2019/01/16 15:17:43.863] - eth_getTransactionCount
[2019/01/16 15:17:43.877] - eth_getBalance
[2019/01/16 15:17:43.881] - eth_getTransactionCount
[2019/01/16 15:17:43.883] - eth_getBalance
[2019/01/16 15:17:43.885] - eth_getTransactionCount
[2019/01/16 15:17:43.896] - eth_getBalance
[2019/01/16 15:17:43.901] - eth_getTransactionCount
[2019/01/16 15:17:43.907] - eth_getBalance
[2019/01/16 15:17:43.910] - eth_getTransactionCount
[2019/01/16 15:17:43.912] - eth_getBalance
[2019/01/16 15:17:43.916] - eth_getTransactionCount
[2019/01/16 15:17:43.921] - eth_getBalance
[2019/01/16 15:17:43.924] - eth_getTransactionCount
[2019/01/16 15:17:43.928] - eth_getBalance
[2019/01/16 15:17:43.932] - eth_getTransactionCount
[2019/01/16 15:17:43.937] - eth_getBalance
[2019/01/16 15:17:43.941] - eth_getTransactionCount
[2019/01/16 15:17:43.945] - eth_getBalance
[2019/01/16 15:17:43.950] - eth_getTransactionCount
