[2019/01/17 15:24:19.919] - Starting server (version 1.2.3) with initial configuration: {"hostname":"127.0.0.1","port":7545,"network_id":5777,"default_balance_ether":100,"total_accounts":10,"unlocked_accounts":[],"locked":false,"vmErrorsOnRPCResponse":true,"verbose":false,"gasLimit":6721975,"gasPrice":20000000000,"logDirectory":"C:\\Users\\caner\\OneDrive\\Belgeler\\GitHub\\EV-Charging-with-Smart-Contract"}
[2019/01/17 15:24:20.076] - eth_accounts
[2019/01/17 15:24:20.081] - eth_gasPrice
[2019/01/17 15:24:20.083] - eth_getBlockByNumber
[2019/01/17 15:24:20.085] - eth_subscribe
[2019/01/17 15:24:20.096] - eth_getBalance
[2019/01/17 15:24:20.098] - eth_getTransactionCount
[2019/01/17 15:24:20.100] - eth_getBalance
[2019/01/17 15:24:20.103] - eth_getTransactionCount
[2019/01/17 15:24:20.105] - eth_getBalance
[2019/01/17 15:24:20.107] - eth_getTransactionCount
[2019/01/17 15:24:20.109] - eth_getBalance
[2019/01/17 15:24:20.110] - eth_getTransactionCount
[2019/01/17 15:24:20.112] - eth_getBalance
[2019/01/17 15:24:20.113] - eth_getTransactionCount
[2019/01/17 15:24:20.115] - eth_getBalance
[2019/01/17 15:24:20.116] - eth_getTransactionCount
[2019/01/17 15:24:20.118] - eth_getBalance
[2019/01/17 15:24:20.120] - eth_getTransactionCount
[2019/01/17 15:24:20.121] - eth_getBalance
[2019/01/17 15:24:20.122] - eth_getTransactionCount
[2019/01/17 15:24:20.123] - eth_getBalance
[2019/01/17 15:24:20.126] - eth_getTransactionCount
[2019/01/17 15:24:20.127] - eth_getBalance
[2019/01/17 15:24:20.129] - eth_getTransactionCount
[2019/01/17 15:24:31.691] - net_listening
[2019/01/17 15:24:31.701] - eth_getBlockByNumber
[2019/01/17 15:24:31.707] - net_version
[2019/01/17 15:24:31.711] - eth_accounts
[2019/01/17 15:24:31.715] - net_version
[2019/01/17 15:24:32.286] - net_version
[2019/01/17 15:24:32.288] - eth_accounts
[2019/01/17 15:24:32.308] - net_version
[2019/01/17 15:24:32.311] - eth_accounts
[2019/01/17 15:24:36.463] - eth_getBlockByNumber
[2019/01/17 15:24:36.553] - net_version
[2019/01/17 15:24:36.555] - eth_accounts
[2019/01/17 15:24:36.558] - eth_getBalance
[2019/01/17 15:24:36.560] - eth_getBalance
[2019/01/17 15:24:36.562] - eth_getBalance
[2019/01/17 15:24:36.564] - eth_getBalance
[2019/01/17 15:24:36.566] - eth_getBalance
[2019/01/17 15:24:36.568] - eth_getBalance
[2019/01/17 15:24:36.573] - eth_getBalance
[2019/01/17 15:24:36.575] - eth_getBalance
[2019/01/17 15:24:36.579] - eth_getBalance
[2019/01/17 15:24:36.580] - eth_getBalance
[2019/01/17 15:24:41.555] - net_version
[2019/01/17 15:24:41.557] - eth_accounts
[2019/01/17 15:24:41.972] - net_version
[2019/01/17 15:24:41.982] - eth_accounts
[2019/01/17 15:24:41.984] - eth_estimateGas
[2019/01/17 15:24:42.127] - net_version
[2019/01/17 15:24:42.133] - eth_sendTransaction
[2019/01/17 15:24:42.248] - 
[2019/01/17 15:24:42.250] -   Transaction: 0xb63a8082eb7ba8d4c58600ac55da64afd2fd40387fa1c0d33caee89cc74c3b01
[2019/01/17 15:24:42.250] -   Contract created: 0xdbfe19980db15e43bf40e3a6581d6f3b7b39d488
[2019/01/17 15:24:42.251] -   Gas usage: 1002003
[2019/01/17 15:24:42.252] -   Block Number: 1
[2019/01/17 15:24:42.253] -   Block Time: Thu Jan 17 2019 15:24:42 GMT+0300 (Türkiye Standart Saati)
[2019/01/17 15:24:42.254] - 
[2019/01/17 15:24:42.255] - net_version
[2019/01/17 15:24:42.256] - eth_getTransactionReceipt
[2019/01/17 15:24:42.258] - eth_getBalance
[2019/01/17 15:24:42.259] - eth_getTransactionCount
[2019/01/17 15:24:42.261] - eth_getBalance
[2019/01/17 15:24:42.265] - eth_getTransactionCount
[2019/01/17 15:24:42.268] - eth_getBalance
[2019/01/17 15:24:42.270] - eth_getTransactionCount
[2019/01/17 15:24:42.271] - eth_getBalance
[2019/01/17 15:24:42.274] - eth_getTransactionCount
[2019/01/17 15:24:42.275] - eth_getTransactionByHash
[2019/01/17 15:24:42.277] - eth_getBalance
[2019/01/17 15:24:42.278] - eth_getTransactionCount
[2019/01/17 15:24:42.280] - eth_getBalance
[2019/01/17 15:24:42.282] - eth_getTransactionCount
[2019/01/17 15:24:42.284] - eth_getBalance
[2019/01/17 15:24:42.285] - eth_getTransactionCount
[2019/01/17 15:24:42.286] - eth_getBalance
[2019/01/17 15:24:42.287] - eth_getTransactionCount
[2019/01/17 15:24:42.288] - eth_getBalance
[2019/01/17 15:24:42.290] - eth_getTransactionCount
[2019/01/17 15:24:42.291] - eth_getBalance
[2019/01/17 15:24:42.291] - eth_getTransactionCount
[2019/01/17 15:24:42.312] - eth_getTransactionByHash
[2019/01/17 15:24:42.315] - eth_getBalance
[2019/01/17 15:24:42.318] - eth_getBalance
[2019/01/17 15:24:42.354] - eth_getBalance
[2019/01/17 15:24:42.356] - eth_getBalance
[2019/01/17 15:24:42.362] - eth_getBalance
[2019/01/17 15:24:42.368] - eth_getBalance
[2019/01/17 15:24:42.373] - eth_getBalance
[2019/01/17 15:24:42.375] - eth_getBalance
[2019/01/17 15:24:42.379] - eth_getBalance
[2019/01/17 15:24:42.386] - eth_getBalance
[2019/01/17 15:24:42.387] - eth_getTransactionReceipt
[2019/01/17 15:24:46.553] - net_version
[2019/01/17 15:24:46.555] - eth_accounts
[2019/01/17 15:24:46.557] - eth_getBalance
[2019/01/17 15:24:46.559] - eth_getBalance
[2019/01/17 15:24:46.560] - eth_getBalance
[2019/01/17 15:24:46.561] - eth_getBalance
[2019/01/17 15:24:46.563] - eth_getBalance
[2019/01/17 15:24:46.566] - eth_getBalance
[2019/01/17 15:24:46.568] - eth_getBalance
[2019/01/17 15:24:46.575] - eth_getBalance
[2019/01/17 15:24:46.577] - eth_getBalance
[2019/01/17 15:24:46.581] - eth_getBalance
[2019/01/17 15:24:51.466] - eth_getBlockByNumber
[2019/01/17 15:24:51.553] - net_version
[2019/01/17 15:24:51.557] - eth_accounts
[2019/01/17 15:24:56.562] - net_version
[2019/01/17 15:24:56.564] - eth_accounts
[2019/01/17 15:24:56.567] - eth_getBalance
[2019/01/17 15:24:56.574] - eth_getBalance
[2019/01/17 15:24:56.576] - eth_getBalance
[2019/01/17 15:24:56.579] - eth_getBalance
[2019/01/17 15:24:56.591] - eth_getBalance
[2019/01/17 15:24:56.593] - eth_getBalance
[2019/01/17 15:24:56.596] - eth_getBalance
[2019/01/17 15:24:56.600] - eth_getBalance
[2019/01/17 15:24:56.602] - eth_getBalance
[2019/01/17 15:24:56.609] - eth_getBalance
[2019/01/17 15:25:01.553] - net_version
[2019/01/17 15:25:01.554] - eth_accounts
[2019/01/17 15:25:06.465] - eth_getBlockByNumber
[2019/01/17 15:25:06.553] - net_version
[2019/01/17 15:25:06.555] - eth_getBalance
[2019/01/17 15:25:06.558] - eth_accounts
[2019/01/17 15:25:06.559] - eth_getBalance
[2019/01/17 15:25:06.561] - eth_getBalance
[2019/01/17 15:25:06.562] - eth_getBalance
[2019/01/17 15:25:06.567] - eth_getBalance
[2019/01/17 15:25:06.568] - eth_getBalance
[2019/01/17 15:25:06.574] - eth_getBalance
[2019/01/17 15:25:06.576] - eth_getBalance
[2019/01/17 15:25:06.579] - eth_getBalance
[2019/01/17 15:25:06.584] - eth_getBalance
[2019/01/17 15:25:11.554] - net_version
[2019/01/17 15:25:11.555] - eth_accounts
[2019/01/17 15:25:16.553] - net_version
[2019/01/17 15:25:16.555] - eth_accounts
[2019/01/17 15:25:16.558] - eth_getBalance
[2019/01/17 15:25:16.560] - eth_getBalance
[2019/01/17 15:25:16.564] - eth_getBalance
[2019/01/17 15:25:16.566] - eth_getBalance
[2019/01/17 15:25:16.576] - eth_getBalance
[2019/01/17 15:25:16.579] - eth_getBalance
[2019/01/17 15:25:16.581] - eth_getBalance
[2019/01/17 15:25:16.585] - eth_getBalance
[2019/01/17 15:25:16.590] - eth_getBalance
[2019/01/17 15:25:16.592] - eth_getBalance
[2019/01/17 15:25:21.475] - eth_getBlockByNumber
[2019/01/17 15:25:21.553] - net_version
[2019/01/17 15:25:21.554] - eth_accounts
[2019/01/17 15:25:26.566] - net_version
[2019/01/17 15:25:26.571] - eth_getBalance
[2019/01/17 15:25:26.574] - eth_accounts
[2019/01/17 15:25:26.576] - eth_getBalance
[2019/01/17 15:25:26.580] - eth_getBalance
[2019/01/17 15:25:26.582] - eth_getBalance
[2019/01/17 15:25:26.587] - eth_getBalance
[2019/01/17 15:25:26.591] - eth_getBalance
[2019/01/17 15:25:26.599] - eth_getBalance
[2019/01/17 15:25:26.603] - eth_getBalance
[2019/01/17 15:25:26.605] - eth_getBalance
[2019/01/17 15:25:26.611] - eth_getBalance
[2019/01/17 15:25:31.552] - net_version
[2019/01/17 15:25:31.554] - eth_accounts
[2019/01/17 15:25:36.464] - eth_getBlockByNumber
[2019/01/17 15:25:36.553] - net_version
[2019/01/17 15:25:36.555] - eth_getBalance
[2019/01/17 15:25:36.558] - eth_accounts
[2019/01/17 15:25:36.560] - eth_getBalance
[2019/01/17 15:25:36.566] - eth_getBalance
[2019/01/17 15:25:36.568] - eth_getBalance
[2019/01/17 15:25:36.580] - eth_getBalance
[2019/01/17 15:25:36.585] - eth_getBalance
[2019/01/17 15:25:36.587] - eth_getBalance
[2019/01/17 15:25:36.589] - eth_getBalance
[2019/01/17 15:25:36.595] - eth_getBalance
[2019/01/17 15:25:36.597] - eth_getBalance
[2019/01/17 15:25:41.555] - net_version
[2019/01/17 15:25:41.556] - eth_accounts
[2019/01/17 15:25:47.447] - net_version
[2019/01/17 15:25:47.449] - eth_accounts
[2019/01/17 15:25:47.450] - eth_getBalance
[2019/01/17 15:25:47.453] - eth_getBalance
[2019/01/17 15:25:47.455] - eth_getBalance
[2019/01/17 15:25:47.456] - eth_getBalance
[2019/01/17 15:25:47.457] - eth_getBalance
[2019/01/17 15:25:47.460] - eth_getBalance
[2019/01/17 15:25:47.465] - eth_getBalance
[2019/01/17 15:25:47.466] - eth_getBalance
[2019/01/17 15:25:47.471] - eth_getBalance
[2019/01/17 15:25:47.474] - eth_getBalance
[2019/01/17 15:25:52.137] - eth_getBlockByNumber
[2019/01/17 15:25:52.140] - net_version
[2019/01/17 15:25:52.141] - eth_accounts
[2019/01/17 15:25:57.146] - net_version
[2019/01/17 15:25:57.148] - eth_accounts
[2019/01/17 15:25:57.150] - eth_getBalance
[2019/01/17 15:25:57.152] - eth_getBalance
[2019/01/17 15:25:57.156] - eth_getBalance
[2019/01/17 15:25:57.158] - eth_getBalance
[2019/01/17 15:25:57.163] - eth_getBalance
[2019/01/17 15:25:57.164] - eth_getBalance
[2019/01/17 15:25:57.169] - eth_getBalance
[2019/01/17 15:25:57.171] - eth_getBalance
[2019/01/17 15:25:57.173] - eth_getBalance
[2019/01/17 15:25:57.178] - eth_getBalance
[2019/01/17 15:26:02.138] - net_version
[2019/01/17 15:26:02.140] - eth_accounts
[2019/01/17 15:26:07.150] - eth_getBlockByNumber
[2019/01/17 15:26:07.151] - net_version
[2019/01/17 15:26:07.153] - eth_accounts
[2019/01/17 15:26:07.155] - eth_getBalance
[2019/01/17 15:26:07.158] - eth_getBalance
[2019/01/17 15:26:07.160] - eth_getBalance
[2019/01/17 15:26:07.163] - eth_getBalance
[2019/01/17 15:26:07.165] - eth_getBalance
[2019/01/17 15:26:07.173] - eth_getBalance
[2019/01/17 15:26:07.180] - eth_getBalance
[2019/01/17 15:26:07.182] - eth_getBalance
[2019/01/17 15:26:07.188] - eth_getBalance
[2019/01/17 15:26:07.191] - eth_getBalance
[2019/01/17 15:26:12.138] - net_version
[2019/01/17 15:26:12.141] - eth_accounts
[2019/01/17 15:26:17.156] - net_version
[2019/01/17 15:26:17.157] - eth_accounts
[2019/01/17 15:26:17.160] - eth_getBalance
[2019/01/17 15:26:17.162] - eth_getBalance
[2019/01/17 15:26:17.166] - eth_getBalance
[2019/01/17 15:26:17.167] - eth_getBalance
[2019/01/17 15:26:17.170] - eth_getBalance
[2019/01/17 15:26:17.176] - eth_getBalance
[2019/01/17 15:26:17.177] - eth_getBalance
[2019/01/17 15:26:17.182] - eth_getBalance
[2019/01/17 15:26:17.184] - eth_getBalance
[2019/01/17 15:26:17.189] - eth_getBalance
[2019/01/17 15:26:22.136] - eth_getBlockByNumber
[2019/01/17 15:26:22.138] - net_version
[2019/01/17 15:26:22.139] - eth_accounts
[2019/01/17 15:26:27.160] - net_version
[2019/01/17 15:26:27.165] - eth_accounts
[2019/01/17 15:26:27.167] - eth_getBalance
[2019/01/17 15:26:27.168] - eth_getBalance
[2019/01/17 15:26:27.170] - eth_getBalance
[2019/01/17 15:26:27.172] - eth_getBalance
[2019/01/17 15:26:27.176] - eth_getBalance
[2019/01/17 15:26:27.178] - eth_getBalance
[2019/01/17 15:26:27.188] - eth_getBalance
[2019/01/17 15:26:27.189] - eth_getBalance
[2019/01/17 15:26:27.190] - eth_getBalance
[2019/01/17 15:26:27.193] - eth_getBalance
[2019/01/17 15:26:32.137] - net_version
[2019/01/17 15:26:32.139] - eth_accounts
[2019/01/17 15:26:37.175] - eth_getBlockByNumber
[2019/01/17 15:26:37.178] - net_version
[2019/01/17 15:26:37.180] - eth_accounts
[2019/01/17 15:26:37.184] - eth_getBalance
[2019/01/17 15:26:37.186] - eth_getBalance
[2019/01/17 15:26:37.188] - eth_getBalance
[2019/01/17 15:26:37.193] - eth_getBalance
[2019/01/17 15:26:37.195] - eth_getBalance
[2019/01/17 15:26:37.199] - eth_getBalance
[2019/01/17 15:26:37.201] - eth_getBalance
[2019/01/17 15:26:37.204] - eth_getBalance
[2019/01/17 15:26:37.210] - eth_getBalance
[2019/01/17 15:26:37.212] - eth_getBalance
[2019/01/17 15:26:42.137] - net_version
[2019/01/17 15:26:42.138] - eth_accounts
[2019/01/17 15:26:47.150] - net_version
[2019/01/17 15:26:47.153] - eth_accounts
[2019/01/17 15:26:47.154] - eth_getBalance
[2019/01/17 15:26:47.157] - eth_getBalance
[2019/01/17 15:26:47.158] - eth_getBalance
[2019/01/17 15:26:47.162] - eth_getBalance
[2019/01/17 15:26:47.164] - eth_getBalance
[2019/01/17 15:26:47.168] - eth_getBalance
[2019/01/17 15:26:47.169] - eth_getBalance
[2019/01/17 15:26:47.173] - eth_getBalance
[2019/01/17 15:26:47.175] - eth_getBalance
[2019/01/17 15:26:47.180] - eth_getBalance
[2019/01/17 15:26:51.462] - eth_getBlockByNumber
[2019/01/17 15:26:51.552] - net_version
[2019/01/17 15:26:51.553] - eth_accounts
[2019/01/17 15:26:56.564] - net_version
[2019/01/17 15:26:56.566] - eth_accounts
[2019/01/17 15:26:56.569] - eth_getBalance
[2019/01/17 15:26:56.571] - eth_getBalance
[2019/01/17 15:26:56.573] - eth_getBalance
[2019/01/17 15:26:56.576] - eth_getBalance
[2019/01/17 15:26:56.579] - eth_getBalance
[2019/01/17 15:26:56.584] - eth_getBalance
[2019/01/17 15:26:56.585] - eth_getBalance
[2019/01/17 15:26:56.589] - eth_getBalance
[2019/01/17 15:26:56.593] - eth_getBalance
[2019/01/17 15:26:56.595] - eth_getBalance
[2019/01/17 15:27:02.139] - net_version
[2019/01/17 15:27:02.141] - eth_accounts
[2019/01/17 15:27:07.135] - eth_getBlockByNumber
[2019/01/17 15:27:07.137] - net_version
[2019/01/17 15:27:07.141] - eth_accounts
[2019/01/17 15:27:07.142] - eth_getBalance
[2019/01/17 15:27:07.147] - eth_getBalance
[2019/01/17 15:27:07.148] - eth_getBalance
[2019/01/17 15:27:07.151] - eth_getBalance
[2019/01/17 15:27:07.155] - eth_getBalance
[2019/01/17 15:27:07.158] - eth_getBalance
[2019/01/17 15:27:07.162] - eth_getBalance
[2019/01/17 15:27:07.163] - eth_getBalance
[2019/01/17 15:27:07.167] - eth_getBalance
[2019/01/17 15:27:07.171] - eth_getBalance
[2019/01/17 15:27:12.139] - net_version
[2019/01/17 15:27:12.141] - eth_accounts
[2019/01/17 15:27:17.138] - net_version
[2019/01/17 15:27:17.140] - eth_accounts
[2019/01/17 15:27:17.142] - eth_getBalance
[2019/01/17 15:27:17.145] - eth_getBalance
[2019/01/17 15:27:17.147] - eth_getBalance
[2019/01/17 15:27:17.150] - eth_getBalance
[2019/01/17 15:27:17.152] - eth_getBalance
[2019/01/17 15:27:17.157] - eth_getBalance
[2019/01/17 15:27:17.163] - eth_getBalance
[2019/01/17 15:27:17.170] - eth_getBalance
[2019/01/17 15:27:17.177] - eth_getBalance
[2019/01/17 15:27:17.190] - eth_getBalance
[2019/01/17 15:27:17.243] - eth_accounts
[2019/01/17 15:27:22.138] - eth_getBlockByNumber
[2019/01/17 15:27:22.140] - net_version
[2019/01/17 15:27:22.141] - eth_accounts
[2019/01/17 15:27:27.147] - net_version
[2019/01/17 15:27:27.149] - eth_accounts
[2019/01/17 15:27:27.151] - eth_getBalance
[2019/01/17 15:27:27.154] - eth_getBalance
[2019/01/17 15:27:27.155] - eth_getBalance
[2019/01/17 15:27:27.160] - eth_getBalance
[2019/01/17 15:27:27.162] - eth_getBalance
[2019/01/17 15:27:27.167] - eth_getBalance
[2019/01/17 15:27:27.169] - eth_getBalance
[2019/01/17 15:27:27.172] - eth_getBalance
[2019/01/17 15:27:27.176] - eth_getBalance
[2019/01/17 15:27:27.177] - eth_getBalance
[2019/01/17 15:27:29.156] - eth_accounts
[2019/01/17 15:27:29.173] - eth_sendTransaction
[2019/01/17 15:27:29.228] - 
[2019/01/17 15:27:29.230] -   Transaction: 0xedd161c96bd41bccb64cf0cf2647517c7799d72cf7d84124e63001ec5f4652d7
[2019/01/17 15:27:29.231] -   Gas usage: 79761
[2019/01/17 15:27:29.232] -   Block Number: 2
[2019/01/17 15:27:29.233] -   Block Time: Thu Jan 17 2019 15:27:29 GMT+0300 (Türkiye Standart Saati)
[2019/01/17 15:27:29.234] - 
[2019/01/17 15:27:29.235] - eth_getBalance
[2019/01/17 15:27:29.236] - eth_getTransactionCount
[2019/01/17 15:27:29.239] - eth_getBalance
[2019/01/17 15:27:29.240] - eth_getTransactionCount
[2019/01/17 15:27:29.241] - eth_getBalance
[2019/01/17 15:27:29.244] - eth_getTransactionCount
[2019/01/17 15:27:29.245] - eth_getBalance
[2019/01/17 15:27:29.247] - eth_getTransactionCount
[2019/01/17 15:27:29.248] - eth_getBalance
[2019/01/17 15:27:29.250] - eth_getTransactionCount
[2019/01/17 15:27:29.251] - eth_getBalance
[2019/01/17 15:27:29.252] - eth_getTransactionCount
[2019/01/17 15:27:29.253] - eth_getBalance
[2019/01/17 15:27:29.254] - eth_getTransactionCount
[2019/01/17 15:27:29.256] - eth_getBalance
[2019/01/17 15:27:29.257] - eth_getTransactionCount
[2019/01/17 15:27:29.258] - eth_getBalance
[2019/01/17 15:27:29.259] - eth_getTransactionCount
[2019/01/17 15:27:29.262] - eth_getBalance
[2019/01/17 15:27:29.263] - eth_getTransactionCount
[2019/01/17 15:27:32.138] - net_version
[2019/01/17 15:27:32.139] - eth_accounts
[2019/01/17 15:27:34.872] - eth_accounts
[2019/01/17 15:27:37.153] - eth_getBlockByNumber
[2019/01/17 15:27:37.155] - net_version
[2019/01/17 15:27:37.157] - eth_accounts
[2019/01/17 15:27:37.160] - eth_getBalance
[2019/01/17 15:27:37.164] - eth_getBalance
[2019/01/17 15:27:37.168] - eth_getBalance
[2019/01/17 15:27:37.170] - eth_getBalance
[2019/01/17 15:27:37.174] - eth_getBalance
[2019/01/17 15:27:37.176] - eth_getBalance
[2019/01/17 15:27:37.181] - eth_getBalance
[2019/01/17 15:27:37.183] - eth_getBalance
[2019/01/17 15:27:37.188] - eth_getBalance
[2019/01/17 15:27:37.189] - eth_getBalance
[2019/01/17 15:27:42.136] - net_version
[2019/01/17 15:27:42.137] - eth_accounts
[2019/01/17 15:27:43.383] - eth_accounts
[2019/01/17 15:27:43.406] - eth_call
[2019/01/17 15:27:43.409] - eth_call
[2019/01/17 15:27:43.544] - eth_call
[2019/01/17 15:27:43.579] - eth_call
[2019/01/17 15:27:47.144] - net_version
[2019/01/17 15:27:47.146] - eth_accounts
[2019/01/17 15:27:47.149] - eth_getBalance
[2019/01/17 15:27:47.150] - eth_getBalance
[2019/01/17 15:27:47.154] - eth_getBalance
[2019/01/17 15:27:47.157] - eth_getBalance
[2019/01/17 15:27:47.158] - eth_getBalance
[2019/01/17 15:27:47.161] - eth_getBalance
[2019/01/17 15:27:47.173] - eth_getBalance
[2019/01/17 15:27:47.175] - eth_getBalance
[2019/01/17 15:27:47.176] - eth_getBalance
[2019/01/17 15:27:47.180] - eth_getBalance
[2019/01/17 15:27:52.137] - eth_getBlockByNumber
[2019/01/17 15:27:52.139] - net_version
[2019/01/17 15:27:52.140] - eth_accounts
[2019/01/17 15:27:57.146] - net_version
[2019/01/17 15:27:57.149] - eth_accounts
[2019/01/17 15:27:57.152] - eth_getBalance
[2019/01/17 15:27:57.153] - eth_getBalance
[2019/01/17 15:27:57.155] - eth_getBalance
[2019/01/17 15:27:57.157] - eth_getBalance
[2019/01/17 15:27:57.161] - eth_getBalance
[2019/01/17 15:27:57.162] - eth_getBalance
[2019/01/17 15:27:57.167] - eth_getBalance
[2019/01/17 15:27:57.168] - eth_getBalance
[2019/01/17 15:27:57.173] - eth_getBalance
[2019/01/17 15:27:57.174] - eth_getBalance
[2019/01/17 15:28:02.136] - net_version
[2019/01/17 15:28:02.137] - eth_accounts
[2019/01/17 15:28:07.148] - eth_getBlockByNumber
[2019/01/17 15:28:07.150] - net_version
[2019/01/17 15:28:07.152] - eth_accounts
[2019/01/17 15:28:07.156] - eth_getBalance
[2019/01/17 15:28:07.159] - eth_getBalance
[2019/01/17 15:28:07.161] - eth_getBalance
[2019/01/17 15:28:07.165] - eth_getBalance
[2019/01/17 15:28:07.167] - eth_getBalance
[2019/01/17 15:28:07.171] - eth_getBalance
[2019/01/17 15:28:07.172] - eth_getBalance
[2019/01/17 15:28:07.176] - eth_getBalance
[2019/01/17 15:28:07.178] - eth_getBalance
[2019/01/17 15:28:07.181] - eth_getBalance
[2019/01/17 15:28:12.136] - net_version
[2019/01/17 15:28:12.137] - eth_accounts
[2019/01/17 15:28:17.146] - net_version
[2019/01/17 15:28:17.148] - eth_accounts
[2019/01/17 15:28:17.151] - eth_getBalance
[2019/01/17 15:28:17.152] - eth_getBalance
[2019/01/17 15:28:17.154] - eth_getBalance
[2019/01/17 15:28:17.158] - eth_getBalance
[2019/01/17 15:28:17.159] - eth_getBalance
[2019/01/17 15:28:17.163] - eth_getBalance
[2019/01/17 15:28:17.164] - eth_getBalance
[2019/01/17 15:28:17.170] - eth_getBalance
[2019/01/17 15:28:17.171] - eth_getBalance
[2019/01/17 15:28:17.175] - eth_getBalance
[2019/01/17 15:28:22.136] - eth_getBlockByNumber
[2019/01/17 15:28:22.138] - net_version
[2019/01/17 15:28:22.139] - eth_accounts
[2019/01/17 15:28:27.148] - net_version
[2019/01/17 15:28:27.150] - eth_accounts
[2019/01/17 15:28:27.152] - eth_getBalance
[2019/01/17 15:28:27.154] - eth_getBalance
[2019/01/17 15:28:27.156] - eth_getBalance
[2019/01/17 15:28:27.158] - eth_getBalance
[2019/01/17 15:28:27.161] - eth_getBalance
[2019/01/17 15:28:27.165] - eth_getBalance
[2019/01/17 15:28:27.167] - eth_getBalance
[2019/01/17 15:28:27.172] - eth_getBalance
[2019/01/17 15:28:27.174] - eth_getBalance
[2019/01/17 15:28:27.177] - eth_getBalance
[2019/01/17 15:28:32.136] - net_version
[2019/01/17 15:28:32.138] - eth_accounts
[2019/01/17 15:28:37.152] - eth_getBlockByNumber
[2019/01/17 15:28:37.154] - net_version
[2019/01/17 15:28:37.156] - eth_accounts
[2019/01/17 15:28:37.157] - eth_getBalance
[2019/01/17 15:28:37.162] - eth_getBalance
[2019/01/17 15:28:37.167] - eth_getBalance
[2019/01/17 15:28:37.169] - eth_getBalance
[2019/01/17 15:28:37.170] - eth_getBalance
[2019/01/17 15:28:37.174] - eth_getBalance
[2019/01/17 15:28:37.176] - eth_getBalance
[2019/01/17 15:28:37.179] - eth_getBalance
[2019/01/17 15:28:37.180] - eth_getBalance
[2019/01/17 15:28:37.186] - eth_getBalance
[2019/01/17 15:28:42.139] - net_version
[2019/01/17 15:28:42.140] - eth_accounts
[2019/01/17 15:28:47.150] - net_version
[2019/01/17 15:28:47.152] - eth_accounts
[2019/01/17 15:28:47.154] - eth_getBalance
[2019/01/17 15:28:47.155] - eth_getBalance
[2019/01/17 15:28:47.158] - eth_getBalance
[2019/01/17 15:28:47.162] - eth_getBalance
[2019/01/17 15:28:47.163] - eth_getBalance
[2019/01/17 15:28:47.167] - eth_getBalance
[2019/01/17 15:28:47.169] - eth_getBalance
[2019/01/17 15:28:47.171] - eth_getBalance
[2019/01/17 15:28:47.175] - eth_getBalance
[2019/01/17 15:28:47.176] - eth_getBalance
[2019/01/17 15:28:52.135] - eth_getBlockByNumber
[2019/01/17 15:28:52.137] - net_version
[2019/01/17 15:28:52.138] - eth_accounts
[2019/01/17 15:28:57.148] - net_version
[2019/01/17 15:28:57.150] - eth_accounts
[2019/01/17 15:28:57.152] - eth_getBalance
[2019/01/17 15:28:57.153] - eth_getBalance
[2019/01/17 15:28:57.156] - eth_getBalance
[2019/01/17 15:28:57.159] - eth_getBalance
[2019/01/17 15:28:57.161] - eth_getBalance
[2019/01/17 15:28:57.165] - eth_getBalance
[2019/01/17 15:28:57.167] - eth_getBalance
[2019/01/17 15:28:57.170] - eth_getBalance
[2019/01/17 15:28:57.174] - eth_getBalance
[2019/01/17 15:28:57.176] - eth_getBalance
[2019/01/17 15:29:01.552] - net_version
[2019/01/17 15:29:01.553] - eth_accounts
[2019/01/17 15:29:07.153] - eth_getBlockByNumber
[2019/01/17 15:29:07.154] - net_version
[2019/01/17 15:29:07.158] - eth_accounts
[2019/01/17 15:29:07.160] - eth_getBalance
[2019/01/17 15:29:07.162] - eth_getBalance
[2019/01/17 15:29:07.166] - eth_getBalance
[2019/01/17 15:29:07.172] - eth_getBalance
[2019/01/17 15:29:07.174] - eth_getBalance
[2019/01/17 15:29:07.177] - eth_getBalance
[2019/01/17 15:29:07.181] - eth_getBalance
[2019/01/17 15:29:07.182] - eth_getBalance
[2019/01/17 15:29:07.186] - eth_getBalance
[2019/01/17 15:29:07.190] - eth_getBalance
[2019/01/17 15:29:12.136] - net_version
[2019/01/17 15:29:12.137] - eth_accounts
[2019/01/17 15:29:17.149] - net_version
[2019/01/17 15:29:17.151] - eth_accounts
[2019/01/17 15:29:17.153] - eth_getBalance
[2019/01/17 15:29:17.154] - eth_getBalance
[2019/01/17 15:29:17.157] - eth_getBalance
[2019/01/17 15:29:17.159] - eth_getBalance
[2019/01/17 15:29:17.160] - eth_getBalance
[2019/01/17 15:29:17.162] - eth_getBalance
[2019/01/17 15:29:17.168] - eth_getBalance
[2019/01/17 15:29:17.170] - eth_getBalance
[2019/01/17 15:29:17.174] - eth_getBalance
[2019/01/17 15:29:17.179] - eth_getBalance
[2019/01/17 15:29:22.137] - eth_getBlockByNumber
[2019/01/17 15:29:22.139] - net_version
[2019/01/17 15:29:22.140] - eth_accounts
[2019/01/17 15:29:27.150] - net_version
[2019/01/17 15:29:27.152] - eth_accounts
[2019/01/17 15:29:27.156] - eth_getBalance
[2019/01/17 15:29:27.158] - eth_getBalance
[2019/01/17 15:29:27.162] - eth_getBalance
[2019/01/17 15:29:27.166] - eth_getBalance
[2019/01/17 15:29:27.168] - eth_getBalance
[2019/01/17 15:29:27.176] - eth_getBalance
[2019/01/17 15:29:27.177] - eth_getBalance
[2019/01/17 15:29:27.182] - eth_getBalance
[2019/01/17 15:29:27.184] - eth_getBalance
[2019/01/17 15:29:27.189] - eth_getBalance
[2019/01/17 15:29:32.138] - net_version
[2019/01/17 15:29:32.140] - eth_accounts
[2019/01/17 15:29:37.151] - eth_getBlockByNumber
[2019/01/17 15:29:37.156] - net_version
[2019/01/17 15:29:37.159] - eth_accounts
[2019/01/17 15:29:37.161] - eth_getBalance
[2019/01/17 15:29:37.162] - eth_getBalance
[2019/01/17 15:29:37.163] - eth_getBalance
[2019/01/17 15:29:37.165] - eth_getBalance
[2019/01/17 15:29:37.167] - eth_getBalance
[2019/01/17 15:29:37.169] - eth_getBalance
[2019/01/17 15:29:37.171] - eth_getBalance
[2019/01/17 15:29:37.175] - eth_getBalance
[2019/01/17 15:29:37.176] - eth_getBalance
[2019/01/17 15:29:37.180] - eth_getBalance
[2019/01/17 15:29:42.138] - net_version
[2019/01/17 15:29:42.139] - eth_accounts
[2019/01/17 15:29:47.155] - net_version
[2019/01/17 15:29:47.160] - eth_accounts
[2019/01/17 15:29:47.162] - eth_getBalance
[2019/01/17 15:29:47.168] - eth_getBalance
[2019/01/17 15:29:47.171] - eth_getBalance
[2019/01/17 15:29:47.176] - eth_getBalance
[2019/01/17 15:29:47.180] - eth_getBalance
[2019/01/17 15:29:47.184] - eth_getBalance
[2019/01/17 15:29:47.190] - eth_getBalance
[2019/01/17 15:29:47.194] - eth_getBalance
[2019/01/17 15:29:47.197] - eth_getBalance
[2019/01/17 15:29:47.202] - eth_getBalance
[2019/01/17 15:29:52.137] - eth_getBlockByNumber
[2019/01/17 15:29:52.139] - net_version
[2019/01/17 15:29:52.140] - eth_accounts
[2019/01/17 15:29:57.147] - net_version
[2019/01/17 15:29:57.149] - eth_accounts
[2019/01/17 15:29:57.151] - eth_getBalance
[2019/01/17 15:29:57.152] - eth_getBalance
[2019/01/17 15:29:57.161] - eth_getBalance
[2019/01/17 15:29:57.163] - eth_getBalance
[2019/01/17 15:29:57.164] - eth_getBalance
[2019/01/17 15:29:57.166] - eth_getBalance
[2019/01/17 15:29:57.168] - eth_getBalance
[2019/01/17 15:29:57.169] - eth_getBalance
[2019/01/17 15:29:57.171] - eth_getBalance
[2019/01/17 15:29:57.175] - eth_getBalance
[2019/01/17 15:30:02.138] - net_version
[2019/01/17 15:30:02.140] - eth_accounts
[2019/01/17 15:30:07.147] - eth_getBlockByNumber
[2019/01/17 15:30:07.149] - net_version
[2019/01/17 15:30:07.154] - eth_accounts
[2019/01/17 15:30:07.156] - eth_getBalance
[2019/01/17 15:30:07.160] - eth_getBalance
[2019/01/17 15:30:07.161] - eth_getBalance
[2019/01/17 15:30:07.164] - eth_getBalance
[2019/01/17 15:30:07.170] - eth_getBalance
[2019/01/17 15:30:07.171] - eth_getBalance
[2019/01/17 15:30:07.175] - eth_getBalance
[2019/01/17 15:30:07.177] - eth_getBalance
[2019/01/17 15:30:07.180] - eth_getBalance
[2019/01/17 15:30:07.182] - eth_getBalance
[2019/01/17 15:30:12.138] - net_version
[2019/01/17 15:30:12.139] - eth_accounts
