[2019/02/01 09:05:08.427] - Starting server (version 1.2.3) with initial configuration: {"hostname":"127.0.0.1","port":7545,"network_id":5777,"default_balance_ether":100,"total_accounts":10,"unlocked_accounts":[],"locked":false,"vmErrorsOnRPCResponse":true,"verbose":false,"gasLimit":6721975,"gasPrice":20000000000,"logDirectory":"C:\\Users\\caner\\OneDrive\\Belgeler\\GitHub\\EV-Charging-with-Smart-Contract"}
[2019/02/01 09:05:08.564] - eth_accounts
[2019/02/01 09:05:08.567] - eth_gasPrice
[2019/02/01 09:05:08.568] - eth_getBlockByNumber
[2019/02/01 09:05:08.572] - eth_subscribe
[2019/02/01 09:05:08.584] - eth_getBalance
[2019/02/01 09:05:08.586] - eth_getTransactionCount
[2019/02/01 09:05:08.587] - eth_getBalance
[2019/02/01 09:05:08.590] - eth_getTransactionCount
[2019/02/01 09:05:08.591] - eth_getBalance
[2019/02/01 09:05:08.594] - eth_getTransactionCount
[2019/02/01 09:05:08.595] - eth_getBalance
[2019/02/01 09:05:08.596] - eth_getTransactionCount
[2019/02/01 09:05:08.599] - eth_getBalance
[2019/02/01 09:05:08.600] - eth_getTransactionCount
[2019/02/01 09:05:08.601] - eth_getBalance
[2019/02/01 09:05:08.602] - eth_getTransactionCount
[2019/02/01 09:05:08.604] - eth_getBalance
[2019/02/01 09:05:08.605] - eth_getTransactionCount
[2019/02/01 09:05:08.607] - eth_getBalance
[2019/02/01 09:05:08.609] - eth_getTransactionCount
[2019/02/01 09:05:08.610] - eth_getBalance
[2019/02/01 09:05:08.611] - eth_getTransactionCount
[2019/02/01 09:05:08.613] - eth_getBalance
[2019/02/01 09:05:08.614] - eth_getTransactionCount
[2019/02/01 09:05:16.538] - net_listening
[2019/02/01 09:05:16.548] - eth_getBlockByNumber
[2019/02/01 09:05:16.554] - net_version
[2019/02/01 09:05:16.558] - eth_accounts
[2019/02/01 09:05:16.562] - net_version
[2019/02/01 09:05:18.047] - net_version
[2019/02/01 09:05:18.048] - eth_accounts
[2019/02/01 09:05:20.147] - net_version
[2019/02/01 09:05:20.149] - eth_accounts
[2019/02/01 09:05:25.064] - eth_getBlockByNumber
[2019/02/01 09:05:25.147] - net_version
[2019/02/01 09:05:25.149] - eth_accounts
[2019/02/01 09:05:25.151] - eth_getBalance
[2019/02/01 09:05:25.152] - eth_getBalance
[2019/02/01 09:05:25.154] - eth_getBalance
[2019/02/01 09:05:25.155] - eth_getBalance
[2019/02/01 09:05:25.160] - eth_getBalance
[2019/02/01 09:05:25.162] - eth_getBalance
[2019/02/01 09:05:25.168] - eth_getBalance
[2019/02/01 09:05:25.169] - eth_getBalance
[2019/02/01 09:05:25.174] - eth_getBalance
[2019/02/01 09:05:25.176] - eth_getBalance
[2019/02/01 09:05:30.151] - net_version
[2019/02/01 09:05:30.153] - eth_accounts
[2019/02/01 09:05:35.147] - net_version
[2019/02/01 09:05:35.149] - eth_accounts
[2019/02/01 09:05:35.151] - eth_getBalance
[2019/02/01 09:05:35.153] - eth_getBalance
[2019/02/01 09:05:35.157] - eth_getBalance
[2019/02/01 09:05:35.159] - eth_getBalance
[2019/02/01 09:05:35.165] - eth_getBalance
[2019/02/01 09:05:35.167] - eth_getBalance
[2019/02/01 09:05:35.171] - eth_getBalance
[2019/02/01 09:05:35.175] - eth_getBalance
[2019/02/01 09:05:35.180] - eth_getBalance
[2019/02/01 09:05:35.182] - eth_getBalance
[2019/02/01 09:05:40.062] - eth_getBlockByNumber
[2019/02/01 09:05:40.148] - net_version
[2019/02/01 09:05:40.150] - eth_accounts
[2019/02/01 09:05:45.156] - net_version
[2019/02/01 09:05:45.158] - eth_accounts
[2019/02/01 09:05:45.161] - eth_getBalance
[2019/02/01 09:05:45.162] - eth_getBalance
[2019/02/01 09:05:45.164] - eth_getBalance
[2019/02/01 09:05:45.166] - eth_getBalance
[2019/02/01 09:05:45.170] - eth_getBalance
[2019/02/01 09:05:45.174] - eth_getBalance
[2019/02/01 09:05:45.176] - eth_getBalance
[2019/02/01 09:05:45.181] - eth_getBalance
[2019/02/01 09:05:45.183] - eth_getBalance
[2019/02/01 09:05:45.187] - eth_getBalance
[2019/02/01 09:05:50.146] - net_version
[2019/02/01 09:05:50.148] - eth_accounts
[2019/02/01 09:05:55.062] - eth_getBlockByNumber
[2019/02/01 09:05:55.146] - net_version
[2019/02/01 09:05:55.148] - eth_accounts
[2019/02/01 09:05:55.149] - eth_getBalance
[2019/02/01 09:05:55.152] - eth_getBalance
[2019/02/01 09:05:55.154] - eth_getBalance
[2019/02/01 09:05:55.158] - eth_getBalance
[2019/02/01 09:05:55.165] - eth_getBalance
[2019/02/01 09:05:55.166] - eth_getBalance
[2019/02/01 09:05:55.170] - eth_getBalance
[2019/02/01 09:05:55.173] - eth_getBalance
[2019/02/01 09:05:55.178] - eth_getBalance
[2019/02/01 09:05:55.180] - eth_getBalance
[2019/02/01 09:06:00.150] - net_version
[2019/02/01 09:06:00.151] - eth_accounts
[2019/02/01 09:06:05.146] - net_version
[2019/02/01 09:06:05.148] - eth_accounts
[2019/02/01 09:06:05.150] - eth_getBalance
[2019/02/01 09:06:05.152] - eth_getBalance
[2019/02/01 09:06:05.153] - eth_getBalance
[2019/02/01 09:06:05.155] - eth_getBalance
[2019/02/01 09:06:05.158] - eth_getBalance
[2019/02/01 09:06:05.163] - eth_getBalance
[2019/02/01 09:06:05.168] - eth_getBalance
[2019/02/01 09:06:05.169] - eth_getBalance
[2019/02/01 09:06:05.174] - eth_getBalance
[2019/02/01 09:06:05.175] - eth_getBalance
[2019/02/01 09:06:10.063] - eth_getBlockByNumber
[2019/02/01 09:06:10.146] - net_version
[2019/02/01 09:06:10.148] - eth_accounts
[2019/02/01 09:06:15.159] - net_version
[2019/02/01 09:06:15.162] - eth_accounts
[2019/02/01 09:06:15.166] - eth_getBalance
[2019/02/01 09:06:15.168] - eth_getBalance
[2019/02/01 09:06:15.172] - eth_getBalance
[2019/02/01 09:06:15.173] - eth_getBalance
[2019/02/01 09:06:15.178] - eth_getBalance
[2019/02/01 09:06:15.185] - eth_getBalance
[2019/02/01 09:06:15.191] - eth_getBalance
[2019/02/01 09:06:15.192] - eth_getBalance
[2019/02/01 09:06:15.197] - eth_getBalance
[2019/02/01 09:06:15.199] - eth_getBalance
[2019/02/01 09:06:20.147] - net_version
[2019/02/01 09:06:20.149] - eth_accounts
[2019/02/01 09:06:25.063] - eth_getBlockByNumber
[2019/02/01 09:06:25.147] - net_version
[2019/02/01 09:06:25.149] - eth_accounts
[2019/02/01 09:06:25.150] - eth_getBalance
[2019/02/01 09:06:25.152] - eth_getBalance
[2019/02/01 09:06:25.154] - eth_getBalance
[2019/02/01 09:06:25.156] - eth_getBalance
[2019/02/01 09:06:25.158] - eth_getBalance
[2019/02/01 09:06:25.163] - eth_getBalance
[2019/02/01 09:06:25.165] - eth_getBalance
[2019/02/01 09:06:25.167] - eth_getBalance
[2019/02/01 09:06:25.171] - eth_getBalance
[2019/02/01 09:06:25.174] - eth_getBalance
[2019/02/01 09:06:30.149] - net_version
[2019/02/01 09:06:30.150] - eth_accounts
[2019/02/01 09:06:35.148] - net_version
[2019/02/01 09:06:35.149] - eth_accounts
[2019/02/01 09:06:35.152] - eth_getBalance
[2019/02/01 09:06:35.156] - eth_getBalance
[2019/02/01 09:06:35.158] - eth_getBalance
[2019/02/01 09:06:35.162] - eth_getBalance
[2019/02/01 09:06:35.164] - eth_getBalance
[2019/02/01 09:06:35.168] - eth_getBalance
[2019/02/01 09:06:35.172] - eth_getBalance
[2019/02/01 09:06:35.174] - eth_getBalance
[2019/02/01 09:06:35.177] - eth_getBalance
[2019/02/01 09:06:35.183] - eth_getBalance
[2019/02/01 09:06:40.062] - eth_getBlockByNumber
[2019/02/01 09:06:40.146] - net_version
[2019/02/01 09:06:40.148] - eth_accounts
[2019/02/01 09:06:45.155] - net_version
[2019/02/01 09:06:45.158] - eth_accounts
[2019/02/01 09:06:45.160] - eth_getBalance
[2019/02/01 09:06:45.161] - eth_getBalance
[2019/02/01 09:06:45.163] - eth_getBalance
[2019/02/01 09:06:45.165] - eth_getBalance
[2019/02/01 09:06:45.167] - eth_getBalance
[2019/02/01 09:06:45.170] - eth_getBalance
[2019/02/01 09:06:45.174] - eth_getBalance
[2019/02/01 09:06:45.175] - eth_getBalance
[2019/02/01 09:06:45.180] - eth_getBalance
[2019/02/01 09:06:45.181] - eth_getBalance
[2019/02/01 09:06:50.147] - net_version
[2019/02/01 09:06:50.150] - eth_accounts
[2019/02/01 09:06:55.062] - eth_getBlockByNumber
[2019/02/01 09:06:55.147] - net_version
[2019/02/01 09:06:55.150] - eth_accounts
[2019/02/01 09:06:55.155] - eth_getBalance
[2019/02/01 09:06:55.161] - eth_getBalance
[2019/02/01 09:06:55.170] - eth_getBalance
[2019/02/01 09:06:55.172] - eth_getBalance
[2019/02/01 09:06:55.176] - eth_getBalance
[2019/02/01 09:06:55.181] - eth_getBalance
[2019/02/01 09:06:55.186] - eth_getBalance
[2019/02/01 09:06:55.188] - eth_getBalance
[2019/02/01 09:06:55.194] - eth_getBalance
[2019/02/01 09:06:55.198] - eth_getBalance
[2019/02/01 09:07:00.154] - net_version
[2019/02/01 09:07:00.157] - eth_accounts
[2019/02/01 09:07:05.147] - net_version
[2019/02/01 09:07:05.149] - eth_accounts
[2019/02/01 09:07:05.152] - eth_getBalance
[2019/02/01 09:07:05.154] - eth_getBalance
[2019/02/01 09:07:05.156] - eth_getBalance
[2019/02/01 09:07:05.157] - eth_getBalance
[2019/02/01 09:07:05.159] - eth_getBalance
[2019/02/01 09:07:05.165] - eth_getBalance
[2019/02/01 09:07:05.167] - eth_getBalance
[2019/02/01 09:07:05.172] - eth_getBalance
[2019/02/01 09:07:05.174] - eth_getBalance
[2019/02/01 09:07:05.179] - eth_getBalance
[2019/02/01 09:07:10.062] - eth_getBlockByNumber
[2019/02/01 09:07:10.148] - net_version
[2019/02/01 09:07:10.151] - eth_accounts
[2019/02/01 09:07:15.157] - net_version
[2019/02/01 09:07:15.159] - eth_accounts
[2019/02/01 09:07:15.162] - eth_getBalance
[2019/02/01 09:07:15.166] - eth_getBalance
[2019/02/01 09:07:15.168] - eth_getBalance
[2019/02/01 09:07:15.172] - eth_getBalance
[2019/02/01 09:07:15.174] - eth_getBalance
[2019/02/01 09:07:15.178] - eth_getBalance
[2019/02/01 09:07:15.181] - eth_getBalance
[2019/02/01 09:07:15.187] - eth_getBalance
[2019/02/01 09:07:15.189] - eth_getBalance
[2019/02/01 09:07:15.193] - eth_getBalance
[2019/02/01 09:07:20.147] - net_version
[2019/02/01 09:07:20.149] - eth_accounts
[2019/02/01 09:07:25.062] - eth_getBlockByNumber
[2019/02/01 09:07:25.147] - net_version
[2019/02/01 09:07:25.149] - eth_accounts
[2019/02/01 09:07:25.150] - eth_getBalance
[2019/02/01 09:07:25.152] - eth_getBalance
[2019/02/01 09:07:25.154] - eth_getBalance
[2019/02/01 09:07:25.156] - eth_getBalance
[2019/02/01 09:07:25.157] - eth_getBalance
[2019/02/01 09:07:25.162] - eth_getBalance
[2019/02/01 09:07:25.167] - eth_getBalance
[2019/02/01 09:07:25.170] - eth_getBalance
[2019/02/01 09:07:25.177] - eth_getBalance
[2019/02/01 09:07:25.178] - eth_getBalance
[2019/02/01 09:07:30.149] - net_version
[2019/02/01 09:07:30.151] - eth_accounts
[2019/02/01 09:07:35.147] - net_version
[2019/02/01 09:07:35.149] - eth_accounts
[2019/02/01 09:07:35.159] - eth_getBalance
[2019/02/01 09:07:35.163] - eth_getBalance
[2019/02/01 09:07:35.165] - eth_getBalance
[2019/02/01 09:07:35.171] - eth_getBalance
[2019/02/01 09:07:35.175] - eth_getBalance
[2019/02/01 09:07:35.176] - eth_getBalance
[2019/02/01 09:07:35.180] - eth_getBalance
[2019/02/01 09:07:35.181] - eth_getBalance
[2019/02/01 09:07:35.187] - eth_getBalance
[2019/02/01 09:07:35.189] - eth_getBalance
[2019/02/01 09:07:40.062] - eth_getBlockByNumber
[2019/02/01 09:07:40.147] - net_version
[2019/02/01 09:07:40.149] - eth_accounts
[2019/02/01 09:07:45.155] - net_version
[2019/02/01 09:07:45.156] - eth_accounts
[2019/02/01 09:07:45.161] - eth_getBalance
[2019/02/01 09:07:45.162] - eth_getBalance
[2019/02/01 09:07:45.164] - eth_getBalance
[2019/02/01 09:07:45.165] - eth_getBalance
[2019/02/01 09:07:45.167] - eth_getBalance
[2019/02/01 09:07:45.171] - eth_getBalance
[2019/02/01 09:07:45.174] - eth_getBalance
[2019/02/01 09:07:45.176] - eth_getBalance
[2019/02/01 09:07:45.179] - eth_getBalance
[2019/02/01 09:07:45.181] - eth_getBalance
[2019/02/01 09:07:50.146] - net_version
[2019/02/01 09:07:50.148] - eth_accounts
[2019/02/01 09:07:55.063] - eth_getBlockByNumber
[2019/02/01 09:07:55.148] - net_version
[2019/02/01 09:07:55.151] - eth_getBalance
[2019/02/01 09:07:55.156] - eth_accounts
[2019/02/01 09:07:55.161] - eth_getBalance
[2019/02/01 09:07:55.166] - eth_getBalance
[2019/02/01 09:07:55.171] - eth_getBalance
[2019/02/01 09:07:55.176] - eth_getBalance
[2019/02/01 09:07:55.180] - eth_getBalance
[2019/02/01 09:07:55.185] - eth_getBalance
[2019/02/01 09:07:55.189] - eth_getBalance
[2019/02/01 09:07:55.194] - eth_getBalance
[2019/02/01 09:07:55.199] - eth_getBalance
[2019/02/01 09:08:00.151] - net_version
[2019/02/01 09:08:00.152] - eth_accounts
[2019/02/01 09:08:05.146] - net_version
[2019/02/01 09:08:05.148] - eth_accounts
[2019/02/01 09:08:05.150] - eth_getBalance
[2019/02/01 09:08:05.152] - eth_getBalance
[2019/02/01 09:08:05.153] - eth_getBalance
[2019/02/01 09:08:05.154] - eth_getBalance
[2019/02/01 09:08:05.156] - eth_getBalance
[2019/02/01 09:08:05.160] - eth_getBalance
[2019/02/01 09:08:05.162] - eth_getBalance
[2019/02/01 09:08:05.165] - eth_getBalance
[2019/02/01 09:08:05.171] - eth_getBalance
[2019/02/01 09:08:05.173] - eth_getBalance
[2019/02/01 09:08:10.061] - eth_getBlockByNumber
[2019/02/01 09:08:10.146] - net_version
[2019/02/01 09:08:10.147] - eth_accounts
[2019/02/01 09:08:15.157] - net_version
[2019/02/01 09:08:15.158] - eth_accounts
[2019/02/01 09:08:15.163] - eth_getBalance
[2019/02/01 09:08:15.164] - eth_getBalance
[2019/02/01 09:08:15.168] - eth_getBalance
[2019/02/01 09:08:15.170] - eth_getBalance
[2019/02/01 09:08:15.174] - eth_getBalance
[2019/02/01 09:08:15.176] - eth_getBalance
[2019/02/01 09:08:15.179] - eth_getBalance
[2019/02/01 09:08:15.180] - eth_getBalance
[2019/02/01 09:08:15.183] - eth_getBalance
[2019/02/01 09:08:15.186] - eth_getBalance
[2019/02/01 09:08:20.146] - net_version
[2019/02/01 09:08:20.148] - eth_accounts
[2019/02/01 09:08:25.062] - eth_getBlockByNumber
[2019/02/01 09:08:25.146] - net_version
[2019/02/01 09:08:25.147] - eth_accounts
[2019/02/01 09:08:25.149] - eth_getBalance
[2019/02/01 09:08:25.151] - eth_getBalance
[2019/02/01 09:08:25.152] - eth_getBalance
[2019/02/01 09:08:25.154] - eth_getBalance
[2019/02/01 09:08:25.155] - eth_getBalance
[2019/02/01 09:08:25.159] - eth_getBalance
[2019/02/01 09:08:25.162] - eth_getBalance
[2019/02/01 09:08:25.164] - eth_getBalance
[2019/02/01 09:08:25.167] - eth_getBalance
[2019/02/01 09:08:25.173] - eth_getBalance
[2019/02/01 09:08:30.151] - net_version
[2019/02/01 09:08:30.152] - eth_accounts
[2019/02/01 09:08:35.147] - net_version
[2019/02/01 09:08:35.149] - eth_accounts
[2019/02/01 09:08:35.152] - eth_getBalance
[2019/02/01 09:08:35.154] - eth_getBalance
[2019/02/01 09:08:35.159] - eth_getBalance
[2019/02/01 09:08:35.161] - eth_getBalance
[2019/02/01 09:08:35.171] - eth_getBalance
[2019/02/01 09:08:35.173] - eth_getBalance
[2019/02/01 09:08:35.175] - eth_getBalance
[2019/02/01 09:08:35.179] - eth_getBalance
[2019/02/01 09:08:35.180] - eth_getBalance
[2019/02/01 09:08:35.184] - eth_getBalance
[2019/02/01 09:08:40.062] - eth_getBlockByNumber
[2019/02/01 09:08:40.146] - net_version
[2019/02/01 09:08:40.148] - eth_accounts
[2019/02/01 09:08:45.156] - net_version
[2019/02/01 09:08:45.157] - eth_accounts
[2019/02/01 09:08:45.161] - eth_getBalance
[2019/02/01 09:08:45.162] - eth_getBalance
[2019/02/01 09:08:45.164] - eth_getBalance
[2019/02/01 09:08:45.165] - eth_getBalance
[2019/02/01 09:08:45.167] - eth_getBalance
[2019/02/01 09:08:45.171] - eth_getBalance
[2019/02/01 09:08:45.173] - eth_getBalance
[2019/02/01 09:08:45.177] - eth_getBalance
[2019/02/01 09:08:45.179] - eth_getBalance
[2019/02/01 09:08:45.180] - eth_getBalance
[2019/02/01 09:08:50.146] - net_version
[2019/02/01 09:08:50.148] - eth_accounts
[2019/02/01 09:08:55.062] - eth_getBlockByNumber
[2019/02/01 09:08:55.146] - net_version
[2019/02/01 09:08:55.147] - eth_accounts
[2019/02/01 09:08:55.150] - eth_getBalance
[2019/02/01 09:08:55.152] - eth_getBalance
[2019/02/01 09:08:55.155] - eth_getBalance
[2019/02/01 09:08:55.161] - eth_getBalance
[2019/02/01 09:08:55.162] - eth_getBalance
[2019/02/01 09:08:55.165] - eth_getBalance
[2019/02/01 09:08:55.167] - eth_getBalance
[2019/02/01 09:08:55.171] - eth_getBalance
[2019/02/01 09:08:55.172] - eth_getBalance
[2019/02/01 09:08:55.177] - eth_getBalance
[2019/02/01 09:09:00.150] - net_version
[2019/02/01 09:09:00.152] - eth_accounts
[2019/02/01 09:09:05.147] - net_version
[2019/02/01 09:09:05.150] - eth_accounts
[2019/02/01 09:09:05.152] - eth_getBalance
[2019/02/01 09:09:05.154] - eth_getBalance
[2019/02/01 09:09:05.155] - eth_getBalance
[2019/02/01 09:09:05.157] - eth_getBalance
[2019/02/01 09:09:05.158] - eth_getBalance
[2019/02/01 09:09:05.161] - eth_getBalance
[2019/02/01 09:09:05.165] - eth_getBalance
[2019/02/01 09:09:05.167] - eth_getBalance
[2019/02/01 09:09:05.170] - eth_getBalance
[2019/02/01 09:09:05.173] - eth_getBalance
[2019/02/01 09:09:10.064] - eth_getBlockByNumber
[2019/02/01 09:09:10.147] - net_version
[2019/02/01 09:09:10.149] - eth_accounts
[2019/02/01 09:09:15.158] - net_version
[2019/02/01 09:09:15.159] - eth_accounts
[2019/02/01 09:09:15.163] - eth_getBalance
[2019/02/01 09:09:15.165] - eth_getBalance
[2019/02/01 09:09:15.168] - eth_getBalance
[2019/02/01 09:09:15.173] - eth_getBalance
[2019/02/01 09:09:15.192] - eth_getBalance
[2019/02/01 09:09:15.193] - eth_getBalance
[2019/02/01 09:09:15.197] - eth_getBalance
[2019/02/01 09:09:15.199] - eth_getBalance
[2019/02/01 09:09:15.202] - eth_getBalance
[2019/02/01 09:09:15.204] - eth_getBalance
[2019/02/01 09:09:20.149] - net_version
[2019/02/01 09:09:20.151] - eth_accounts
[2019/02/01 09:09:25.063] - eth_getBlockByNumber
[2019/02/01 09:09:25.147] - net_version
[2019/02/01 09:09:25.149] - eth_accounts
[2019/02/01 09:09:25.150] - eth_getBalance
[2019/02/01 09:09:25.152] - eth_getBalance
[2019/02/01 09:09:25.154] - eth_getBalance
[2019/02/01 09:09:25.155] - eth_getBalance
[2019/02/01 09:09:25.156] - eth_getBalance
[2019/02/01 09:09:25.160] - eth_getBalance
[2019/02/01 09:09:25.162] - eth_getBalance
[2019/02/01 09:09:25.167] - eth_getBalance
[2019/02/01 09:09:25.168] - eth_getBalance
[2019/02/01 09:09:25.171] - eth_getBalance
[2019/02/01 09:09:30.150] - net_version
[2019/02/01 09:09:30.151] - eth_accounts
[2019/02/01 09:09:35.147] - net_version
[2019/02/01 09:09:35.149] - eth_accounts
[2019/02/01 09:09:35.160] - eth_getBalance
[2019/02/01 09:09:35.162] - eth_getBalance
[2019/02/01 09:09:35.166] - eth_getBalance
[2019/02/01 09:09:35.173] - eth_getBalance
[2019/02/01 09:09:35.175] - eth_getBalance
[2019/02/01 09:09:35.181] - eth_getBalance
[2019/02/01 09:09:35.183] - eth_getBalance
[2019/02/01 09:09:35.186] - eth_getBalance
[2019/02/01 09:09:35.189] - eth_getBalance
[2019/02/01 09:09:35.194] - eth_getBalance
[2019/02/01 09:09:40.063] - eth_getBlockByNumber
[2019/02/01 09:09:40.148] - net_version
[2019/02/01 09:09:40.149] - eth_accounts
[2019/02/01 09:09:45.160] - net_version
[2019/02/01 09:09:45.165] - eth_accounts
[2019/02/01 09:09:45.168] - eth_getBalance
[2019/02/01 09:09:45.169] - eth_getBalance
[2019/02/01 09:09:45.171] - eth_getBalance
[2019/02/01 09:09:45.172] - eth_getBalance
[2019/02/01 09:09:45.175] - eth_getBalance
[2019/02/01 09:09:45.176] - eth_getBalance
[2019/02/01 09:09:45.180] - eth_getBalance
[2019/02/01 09:09:45.184] - eth_getBalance
[2019/02/01 09:09:45.186] - eth_getBalance
[2019/02/01 09:09:45.188] - eth_getBalance
[2019/02/01 09:09:50.149] - net_version
[2019/02/01 09:09:50.151] - eth_accounts
[2019/02/01 09:09:55.063] - eth_getBlockByNumber
[2019/02/01 09:09:55.148] - net_version
[2019/02/01 09:09:55.150] - eth_accounts
[2019/02/01 09:09:55.154] - eth_getBalance
[2019/02/01 09:09:55.156] - eth_getBalance
[2019/02/01 09:09:55.162] - eth_getBalance
[2019/02/01 09:09:55.164] - eth_getBalance
[2019/02/01 09:09:55.167] - eth_getBalance
[2019/02/01 09:09:55.176] - eth_getBalance
[2019/02/01 09:09:55.177] - eth_getBalance
[2019/02/01 09:09:55.183] - eth_getBalance
[2019/02/01 09:09:55.185] - eth_getBalance
[2019/02/01 09:09:55.187] - eth_getBalance
[2019/02/01 09:10:00.152] - net_version
[2019/02/01 09:10:00.154] - eth_accounts
[2019/02/01 09:10:05.147] - net_version
[2019/02/01 09:10:05.149] - eth_accounts
[2019/02/01 09:10:05.150] - eth_getBalance
[2019/02/01 09:10:05.151] - eth_getBalance
[2019/02/01 09:10:05.152] - eth_getBalance
[2019/02/01 09:10:05.154] - eth_getBalance
[2019/02/01 09:10:05.155] - eth_getBalance
[2019/02/01 09:10:05.159] - eth_getBalance
[2019/02/01 09:10:05.161] - eth_getBalance
[2019/02/01 09:10:05.163] - eth_getBalance
[2019/02/01 09:10:05.166] - eth_getBalance
[2019/02/01 09:10:05.169] - eth_getBalance
[2019/02/01 09:10:10.062] - eth_getBlockByNumber
[2019/02/01 09:10:10.146] - net_version
[2019/02/01 09:10:10.148] - eth_accounts
[2019/02/01 09:10:16.447] - net_version
[2019/02/01 09:10:16.450] - eth_accounts
[2019/02/01 09:10:16.452] - eth_getBalance
[2019/02/01 09:10:16.454] - eth_getBalance
[2019/02/01 09:10:16.456] - eth_getBalance
[2019/02/01 09:10:16.458] - eth_getBalance
[2019/02/01 09:10:16.474] - eth_getBalance
[2019/02/01 09:10:16.475] - eth_getBalance
[2019/02/01 09:10:16.477] - eth_getBalance
[2019/02/01 09:10:16.479] - eth_getBalance
[2019/02/01 09:10:16.480] - eth_getBalance
[2019/02/01 09:10:16.481] - eth_getBalance
[2019/02/01 09:10:21.137] - net_version
[2019/02/01 09:10:21.139] - eth_accounts
[2019/02/01 09:10:25.139] - eth_getBlockByNumber
[2019/02/01 09:10:26.136] - net_version
[2019/02/01 09:10:26.139] - eth_accounts
[2019/02/01 09:10:26.143] - eth_getBalance
[2019/02/01 09:10:26.146] - eth_getBalance
[2019/02/01 09:10:26.148] - eth_getBalance
[2019/02/01 09:10:26.154] - eth_getBalance
[2019/02/01 09:10:26.156] - eth_getBalance
[2019/02/01 09:10:26.160] - eth_getBalance
[2019/02/01 09:10:26.161] - eth_getBalance
[2019/02/01 09:10:26.163] - eth_getBalance
[2019/02/01 09:10:26.167] - eth_getBalance
[2019/02/01 09:10:26.168] - eth_getBalance
[2019/02/01 09:10:31.140] - net_version
[2019/02/01 09:10:31.142] - eth_accounts
[2019/02/01 09:10:36.137] - net_version
[2019/02/01 09:10:36.140] - eth_accounts
[2019/02/01 09:10:36.141] - eth_getBalance
[2019/02/01 09:10:36.143] - eth_getBalance
[2019/02/01 09:10:36.145] - eth_getBalance
[2019/02/01 09:10:36.147] - eth_getBalance
[2019/02/01 09:10:36.148] - eth_getBalance
[2019/02/01 09:10:36.150] - eth_getBalance
[2019/02/01 09:10:36.154] - eth_getBalance
[2019/02/01 09:10:36.156] - eth_getBalance
[2019/02/01 09:10:36.158] - eth_getBalance
[2019/02/01 09:10:36.162] - eth_getBalance
[2019/02/01 09:10:40.141] - eth_getBlockByNumber
[2019/02/01 09:10:41.137] - net_version
[2019/02/01 09:10:41.139] - eth_accounts
[2019/02/01 09:10:46.148] - net_version
[2019/02/01 09:10:46.151] - eth_accounts
[2019/02/01 09:10:46.155] - eth_getBalance
[2019/02/01 09:10:46.157] - eth_getBalance
[2019/02/01 09:10:46.163] - eth_getBalance
[2019/02/01 09:10:46.166] - eth_getBalance
[2019/02/01 09:10:46.169] - eth_getBalance
[2019/02/01 09:10:46.173] - eth_getBalance
[2019/02/01 09:10:46.180] - eth_getBalance
[2019/02/01 09:10:46.181] - eth_getBalance
[2019/02/01 09:10:46.185] - eth_getBalance
[2019/02/01 09:10:46.186] - eth_getBalance
[2019/02/01 09:10:51.136] - net_version
[2019/02/01 09:10:51.138] - eth_accounts
[2019/02/01 09:10:55.063] - eth_getBlockByNumber
[2019/02/01 09:10:55.147] - net_version
[2019/02/01 09:10:55.149] - eth_accounts
[2019/02/01 09:10:55.150] - eth_getBalance
[2019/02/01 09:10:55.152] - eth_getBalance
[2019/02/01 09:10:55.154] - eth_getBalance
[2019/02/01 09:10:55.156] - eth_getBalance
[2019/02/01 09:10:55.158] - eth_getBalance
[2019/02/01 09:10:55.162] - eth_getBalance
[2019/02/01 09:10:55.164] - eth_getBalance
[2019/02/01 09:10:55.168] - eth_getBalance
[2019/02/01 09:10:55.170] - eth_getBalance
[2019/02/01 09:10:55.174] - eth_getBalance
[2019/02/01 09:11:00.149] - net_version
[2019/02/01 09:11:00.151] - eth_accounts
[2019/02/01 09:11:05.148] - net_version
[2019/02/01 09:11:05.150] - eth_accounts
[2019/02/01 09:11:05.153] - eth_getBalance
[2019/02/01 09:11:05.157] - eth_getBalance
[2019/02/01 09:11:05.160] - eth_getBalance
[2019/02/01 09:11:05.165] - eth_getBalance
[2019/02/01 09:11:05.171] - eth_getBalance
[2019/02/01 09:11:05.173] - eth_getBalance
[2019/02/01 09:11:05.179] - eth_getBalance
[2019/02/01 09:11:05.181] - eth_getBalance
[2019/02/01 09:11:05.185] - eth_getBalance
[2019/02/01 09:11:05.189] - eth_getBalance
[2019/02/01 09:11:10.060] - eth_getBlockByNumber
[2019/02/01 09:11:10.147] - net_version
[2019/02/01 09:11:10.149] - eth_accounts
[2019/02/01 09:11:15.159] - net_version
[2019/02/01 09:11:15.161] - eth_accounts
[2019/02/01 09:11:15.163] - eth_getBalance
[2019/02/01 09:11:15.164] - eth_getBalance
[2019/02/01 09:11:15.166] - eth_getBalance
[2019/02/01 09:11:15.167] - eth_getBalance
[2019/02/01 09:11:15.172] - eth_getBalance
[2019/02/01 09:11:15.174] - eth_getBalance
[2019/02/01 09:11:15.179] - eth_getBalance
[2019/02/01 09:11:15.180] - eth_getBalance
[2019/02/01 09:11:15.184] - eth_getBalance
[2019/02/01 09:11:15.186] - eth_getBalance
[2019/02/01 09:11:20.148] - net_version
[2019/02/01 09:11:20.149] - eth_accounts
[2019/02/01 09:11:25.061] - eth_getBlockByNumber
[2019/02/01 09:11:25.147] - net_version
[2019/02/01 09:11:25.149] - eth_accounts
[2019/02/01 09:11:25.152] - eth_getBalance
[2019/02/01 09:11:25.155] - eth_getBalance
[2019/02/01 09:11:25.157] - eth_getBalance
[2019/02/01 09:11:25.162] - eth_getBalance
[2019/02/01 09:11:25.165] - eth_getBalance
[2019/02/01 09:11:25.167] - eth_getBalance
[2019/02/01 09:11:25.172] - eth_getBalance
[2019/02/01 09:11:25.174] - eth_getBalance
[2019/02/01 09:11:25.178] - eth_getBalance
[2019/02/01 09:11:25.180] - eth_getBalance
[2019/02/01 09:11:30.150] - net_version
[2019/02/01 09:11:30.152] - eth_accounts
[2019/02/01 09:11:35.147] - net_version
[2019/02/01 09:11:35.149] - eth_accounts
[2019/02/01 09:11:35.152] - eth_getBalance
[2019/02/01 09:11:35.154] - eth_getBalance
[2019/02/01 09:11:35.156] - eth_getBalance
[2019/02/01 09:11:35.158] - eth_getBalance
[2019/02/01 09:11:35.173] - eth_getBalance
[2019/02/01 09:11:35.175] - eth_getBalance
[2019/02/01 09:11:35.176] - eth_getBalance
[2019/02/01 09:11:35.178] - eth_getBalance
[2019/02/01 09:11:35.180] - eth_getBalance
[2019/02/01 09:11:35.183] - eth_getBalance
[2019/02/01 09:11:40.062] - eth_getBlockByNumber
[2019/02/01 09:11:40.146] - net_version
[2019/02/01 09:11:40.149] - eth_accounts
[2019/02/01 09:11:45.159] - net_version
[2019/02/01 09:11:45.161] - eth_accounts
[2019/02/01 09:11:45.163] - eth_getBalance
[2019/02/01 09:11:45.167] - eth_getBalance
[2019/02/01 09:11:45.170] - eth_getBalance
[2019/02/01 09:11:45.177] - eth_getBalance
[2019/02/01 09:11:45.180] - eth_getBalance
[2019/02/01 09:11:45.186] - eth_getBalance
[2019/02/01 09:11:45.189] - eth_getBalance
[2019/02/01 09:11:45.194] - eth_getBalance
[2019/02/01 09:11:45.196] - eth_getBalance
[2019/02/01 09:11:45.199] - eth_getBalance
[2019/02/01 09:11:50.147] - net_version
[2019/02/01 09:11:50.149] - eth_accounts
[2019/02/01 09:11:55.139] - eth_getBlockByNumber
[2019/02/01 09:11:56.138] - net_version
[2019/02/01 09:11:56.144] - eth_accounts
[2019/02/01 09:11:56.147] - eth_getBalance
[2019/02/01 09:11:56.151] - eth_getBalance
[2019/02/01 09:11:56.158] - eth_getBalance
[2019/02/01 09:11:56.163] - eth_getBalance
[2019/02/01 09:11:56.168] - eth_getBalance
[2019/02/01 09:11:56.173] - eth_getBalance
[2019/02/01 09:11:56.178] - eth_getBalance
[2019/02/01 09:11:56.183] - eth_getBalance
[2019/02/01 09:11:56.190] - eth_getBalance
[2019/02/01 09:11:56.195] - eth_getBalance
[2019/02/01 09:12:01.139] - net_version
[2019/02/01 09:12:01.141] - eth_accounts
[2019/02/01 09:12:06.138] - net_version
[2019/02/01 09:12:06.142] - eth_accounts
[2019/02/01 09:12:06.144] - eth_getBalance
[2019/02/01 09:12:06.146] - eth_getBalance
[2019/02/01 09:12:06.147] - eth_getBalance
[2019/02/01 09:12:06.148] - eth_getBalance
[2019/02/01 09:12:06.150] - eth_getBalance
[2019/02/01 09:12:06.155] - eth_getBalance
[2019/02/01 09:12:06.156] - eth_getBalance
[2019/02/01 09:12:06.160] - eth_getBalance
[2019/02/01 09:12:06.162] - eth_getBalance
[2019/02/01 09:12:06.168] - eth_getBalance
[2019/02/01 09:12:10.136] - eth_getBlockByNumber
[2019/02/01 09:12:11.141] - net_version
[2019/02/01 09:12:11.142] - eth_accounts
[2019/02/01 09:12:16.147] - net_version
[2019/02/01 09:12:16.149] - eth_accounts
[2019/02/01 09:12:16.152] - eth_getBalance
[2019/02/01 09:12:16.153] - eth_getBalance
[2019/02/01 09:12:16.157] - eth_getBalance
[2019/02/01 09:12:16.159] - eth_getBalance
[2019/02/01 09:12:16.172] - eth_getBalance
[2019/02/01 09:12:16.174] - eth_getBalance
[2019/02/01 09:12:16.177] - eth_getBalance
[2019/02/01 09:12:16.179] - eth_getBalance
[2019/02/01 09:12:16.183] - eth_getBalance
[2019/02/01 09:12:16.184] - eth_getBalance
[2019/02/01 09:12:21.136] - net_version
[2019/02/01 09:12:21.138] - eth_accounts
[2019/02/01 09:12:25.141] - eth_getBlockByNumber
[2019/02/01 09:12:26.137] - net_version
[2019/02/01 09:12:26.141] - eth_getBalance
[2019/02/01 09:12:26.144] - eth_getBalance
[2019/02/01 09:12:26.146] - eth_accounts
[2019/02/01 09:12:26.147] - eth_getBalance
[2019/02/01 09:12:26.149] - eth_getBalance
[2019/02/01 09:12:26.153] - eth_getBalance
[2019/02/01 09:12:26.155] - eth_getBalance
[2019/02/01 09:12:26.158] - eth_getBalance
[2019/02/01 09:12:26.160] - eth_getBalance
[2019/02/01 09:12:26.163] - eth_getBalance
[2019/02/01 09:12:26.166] - eth_getBalance
[2019/02/01 09:12:31.140] - net_version
[2019/02/01 09:12:31.141] - eth_accounts
[2019/02/01 09:12:36.139] - net_version
[2019/02/01 09:12:36.141] - eth_accounts
[2019/02/01 09:12:36.144] - eth_getBalance
[2019/02/01 09:12:36.149] - eth_getBalance
[2019/02/01 09:12:36.152] - eth_getBalance
[2019/02/01 09:12:36.158] - eth_getBalance
[2019/02/01 09:12:36.170] - eth_getBalance
[2019/02/01 09:12:36.176] - eth_getBalance
[2019/02/01 09:12:36.198] - eth_getBalance
[2019/02/01 09:12:36.201] - eth_getBalance
[2019/02/01 09:12:36.203] - eth_getBalance
[2019/02/01 09:12:36.209] - eth_getBalance
[2019/02/01 09:12:40.136] - eth_getBlockByNumber
[2019/02/01 09:12:41.136] - net_version
[2019/02/01 09:12:41.137] - eth_accounts
