[2019/01/16 15:24:56.607] - Starting server (version 1.2.2) with initial configuration: {"hostname":"192.168.2.208","port":7545,"network_id":5777,"default_balance_ether":100,"total_accounts":10,"unlocked_accounts":[],"locked":false,"vmErrorsOnRPCResponse":true,"verbose":false,"gasLimit":10000000,"gasPrice":2000,"logDirectory":"C:\\Users\\GHOST\\Documents\\GitHub\\EV-Charging-with-Smart-Contract"}
[2019/01/16 15:24:56.761] - eth_accounts
[2019/01/16 15:24:56.763] - eth_gasPrice
[2019/01/16 15:24:56.765] - eth_getBlockByNumber
[2019/01/16 15:24:56.767] - eth_subscribe
[2019/01/16 15:24:56.773] - eth_getBalance
[2019/01/16 15:24:56.776] - eth_getTransactionCount
[2019/01/16 15:24:56.779] - eth_getBalance
[2019/01/16 15:24:56.782] - eth_getTransactionCount
[2019/01/16 15:24:56.785] - eth_getBalance
[2019/01/16 15:24:56.788] - eth_getTransactionCount
[2019/01/16 15:24:56.790] - eth_getBalance
[2019/01/16 15:24:56.793] - eth_getTransactionCount
[2019/01/16 15:24:56.795] - eth_getBalance
[2019/01/16 15:24:56.797] - eth_getTransactionCount
[2019/01/16 15:24:56.799] - eth_getBalance
[2019/01/16 15:24:56.803] - eth_getTransactionCount
[2019/01/16 15:24:56.805] - eth_getBalance
[2019/01/16 15:24:56.807] - eth_getTransactionCount
[2019/01/16 15:24:56.809] - eth_getBalance
[2019/01/16 15:24:56.811] - eth_getTransactionCount
[2019/01/16 15:24:56.813] - eth_getBalance
[2019/01/16 15:24:56.816] - eth_getTransactionCount
[2019/01/16 15:24:56.818] - eth_getBalance
[2019/01/16 15:24:56.819] - eth_getTransactionCount
